{"/home/ibrahem0_0omari/DSA/401_code-challanges/Class_05/linkedList.js": {"path":"/home/ibrahem0_0omari/DSA/401_code-challanges/Class_05/linkedList.js","statementMap":{"0":{"start":{"line":1,"column":13},"end":{"line":1,"column":30}},"1":{"start":{"line":5,"column":4},"end":{"line":5,"column":21}},"2":{"start":{"line":6,"column":4},"end":{"line":6,"column":21}},"3":{"start":{"line":7,"column":4},"end":{"line":7,"column":20}},"4":{"start":{"line":11,"column":18},"end":{"line":11,"column":31}},"5":{"start":{"line":12,"column":4},"end":{"line":18,"column":5}},"6":{"start":{"line":13,"column":6},"end":{"line":13,"column":26}},"7":{"start":{"line":14,"column":6},"end":{"line":14,"column":28}},"8":{"start":{"line":16,"column":6},"end":{"line":16,"column":26}},"9":{"start":{"line":17,"column":6},"end":{"line":17,"column":31}},"10":{"start":{"line":19,"column":4},"end":{"line":19,"column":18}},"11":{"start":{"line":20,"column":4},"end":{"line":20,"column":21}},"12":{"start":{"line":23,"column":18},"end":{"line":23,"column":33}},"13":{"start":{"line":24,"column":4},"end":{"line":32,"column":5}},"14":{"start":{"line":25,"column":6},"end":{"line":25,"column":26}},"15":{"start":{"line":27,"column":24},"end":{"line":27,"column":33}},"16":{"start":{"line":28,"column":6},"end":{"line":30,"column":7}},"17":{"start":{"line":29,"column":8},"end":{"line":29,"column":39}},"18":{"start":{"line":31,"column":6},"end":{"line":31,"column":33}},"19":{"start":{"line":36,"column":18},"end":{"line":36,"column":27}},"20":{"start":{"line":37,"column":4},"end":{"line":43,"column":5}},"21":{"start":{"line":38,"column":6},"end":{"line":41,"column":7}},"22":{"start":{"line":39,"column":8},"end":{"line":39,"column":55}},"23":{"start":{"line":40,"column":8},"end":{"line":40,"column":20}},"24":{"start":{"line":42,"column":6},"end":{"line":42,"column":29}},"25":{"start":{"line":44,"column":4},"end":{"line":44,"column":53}},"26":{"start":{"line":45,"column":4},"end":{"line":45,"column":17}},"27":{"start":{"line":49,"column":18},"end":{"line":49,"column":27}},"28":{"start":{"line":50,"column":4},"end":{"line":52,"column":5}},"29":{"start":{"line":51,"column":6},"end":{"line":51,"column":57}},"30":{"start":{"line":54,"column":17},"end":{"line":54,"column":19}},"31":{"start":{"line":55,"column":4},"end":{"line":58,"column":5}},"32":{"start":{"line":56,"column":6},"end":{"line":56,"column":40}},"33":{"start":{"line":57,"column":6},"end":{"line":57,"column":29}},"34":{"start":{"line":59,"column":4},"end":{"line":59,"column":30}},"35":{"start":{"line":63,"column":11},"end":{"line":63,"column":27}},"36":{"start":{"line":64,"column":0},"end":{"line":64,"column":15}},"37":{"start":{"line":65,"column":0},"end":{"line":65,"column":15}},"38":{"start":{"line":68,"column":0},"end":{"line":68,"column":29}},"39":{"start":{"line":69,"column":0},"end":{"line":69,"column":30}},"40":{"start":{"line":74,"column":0},"end":{"line":74,"column":25}}},"fnMap":{"0":{"name":"(anonymous_0)","decl":{"start":{"line":4,"column":2},"end":{"line":4,"column":3}},"loc":{"start":{"line":4,"column":16},"end":{"line":8,"column":3}},"line":4},"1":{"name":"(anonymous_1)","decl":{"start":{"line":10,"column":2},"end":{"line":10,"column":3}},"loc":{"start":{"line":10,"column":14},"end":{"line":21,"column":3}},"line":10},"2":{"name":"(anonymous_2)","decl":{"start":{"line":22,"column":2},"end":{"line":22,"column":3}},"loc":{"start":{"line":22,"column":16},"end":{"line":33,"column":3}},"line":22},"3":{"name":"(anonymous_3)","decl":{"start":{"line":35,"column":2},"end":{"line":35,"column":3}},"loc":{"start":{"line":35,"column":18},"end":{"line":46,"column":3}},"line":35},"4":{"name":"(anonymous_4)","decl":{"start":{"line":48,"column":2},"end":{"line":48,"column":3}},"loc":{"start":{"line":48,"column":13},"end":{"line":60,"column":3}},"line":48}},"branchMap":{"0":{"loc":{"start":{"line":12,"column":4},"end":{"line":18,"column":5}},"type":"if","locations":[{"start":{"line":12,"column":4},"end":{"line":18,"column":5}},{"start":{"line":12,"column":4},"end":{"line":18,"column":5}}],"line":12},"1":{"loc":{"start":{"line":24,"column":4},"end":{"line":32,"column":5}},"type":"if","locations":[{"start":{"line":24,"column":4},"end":{"line":32,"column":5}},{"start":{"line":24,"column":4},"end":{"line":32,"column":5}}],"line":24},"2":{"loc":{"start":{"line":38,"column":6},"end":{"line":41,"column":7}},"type":"if","locations":[{"start":{"line":38,"column":6},"end":{"line":41,"column":7}},{"start":{"line":38,"column":6},"end":{"line":41,"column":7}}],"line":38},"3":{"loc":{"start":{"line":50,"column":4},"end":{"line":52,"column":5}},"type":"if","locations":[{"start":{"line":50,"column":4},"end":{"line":52,"column":5}},{"start":{"line":50,"column":4},"end":{"line":52,"column":5}}],"line":50}},"s":{"0":1,"1":8,"2":8,"3":8,"4":6,"5":6,"6":6,"7":6,"8":0,"9":0,"10":6,"11":6,"12":7,"13":7,"14":1,"15":6,"16":6,"17":0,"18":6,"19":3,"20":3,"21":6,"22":2,"23":2,"24":4,"25":1,"26":1,"27":2,"28":2,"29":0,"30":2,"31":2,"32":4,"33":4,"34":2,"35":1,"36":1,"37":1,"38":1,"39":1,"40":1},"f":{"0":8,"1":6,"2":7,"3":3,"4":2},"b":{"0":[6,0],"1":[1,6],"2":[2,4],"3":[0,2]},"_coverageSchema":"1a1c01bbd47fc00a2c39e90264f33305004495a9","hash":"1d3f943e16fd5a59e6aa3f4474051033aeb260a6"}
,"/home/ibrahem0_0omari/DSA/401_code-challanges/Class_05/node.js": {"path":"/home/ibrahem0_0omari/DSA/401_code-challanges/Class_05/node.js","statementMap":{"0":{"start":{"line":3,"column":8},"end":{"line":3,"column":25}},"1":{"start":{"line":4,"column":8},"end":{"line":4,"column":23}},"2":{"start":{"line":8,"column":0},"end":{"line":8,"column":20}}},"fnMap":{"0":{"name":"(anonymous_0)","decl":{"start":{"line":2,"column":4},"end":{"line":2,"column":5}},"loc":{"start":{"line":2,"column":22},"end":{"line":5,"column":5}},"line":2}},"branchMap":{},"s":{"0":14,"1":14,"2":2},"f":{"0":14},"b":{},"_coverageSchema":"1a1c01bbd47fc00a2c39e90264f33305004495a9","hash":"41e22b0eb5115728da5bb6eca32cbf63a7b06b7b"}
,"/home/ibrahem0_0omari/DSA/401_code-challanges/Class_06/linkedList.js": {"path":"/home/ibrahem0_0omari/DSA/401_code-challanges/Class_06/linkedList.js","statementMap":{"0":{"start":{"line":1,"column":13},"end":{"line":1,"column":30}},"1":{"start":{"line":5,"column":4},"end":{"line":5,"column":21}},"2":{"start":{"line":6,"column":4},"end":{"line":6,"column":21}},"3":{"start":{"line":7,"column":4},"end":{"line":7,"column":20}},"4":{"start":{"line":11,"column":18},"end":{"line":11,"column":31}},"5":{"start":{"line":12,"column":4},"end":{"line":18,"column":5}},"6":{"start":{"line":13,"column":6},"end":{"line":13,"column":26}},"7":{"start":{"line":14,"column":6},"end":{"line":14,"column":28}},"8":{"start":{"line":16,"column":6},"end":{"line":16,"column":26}},"9":{"start":{"line":17,"column":6},"end":{"line":17,"column":31}},"10":{"start":{"line":19,"column":4},"end":{"line":19,"column":18}},"11":{"start":{"line":20,"column":4},"end":{"line":20,"column":21}},"12":{"start":{"line":23,"column":18},"end":{"line":23,"column":33}},"13":{"start":{"line":24,"column":4},"end":{"line":32,"column":5}},"14":{"start":{"line":25,"column":6},"end":{"line":25,"column":26}},"15":{"start":{"line":27,"column":24},"end":{"line":27,"column":33}},"16":{"start":{"line":28,"column":6},"end":{"line":30,"column":7}},"17":{"start":{"line":29,"column":8},"end":{"line":29,"column":39}},"18":{"start":{"line":31,"column":6},"end":{"line":31,"column":33}},"19":{"start":{"line":36,"column":16},"end":{"line":36,"column":34}},"20":{"start":{"line":37,"column":16},"end":{"line":37,"column":25}},"21":{"start":{"line":38,"column":4},"end":{"line":41,"column":5}},"22":{"start":{"line":39,"column":6},"end":{"line":39,"column":27}},"23":{"start":{"line":40,"column":6},"end":{"line":40,"column":24}},"24":{"start":{"line":42,"column":4},"end":{"line":49,"column":5}},"25":{"start":{"line":43,"column":6},"end":{"line":47,"column":7}},"26":{"start":{"line":44,"column":8},"end":{"line":44,"column":34}},"27":{"start":{"line":45,"column":8},"end":{"line":45,"column":29}},"28":{"start":{"line":46,"column":8},"end":{"line":46,"column":14}},"29":{"start":{"line":48,"column":6},"end":{"line":48,"column":27}},"30":{"start":{"line":52,"column":16},"end":{"line":52,"column":34}},"31":{"start":{"line":53,"column":16},"end":{"line":53,"column":25}},"32":{"start":{"line":54,"column":4},"end":{"line":61,"column":5}},"33":{"start":{"line":55,"column":6},"end":{"line":59,"column":7}},"34":{"start":{"line":56,"column":8},"end":{"line":56,"column":34}},"35":{"start":{"line":57,"column":8},"end":{"line":57,"column":29}},"36":{"start":{"line":58,"column":8},"end":{"line":58,"column":14}},"37":{"start":{"line":60,"column":6},"end":{"line":60,"column":27}},"38":{"start":{"line":65,"column":18},"end":{"line":65,"column":27}},"39":{"start":{"line":66,"column":4},"end":{"line":72,"column":5}},"40":{"start":{"line":67,"column":6},"end":{"line":70,"column":7}},"41":{"start":{"line":68,"column":8},"end":{"line":68,"column":55}},"42":{"start":{"line":69,"column":8},"end":{"line":69,"column":20}},"43":{"start":{"line":71,"column":6},"end":{"line":71,"column":29}},"44":{"start":{"line":73,"column":4},"end":{"line":73,"column":53}},"45":{"start":{"line":74,"column":4},"end":{"line":74,"column":17}},"46":{"start":{"line":79,"column":18},"end":{"line":79,"column":27}},"47":{"start":{"line":80,"column":4},"end":{"line":82,"column":5}},"48":{"start":{"line":81,"column":6},"end":{"line":81,"column":57}},"49":{"start":{"line":84,"column":17},"end":{"line":84,"column":19}},"50":{"start":{"line":85,"column":4},"end":{"line":88,"column":5}},"51":{"start":{"line":86,"column":6},"end":{"line":86,"column":40}},"52":{"start":{"line":87,"column":6},"end":{"line":87,"column":29}},"53":{"start":{"line":89,"column":4},"end":{"line":89,"column":30}},"54":{"start":{"line":93,"column":11},"end":{"line":93,"column":27}},"55":{"start":{"line":94,"column":0},"end":{"line":94,"column":15}},"56":{"start":{"line":95,"column":0},"end":{"line":95,"column":15}},"57":{"start":{"line":96,"column":0},"end":{"line":96,"column":15}},"58":{"start":{"line":97,"column":0},"end":{"line":97,"column":23}},"59":{"start":{"line":98,"column":0},"end":{"line":98,"column":22}},"60":{"start":{"line":101,"column":0},"end":{"line":101,"column":29}},"61":{"start":{"line":102,"column":0},"end":{"line":102,"column":30}},"62":{"start":{"line":103,"column":0},"end":{"line":103,"column":25}}},"fnMap":{"0":{"name":"(anonymous_0)","decl":{"start":{"line":4,"column":2},"end":{"line":4,"column":3}},"loc":{"start":{"line":4,"column":16},"end":{"line":8,"column":3}},"line":4},"1":{"name":"(anonymous_1)","decl":{"start":{"line":10,"column":2},"end":{"line":10,"column":3}},"loc":{"start":{"line":10,"column":14},"end":{"line":21,"column":3}},"line":10},"2":{"name":"(anonymous_2)","decl":{"start":{"line":22,"column":2},"end":{"line":22,"column":3}},"loc":{"start":{"line":22,"column":16},"end":{"line":33,"column":3}},"line":22},"3":{"name":"(anonymous_3)","decl":{"start":{"line":35,"column":2},"end":{"line":35,"column":3}},"loc":{"start":{"line":35,"column":30},"end":{"line":50,"column":3}},"line":35},"4":{"name":"(anonymous_4)","decl":{"start":{"line":51,"column":2},"end":{"line":51,"column":3}},"loc":{"start":{"line":51,"column":29},"end":{"line":62,"column":3}},"line":51},"5":{"name":"(anonymous_5)","decl":{"start":{"line":64,"column":2},"end":{"line":64,"column":3}},"loc":{"start":{"line":64,"column":18},"end":{"line":75,"column":3}},"line":64},"6":{"name":"(anonymous_6)","decl":{"start":{"line":78,"column":2},"end":{"line":78,"column":3}},"loc":{"start":{"line":78,"column":13},"end":{"line":90,"column":3}},"line":78}},"branchMap":{"0":{"loc":{"start":{"line":12,"column":4},"end":{"line":18,"column":5}},"type":"if","locations":[{"start":{"line":12,"column":4},"end":{"line":18,"column":5}},{"start":{"line":12,"column":4},"end":{"line":18,"column":5}}],"line":12},"1":{"loc":{"start":{"line":24,"column":4},"end":{"line":32,"column":5}},"type":"if","locations":[{"start":{"line":24,"column":4},"end":{"line":32,"column":5}},{"start":{"line":24,"column":4},"end":{"line":32,"column":5}}],"line":24},"2":{"loc":{"start":{"line":38,"column":4},"end":{"line":41,"column":5}},"type":"if","locations":[{"start":{"line":38,"column":4},"end":{"line":41,"column":5}},{"start":{"line":38,"column":4},"end":{"line":41,"column":5}}],"line":38},"3":{"loc":{"start":{"line":43,"column":6},"end":{"line":47,"column":7}},"type":"if","locations":[{"start":{"line":43,"column":6},"end":{"line":47,"column":7}},{"start":{"line":43,"column":6},"end":{"line":47,"column":7}}],"line":43},"4":{"loc":{"start":{"line":55,"column":6},"end":{"line":59,"column":7}},"type":"if","locations":[{"start":{"line":55,"column":6},"end":{"line":59,"column":7}},{"start":{"line":55,"column":6},"end":{"line":59,"column":7}}],"line":55},"5":{"loc":{"start":{"line":67,"column":6},"end":{"line":70,"column":7}},"type":"if","locations":[{"start":{"line":67,"column":6},"end":{"line":70,"column":7}},{"start":{"line":67,"column":6},"end":{"line":70,"column":7}}],"line":67},"6":{"loc":{"start":{"line":80,"column":4},"end":{"line":82,"column":5}},"type":"if","locations":[{"start":{"line":80,"column":4},"end":{"line":82,"column":5}},{"start":{"line":80,"column":4},"end":{"line":82,"column":5}}],"line":80}},"s":{"0":1,"1":10,"2":10,"3":10,"4":8,"5":8,"6":8,"7":8,"8":0,"9":0,"10":8,"11":8,"12":12,"13":12,"14":1,"15":11,"16":11,"17":3,"18":11,"19":2,"20":2,"21":2,"22":0,"23":0,"24":2,"25":2,"26":2,"27":2,"28":2,"29":0,"30":2,"31":2,"32":2,"33":2,"34":2,"35":2,"36":2,"37":0,"38":3,"39":3,"40":8,"41":2,"42":2,"43":6,"44":1,"45":1,"46":2,"47":2,"48":0,"49":2,"50":2,"51":7,"52":7,"53":2,"54":1,"55":1,"56":1,"57":1,"58":1,"59":1,"60":1,"61":1,"62":1},"f":{"0":10,"1":8,"2":12,"3":2,"4":2,"5":3,"6":2},"b":{"0":[8,0],"1":[1,11],"2":[0,2],"3":[2,0],"4":[2,0],"5":[2,6],"6":[0,2]},"_coverageSchema":"1a1c01bbd47fc00a2c39e90264f33305004495a9","hash":"687e1fff67a20577cd2356d472d1ffb46479b8e9"}
,"/home/ibrahem0_0omari/DSA/401_code-challanges/Class_06/node.js": {"path":"/home/ibrahem0_0omari/DSA/401_code-challanges/Class_06/node.js","statementMap":{"0":{"start":{"line":3,"column":8},"end":{"line":3,"column":25}},"1":{"start":{"line":4,"column":8},"end":{"line":4,"column":23}},"2":{"start":{"line":8,"column":0},"end":{"line":8,"column":20}}},"fnMap":{"0":{"name":"(anonymous_0)","decl":{"start":{"line":2,"column":4},"end":{"line":2,"column":5}},"loc":{"start":{"line":2,"column":22},"end":{"line":5,"column":5}},"line":2}},"branchMap":{},"s":{"0":25,"1":25,"2":2},"f":{"0":25},"b":{},"_coverageSchema":"1a1c01bbd47fc00a2c39e90264f33305004495a9","hash":"aac660520458e2f31d91a0066fd6a2fa9979139c"}
,"/home/ibrahem0_0omari/DSA/401_code-challanges/Class_07/linkedList.js": {"path":"/home/ibrahem0_0omari/DSA/401_code-challanges/Class_07/linkedList.js","statementMap":{"0":{"start":{"line":1,"column":13},"end":{"line":1,"column":30}},"1":{"start":{"line":5,"column":4},"end":{"line":5,"column":21}},"2":{"start":{"line":6,"column":4},"end":{"line":6,"column":21}},"3":{"start":{"line":7,"column":4},"end":{"line":7,"column":20}},"4":{"start":{"line":11,"column":18},"end":{"line":11,"column":31}},"5":{"start":{"line":12,"column":4},"end":{"line":18,"column":5}},"6":{"start":{"line":13,"column":6},"end":{"line":13,"column":26}},"7":{"start":{"line":14,"column":6},"end":{"line":14,"column":28}},"8":{"start":{"line":16,"column":6},"end":{"line":16,"column":26}},"9":{"start":{"line":17,"column":6},"end":{"line":17,"column":31}},"10":{"start":{"line":19,"column":4},"end":{"line":19,"column":18}},"11":{"start":{"line":20,"column":4},"end":{"line":20,"column":21}},"12":{"start":{"line":23,"column":18},"end":{"line":23,"column":33}},"13":{"start":{"line":24,"column":4},"end":{"line":32,"column":5}},"14":{"start":{"line":25,"column":6},"end":{"line":25,"column":26}},"15":{"start":{"line":27,"column":24},"end":{"line":27,"column":33}},"16":{"start":{"line":28,"column":6},"end":{"line":30,"column":7}},"17":{"start":{"line":29,"column":8},"end":{"line":29,"column":39}},"18":{"start":{"line":31,"column":6},"end":{"line":31,"column":33}},"19":{"start":{"line":36,"column":16},"end":{"line":36,"column":34}},"20":{"start":{"line":37,"column":16},"end":{"line":37,"column":25}},"21":{"start":{"line":38,"column":4},"end":{"line":41,"column":5}},"22":{"start":{"line":39,"column":6},"end":{"line":39,"column":27}},"23":{"start":{"line":40,"column":6},"end":{"line":40,"column":24}},"24":{"start":{"line":42,"column":4},"end":{"line":49,"column":5}},"25":{"start":{"line":43,"column":6},"end":{"line":47,"column":7}},"26":{"start":{"line":44,"column":8},"end":{"line":44,"column":34}},"27":{"start":{"line":45,"column":8},"end":{"line":45,"column":29}},"28":{"start":{"line":46,"column":8},"end":{"line":46,"column":14}},"29":{"start":{"line":48,"column":6},"end":{"line":48,"column":27}},"30":{"start":{"line":52,"column":16},"end":{"line":52,"column":34}},"31":{"start":{"line":53,"column":16},"end":{"line":53,"column":25}},"32":{"start":{"line":54,"column":4},"end":{"line":61,"column":5}},"33":{"start":{"line":55,"column":6},"end":{"line":59,"column":7}},"34":{"start":{"line":56,"column":8},"end":{"line":56,"column":34}},"35":{"start":{"line":57,"column":8},"end":{"line":57,"column":29}},"36":{"start":{"line":58,"column":8},"end":{"line":58,"column":14}},"37":{"start":{"line":60,"column":6},"end":{"line":60,"column":27}},"38":{"start":{"line":65,"column":18},"end":{"line":65,"column":27}},"39":{"start":{"line":66,"column":4},"end":{"line":72,"column":5}},"40":{"start":{"line":67,"column":6},"end":{"line":70,"column":7}},"41":{"start":{"line":68,"column":8},"end":{"line":68,"column":55}},"42":{"start":{"line":69,"column":8},"end":{"line":69,"column":20}},"43":{"start":{"line":71,"column":6},"end":{"line":71,"column":29}},"44":{"start":{"line":73,"column":4},"end":{"line":73,"column":53}},"45":{"start":{"line":74,"column":4},"end":{"line":74,"column":17}},"46":{"start":{"line":78,"column":24},"end":{"line":78,"column":26}},"47":{"start":{"line":79,"column":18},"end":{"line":79,"column":27}},"48":{"start":{"line":80,"column":6},"end":{"line":83,"column":7}},"49":{"start":{"line":81,"column":8},"end":{"line":81,"column":42}},"50":{"start":{"line":82,"column":8},"end":{"line":82,"column":29}},"51":{"start":{"line":85,"column":6},"end":{"line":85,"column":30}},"52":{"start":{"line":87,"column":6},"end":{"line":91,"column":7}},"53":{"start":{"line":88,"column":8},"end":{"line":88,"column":23}},"54":{"start":{"line":90,"column":8},"end":{"line":90,"column":31}},"55":{"start":{"line":95,"column":18},"end":{"line":95,"column":27}},"56":{"start":{"line":96,"column":4},"end":{"line":98,"column":5}},"57":{"start":{"line":97,"column":6},"end":{"line":97,"column":57}},"58":{"start":{"line":100,"column":17},"end":{"line":100,"column":19}},"59":{"start":{"line":101,"column":4},"end":{"line":104,"column":5}},"60":{"start":{"line":102,"column":6},"end":{"line":102,"column":40}},"61":{"start":{"line":103,"column":6},"end":{"line":103,"column":29}},"62":{"start":{"line":105,"column":4},"end":{"line":105,"column":30}},"63":{"start":{"line":109,"column":11},"end":{"line":109,"column":27}},"64":{"start":{"line":110,"column":0},"end":{"line":110,"column":15}},"65":{"start":{"line":111,"column":0},"end":{"line":111,"column":15}},"66":{"start":{"line":112,"column":0},"end":{"line":112,"column":15}},"67":{"start":{"line":113,"column":0},"end":{"line":113,"column":15}},"68":{"start":{"line":114,"column":0},"end":{"line":114,"column":23}},"69":{"start":{"line":115,"column":0},"end":{"line":115,"column":24}},"70":{"start":{"line":118,"column":0},"end":{"line":118,"column":29}},"71":{"start":{"line":119,"column":0},"end":{"line":119,"column":30}},"72":{"start":{"line":120,"column":0},"end":{"line":120,"column":32}},"73":{"start":{"line":121,"column":0},"end":{"line":121,"column":25}}},"fnMap":{"0":{"name":"(anonymous_0)","decl":{"start":{"line":4,"column":2},"end":{"line":4,"column":3}},"loc":{"start":{"line":4,"column":16},"end":{"line":8,"column":3}},"line":4},"1":{"name":"(anonymous_1)","decl":{"start":{"line":10,"column":2},"end":{"line":10,"column":3}},"loc":{"start":{"line":10,"column":14},"end":{"line":21,"column":3}},"line":10},"2":{"name":"(anonymous_2)","decl":{"start":{"line":22,"column":2},"end":{"line":22,"column":3}},"loc":{"start":{"line":22,"column":16},"end":{"line":33,"column":3}},"line":22},"3":{"name":"(anonymous_3)","decl":{"start":{"line":35,"column":2},"end":{"line":35,"column":3}},"loc":{"start":{"line":35,"column":30},"end":{"line":50,"column":3}},"line":35},"4":{"name":"(anonymous_4)","decl":{"start":{"line":51,"column":2},"end":{"line":51,"column":3}},"loc":{"start":{"line":51,"column":29},"end":{"line":62,"column":3}},"line":51},"5":{"name":"(anonymous_5)","decl":{"start":{"line":64,"column":2},"end":{"line":64,"column":3}},"loc":{"start":{"line":64,"column":18},"end":{"line":75,"column":3}},"line":64},"6":{"name":"(anonymous_6)","decl":{"start":{"line":76,"column":2},"end":{"line":76,"column":3}},"loc":{"start":{"line":76,"column":15},"end":{"line":92,"column":3}},"line":76},"7":{"name":"(anonymous_7)","decl":{"start":{"line":94,"column":2},"end":{"line":94,"column":3}},"loc":{"start":{"line":94,"column":13},"end":{"line":106,"column":3}},"line":94}},"branchMap":{"0":{"loc":{"start":{"line":12,"column":4},"end":{"line":18,"column":5}},"type":"if","locations":[{"start":{"line":12,"column":4},"end":{"line":18,"column":5}},{"start":{"line":12,"column":4},"end":{"line":18,"column":5}}],"line":12},"1":{"loc":{"start":{"line":24,"column":4},"end":{"line":32,"column":5}},"type":"if","locations":[{"start":{"line":24,"column":4},"end":{"line":32,"column":5}},{"start":{"line":24,"column":4},"end":{"line":32,"column":5}}],"line":24},"2":{"loc":{"start":{"line":38,"column":4},"end":{"line":41,"column":5}},"type":"if","locations":[{"start":{"line":38,"column":4},"end":{"line":41,"column":5}},{"start":{"line":38,"column":4},"end":{"line":41,"column":5}}],"line":38},"3":{"loc":{"start":{"line":43,"column":6},"end":{"line":47,"column":7}},"type":"if","locations":[{"start":{"line":43,"column":6},"end":{"line":47,"column":7}},{"start":{"line":43,"column":6},"end":{"line":47,"column":7}}],"line":43},"4":{"loc":{"start":{"line":55,"column":6},"end":{"line":59,"column":7}},"type":"if","locations":[{"start":{"line":55,"column":6},"end":{"line":59,"column":7}},{"start":{"line":55,"column":6},"end":{"line":59,"column":7}}],"line":55},"5":{"loc":{"start":{"line":67,"column":6},"end":{"line":70,"column":7}},"type":"if","locations":[{"start":{"line":67,"column":6},"end":{"line":70,"column":7}},{"start":{"line":67,"column":6},"end":{"line":70,"column":7}}],"line":67},"6":{"loc":{"start":{"line":87,"column":6},"end":{"line":91,"column":7}},"type":"if","locations":[{"start":{"line":87,"column":6},"end":{"line":91,"column":7}},{"start":{"line":87,"column":6},"end":{"line":91,"column":7}}],"line":87},"7":{"loc":{"start":{"line":87,"column":9},"end":{"line":87,"column":39}},"type":"binary-expr","locations":[{"start":{"line":87,"column":9},"end":{"line":87,"column":32}},{"start":{"line":87,"column":36},"end":{"line":87,"column":39}}],"line":87},"8":{"loc":{"start":{"line":96,"column":4},"end":{"line":98,"column":5}},"type":"if","locations":[{"start":{"line":96,"column":4},"end":{"line":98,"column":5}},{"start":{"line":96,"column":4},"end":{"line":98,"column":5}}],"line":96}},"s":{"0":1,"1":15,"2":15,"3":15,"4":13,"5":13,"6":13,"7":13,"8":0,"9":0,"10":13,"11":13,"12":25,"13":25,"14":1,"15":24,"16":24,"17":17,"18":24,"19":3,"20":3,"21":3,"22":1,"23":1,"24":3,"25":8,"26":2,"27":2,"28":2,"29":6,"30":1,"31":1,"32":1,"33":1,"34":1,"35":1,"36":1,"37":0,"38":3,"39":3,"40":10,"41":2,"42":2,"43":8,"44":1,"45":1,"46":6,"47":6,"48":6,"49":23,"50":23,"51":6,"52":6,"53":3,"54":3,"55":2,"56":2,"57":0,"58":2,"59":2,"60":8,"61":8,"62":2,"63":1,"64":1,"65":1,"66":1,"67":1,"68":1,"69":1,"70":1,"71":1,"72":1,"73":1},"f":{"0":15,"1":13,"2":25,"3":3,"4":1,"5":3,"6":6,"7":2},"b":{"0":[13,0],"1":[1,24],"2":[1,2],"3":[2,6],"4":[1,0],"5":[2,8],"6":[3,3],"7":[6,4],"8":[0,2]},"_coverageSchema":"1a1c01bbd47fc00a2c39e90264f33305004495a9","hash":"dd69cd9f281069b68533137824301b97fa65790f"}
,"/home/ibrahem0_0omari/DSA/401_code-challanges/Class_07/node.js": {"path":"/home/ibrahem0_0omari/DSA/401_code-challanges/Class_07/node.js","statementMap":{"0":{"start":{"line":3,"column":8},"end":{"line":3,"column":25}},"1":{"start":{"line":4,"column":8},"end":{"line":4,"column":23}},"2":{"start":{"line":8,"column":0},"end":{"line":8,"column":20}}},"fnMap":{"0":{"name":"(anonymous_0)","decl":{"start":{"line":2,"column":4},"end":{"line":2,"column":5}},"loc":{"start":{"line":2,"column":22},"end":{"line":5,"column":5}},"line":2}},"branchMap":{},"s":{"0":43,"1":43,"2":2},"f":{"0":43},"b":{},"_coverageSchema":"1a1c01bbd47fc00a2c39e90264f33305004495a9","hash":"bee744ac14299a18012455df33bce8c1944e07c8"}
,"/home/ibrahem0_0omari/DSA/401_code-challanges/Class_08/linkedList.js": {"path":"/home/ibrahem0_0omari/DSA/401_code-challanges/Class_08/linkedList.js","statementMap":{"0":{"start":{"line":1,"column":13},"end":{"line":1,"column":30}},"1":{"start":{"line":5,"column":4},"end":{"line":5,"column":21}},"2":{"start":{"line":6,"column":4},"end":{"line":6,"column":21}},"3":{"start":{"line":7,"column":4},"end":{"line":7,"column":20}},"4":{"start":{"line":11,"column":18},"end":{"line":11,"column":31}},"5":{"start":{"line":12,"column":4},"end":{"line":18,"column":5}},"6":{"start":{"line":13,"column":6},"end":{"line":13,"column":26}},"7":{"start":{"line":14,"column":6},"end":{"line":14,"column":28}},"8":{"start":{"line":16,"column":6},"end":{"line":16,"column":26}},"9":{"start":{"line":17,"column":6},"end":{"line":17,"column":31}},"10":{"start":{"line":19,"column":4},"end":{"line":19,"column":18}},"11":{"start":{"line":20,"column":4},"end":{"line":20,"column":21}},"12":{"start":{"line":23,"column":18},"end":{"line":23,"column":33}},"13":{"start":{"line":24,"column":4},"end":{"line":33,"column":5}},"14":{"start":{"line":25,"column":6},"end":{"line":25,"column":26}},"15":{"start":{"line":27,"column":24},"end":{"line":27,"column":33}},"16":{"start":{"line":28,"column":6},"end":{"line":30,"column":7}},"17":{"start":{"line":29,"column":8},"end":{"line":29,"column":39}},"18":{"start":{"line":31,"column":6},"end":{"line":31,"column":33}},"19":{"start":{"line":32,"column":6},"end":{"line":32,"column":20}},"20":{"start":{"line":37,"column":18},"end":{"line":37,"column":36}},"21":{"start":{"line":38,"column":18},"end":{"line":38,"column":27}},"22":{"start":{"line":39,"column":4},"end":{"line":42,"column":5}},"23":{"start":{"line":40,"column":6},"end":{"line":40,"column":29}},"24":{"start":{"line":41,"column":6},"end":{"line":41,"column":26}},"25":{"start":{"line":43,"column":4},"end":{"line":50,"column":5}},"26":{"start":{"line":44,"column":6},"end":{"line":48,"column":7}},"27":{"start":{"line":45,"column":8},"end":{"line":45,"column":36}},"28":{"start":{"line":46,"column":8},"end":{"line":46,"column":31}},"29":{"start":{"line":47,"column":8},"end":{"line":47,"column":14}},"30":{"start":{"line":49,"column":6},"end":{"line":49,"column":29}},"31":{"start":{"line":53,"column":18},"end":{"line":53,"column":36}},"32":{"start":{"line":54,"column":18},"end":{"line":54,"column":27}},"33":{"start":{"line":55,"column":4},"end":{"line":62,"column":5}},"34":{"start":{"line":56,"column":6},"end":{"line":60,"column":7}},"35":{"start":{"line":57,"column":8},"end":{"line":57,"column":36}},"36":{"start":{"line":58,"column":8},"end":{"line":58,"column":31}},"37":{"start":{"line":59,"column":8},"end":{"line":59,"column":14}},"38":{"start":{"line":61,"column":6},"end":{"line":61,"column":29}},"39":{"start":{"line":66,"column":18},"end":{"line":66,"column":27}},"40":{"start":{"line":67,"column":4},"end":{"line":73,"column":5}},"41":{"start":{"line":68,"column":6},"end":{"line":71,"column":7}},"42":{"start":{"line":69,"column":8},"end":{"line":69,"column":55}},"43":{"start":{"line":70,"column":8},"end":{"line":70,"column":20}},"44":{"start":{"line":72,"column":6},"end":{"line":72,"column":29}},"45":{"start":{"line":74,"column":4},"end":{"line":74,"column":53}},"46":{"start":{"line":75,"column":4},"end":{"line":75,"column":17}},"47":{"start":{"line":78,"column":24},"end":{"line":78,"column":26}},"48":{"start":{"line":79,"column":18},"end":{"line":79,"column":27}},"49":{"start":{"line":80,"column":4},"end":{"line":83,"column":5}},"50":{"start":{"line":81,"column":6},"end":{"line":81,"column":40}},"51":{"start":{"line":82,"column":6},"end":{"line":82,"column":29}},"52":{"start":{"line":85,"column":4},"end":{"line":85,"column":28}},"53":{"start":{"line":87,"column":4},"end":{"line":91,"column":5}},"54":{"start":{"line":88,"column":6},"end":{"line":88,"column":21}},"55":{"start":{"line":90,"column":6},"end":{"line":90,"column":30}},"56":{"start":{"line":95,"column":13},"end":{"line":95,"column":29}},"57":{"start":{"line":96,"column":4},"end":{"line":98,"column":5}},"58":{"start":{"line":97,"column":6},"end":{"line":97,"column":16}},"59":{"start":{"line":100,"column":4},"end":{"line":102,"column":5}},"60":{"start":{"line":101,"column":6},"end":{"line":101,"column":16}},"61":{"start":{"line":103,"column":4},"end":{"line":103,"column":29}},"62":{"start":{"line":104,"column":4},"end":{"line":104,"column":29}},"63":{"start":{"line":106,"column":20},"end":{"line":106,"column":27}},"64":{"start":{"line":107,"column":20},"end":{"line":107,"column":27}},"65":{"start":{"line":108,"column":4},"end":{"line":118,"column":5}},"66":{"start":{"line":109,"column":6},"end":{"line":112,"column":7}},"67":{"start":{"line":110,"column":8},"end":{"line":110,"column":40}},"68":{"start":{"line":111,"column":8},"end":{"line":111,"column":35}},"69":{"start":{"line":114,"column":6},"end":{"line":117,"column":7}},"70":{"start":{"line":115,"column":8},"end":{"line":115,"column":40}},"71":{"start":{"line":116,"column":8},"end":{"line":116,"column":35}},"72":{"start":{"line":120,"column":4},"end":{"line":120,"column":14}},"73":{"start":{"line":124,"column":18},"end":{"line":124,"column":27}},"74":{"start":{"line":125,"column":4},"end":{"line":127,"column":5}},"75":{"start":{"line":126,"column":6},"end":{"line":126,"column":57}},"76":{"start":{"line":129,"column":17},"end":{"line":129,"column":19}},"77":{"start":{"line":130,"column":4},"end":{"line":133,"column":5}},"78":{"start":{"line":131,"column":6},"end":{"line":131,"column":40}},"79":{"start":{"line":132,"column":6},"end":{"line":132,"column":29}},"80":{"start":{"line":134,"column":4},"end":{"line":134,"column":30}},"81":{"start":{"line":138,"column":11},"end":{"line":138,"column":27}},"82":{"start":{"line":139,"column":0},"end":{"line":139,"column":15}},"83":{"start":{"line":140,"column":0},"end":{"line":140,"column":15}},"84":{"start":{"line":141,"column":0},"end":{"line":141,"column":15}},"85":{"start":{"line":142,"column":0},"end":{"line":142,"column":15}},"86":{"start":{"line":143,"column":0},"end":{"line":143,"column":24}},"87":{"start":{"line":144,"column":0},"end":{"line":144,"column":25}},"88":{"start":{"line":146,"column":9},"end":{"line":146,"column":25}},"89":{"start":{"line":147,"column":0},"end":{"line":147,"column":13}},"90":{"start":{"line":148,"column":0},"end":{"line":148,"column":13}},"91":{"start":{"line":149,"column":0},"end":{"line":149,"column":13}},"92":{"start":{"line":150,"column":0},"end":{"line":150,"column":13}},"93":{"start":{"line":151,"column":0},"end":{"line":151,"column":14}},"94":{"start":{"line":152,"column":9},"end":{"line":152,"column":25}},"95":{"start":{"line":153,"column":0},"end":{"line":153,"column":13}},"96":{"start":{"line":154,"column":0},"end":{"line":154,"column":13}},"97":{"start":{"line":155,"column":0},"end":{"line":155,"column":13}},"98":{"start":{"line":157,"column":0},"end":{"line":157,"column":51}},"99":{"start":{"line":160,"column":0},"end":{"line":160,"column":28}}},"fnMap":{"0":{"name":"(anonymous_0)","decl":{"start":{"line":4,"column":2},"end":{"line":4,"column":3}},"loc":{"start":{"line":4,"column":16},"end":{"line":8,"column":3}},"line":4},"1":{"name":"(anonymous_1)","decl":{"start":{"line":10,"column":2},"end":{"line":10,"column":3}},"loc":{"start":{"line":10,"column":14},"end":{"line":21,"column":3}},"line":10},"2":{"name":"(anonymous_2)","decl":{"start":{"line":22,"column":2},"end":{"line":22,"column":3}},"loc":{"start":{"line":22,"column":16},"end":{"line":34,"column":3}},"line":22},"3":{"name":"(anonymous_3)","decl":{"start":{"line":36,"column":2},"end":{"line":36,"column":3}},"loc":{"start":{"line":36,"column":32},"end":{"line":51,"column":3}},"line":36},"4":{"name":"(anonymous_4)","decl":{"start":{"line":52,"column":2},"end":{"line":52,"column":3}},"loc":{"start":{"line":52,"column":31},"end":{"line":63,"column":3}},"line":52},"5":{"name":"(anonymous_5)","decl":{"start":{"line":65,"column":2},"end":{"line":65,"column":3}},"loc":{"start":{"line":65,"column":18},"end":{"line":76,"column":3}},"line":65},"6":{"name":"(anonymous_6)","decl":{"start":{"line":77,"column":2},"end":{"line":77,"column":3}},"loc":{"start":{"line":77,"column":16},"end":{"line":92,"column":3}},"line":77},"7":{"name":"(anonymous_7)","decl":{"start":{"line":94,"column":2},"end":{"line":94,"column":3}},"loc":{"start":{"line":94,"column":24},"end":{"line":121,"column":3}},"line":94},"8":{"name":"(anonymous_8)","decl":{"start":{"line":123,"column":2},"end":{"line":123,"column":3}},"loc":{"start":{"line":123,"column":13},"end":{"line":135,"column":3}},"line":123}},"branchMap":{"0":{"loc":{"start":{"line":12,"column":4},"end":{"line":18,"column":5}},"type":"if","locations":[{"start":{"line":12,"column":4},"end":{"line":18,"column":5}},{"start":{"line":12,"column":4},"end":{"line":18,"column":5}}],"line":12},"1":{"loc":{"start":{"line":24,"column":4},"end":{"line":33,"column":5}},"type":"if","locations":[{"start":{"line":24,"column":4},"end":{"line":33,"column":5}},{"start":{"line":24,"column":4},"end":{"line":33,"column":5}}],"line":24},"2":{"loc":{"start":{"line":39,"column":4},"end":{"line":42,"column":5}},"type":"if","locations":[{"start":{"line":39,"column":4},"end":{"line":42,"column":5}},{"start":{"line":39,"column":4},"end":{"line":42,"column":5}}],"line":39},"3":{"loc":{"start":{"line":44,"column":6},"end":{"line":48,"column":7}},"type":"if","locations":[{"start":{"line":44,"column":6},"end":{"line":48,"column":7}},{"start":{"line":44,"column":6},"end":{"line":48,"column":7}}],"line":44},"4":{"loc":{"start":{"line":56,"column":6},"end":{"line":60,"column":7}},"type":"if","locations":[{"start":{"line":56,"column":6},"end":{"line":60,"column":7}},{"start":{"line":56,"column":6},"end":{"line":60,"column":7}}],"line":56},"5":{"loc":{"start":{"line":68,"column":6},"end":{"line":71,"column":7}},"type":"if","locations":[{"start":{"line":68,"column":6},"end":{"line":71,"column":7}},{"start":{"line":68,"column":6},"end":{"line":71,"column":7}}],"line":68},"6":{"loc":{"start":{"line":87,"column":4},"end":{"line":91,"column":5}},"type":"if","locations":[{"start":{"line":87,"column":4},"end":{"line":91,"column":5}},{"start":{"line":87,"column":4},"end":{"line":91,"column":5}}],"line":87},"7":{"loc":{"start":{"line":87,"column":8},"end":{"line":87,"column":42}},"type":"binary-expr","locations":[{"start":{"line":87,"column":8},"end":{"line":87,"column":33}},{"start":{"line":87,"column":37},"end":{"line":87,"column":42}}],"line":87},"8":{"loc":{"start":{"line":96,"column":4},"end":{"line":98,"column":5}},"type":"if","locations":[{"start":{"line":96,"column":4},"end":{"line":98,"column":5}},{"start":{"line":96,"column":4},"end":{"line":98,"column":5}}],"line":96},"9":{"loc":{"start":{"line":100,"column":4},"end":{"line":102,"column":5}},"type":"if","locations":[{"start":{"line":100,"column":4},"end":{"line":102,"column":5}},{"start":{"line":100,"column":4},"end":{"line":102,"column":5}}],"line":100},"10":{"loc":{"start":{"line":108,"column":11},"end":{"line":108,"column":43}},"type":"binary-expr","locations":[{"start":{"line":108,"column":11},"end":{"line":108,"column":25}},{"start":{"line":108,"column":29},"end":{"line":108,"column":43}}],"line":108},"11":{"loc":{"start":{"line":109,"column":6},"end":{"line":112,"column":7}},"type":"if","locations":[{"start":{"line":109,"column":6},"end":{"line":112,"column":7}},{"start":{"line":109,"column":6},"end":{"line":112,"column":7}}],"line":109},"12":{"loc":{"start":{"line":114,"column":6},"end":{"line":117,"column":7}},"type":"if","locations":[{"start":{"line":114,"column":6},"end":{"line":117,"column":7}},{"start":{"line":114,"column":6},"end":{"line":117,"column":7}}],"line":114},"13":{"loc":{"start":{"line":125,"column":4},"end":{"line":127,"column":5}},"type":"if","locations":[{"start":{"line":125,"column":4},"end":{"line":127,"column":5}},{"start":{"line":125,"column":4},"end":{"line":127,"column":5}}],"line":125}},"s":{"0":1,"1":30,"2":30,"3":30,"4":23,"5":23,"6":23,"7":23,"8":0,"9":0,"10":23,"11":23,"12":64,"13":64,"14":1,"15":63,"16":63,"17":91,"18":63,"19":63,"20":3,"21":3,"22":3,"23":1,"24":1,"25":3,"26":8,"27":2,"28":2,"29":2,"30":6,"31":1,"32":1,"33":1,"34":1,"35":1,"36":1,"37":1,"38":0,"39":2,"40":2,"41":4,"42":1,"43":1,"44":3,"45":1,"46":1,"47":5,"48":5,"49":5,"50":17,"51":17,"52":5,"53":5,"54":3,"55":2,"56":4,"57":4,"58":1,"59":3,"60":0,"61":3,"62":3,"63":3,"64":3,"65":3,"66":10,"67":10,"68":10,"69":10,"70":6,"71":6,"72":3,"73":5,"74":5,"75":0,"76":5,"77":5,"78":29,"79":29,"80":5,"81":1,"82":1,"83":1,"84":1,"85":1,"86":1,"87":1,"88":1,"89":1,"90":1,"91":1,"92":1,"93":1,"94":1,"95":1,"96":1,"97":1,"98":1,"99":1},"f":{"0":30,"1":23,"2":64,"3":3,"4":1,"5":2,"6":5,"7":4,"8":5},"b":{"0":[23,0],"1":[1,63],"2":[1,2],"3":[2,6],"4":[1,0],"5":[1,3],"6":[3,2],"7":[5,3],"8":[1,3],"9":[0,3],"10":[13,3],"11":[10,0],"12":[6,4],"13":[0,5]},"_coverageSchema":"1a1c01bbd47fc00a2c39e90264f33305004495a9","hash":"f58849388422c79cee69109df0608e7eba1dfa89"}
,"/home/ibrahem0_0omari/DSA/401_code-challanges/Class_08/node.js": {"path":"/home/ibrahem0_0omari/DSA/401_code-challanges/Class_08/node.js","statementMap":{"0":{"start":{"line":3,"column":8},"end":{"line":3,"column":25}},"1":{"start":{"line":4,"column":8},"end":{"line":4,"column":23}},"2":{"start":{"line":8,"column":0},"end":{"line":8,"column":20}}},"fnMap":{"0":{"name":"(anonymous_0)","decl":{"start":{"line":2,"column":4},"end":{"line":2,"column":5}},"loc":{"start":{"line":2,"column":22},"end":{"line":5,"column":5}},"line":2}},"branchMap":{},"s":{"0":92,"1":92,"2":2},"f":{"0":92},"b":{},"_coverageSchema":"1a1c01bbd47fc00a2c39e90264f33305004495a9","hash":"720552b1273073bd0a11a51f2a453d37a5398f57"}
,"/home/ibrahem0_0omari/DSA/401_code-challanges/Class_09/linkedList.js": {"path":"/home/ibrahem0_0omari/DSA/401_code-challanges/Class_09/linkedList.js","statementMap":{"0":{"start":{"line":1,"column":13},"end":{"line":1,"column":30}},"1":{"start":{"line":5,"column":4},"end":{"line":5,"column":21}},"2":{"start":{"line":6,"column":4},"end":{"line":6,"column":21}},"3":{"start":{"line":7,"column":4},"end":{"line":7,"column":20}},"4":{"start":{"line":11,"column":18},"end":{"line":11,"column":31}},"5":{"start":{"line":12,"column":4},"end":{"line":18,"column":5}},"6":{"start":{"line":13,"column":6},"end":{"line":13,"column":26}},"7":{"start":{"line":14,"column":6},"end":{"line":14,"column":28}},"8":{"start":{"line":16,"column":6},"end":{"line":16,"column":26}},"9":{"start":{"line":17,"column":6},"end":{"line":17,"column":31}},"10":{"start":{"line":19,"column":4},"end":{"line":19,"column":18}},"11":{"start":{"line":20,"column":4},"end":{"line":20,"column":21}},"12":{"start":{"line":23,"column":18},"end":{"line":23,"column":33}},"13":{"start":{"line":24,"column":4},"end":{"line":33,"column":5}},"14":{"start":{"line":25,"column":6},"end":{"line":25,"column":26}},"15":{"start":{"line":27,"column":24},"end":{"line":27,"column":33}},"16":{"start":{"line":28,"column":6},"end":{"line":30,"column":7}},"17":{"start":{"line":29,"column":8},"end":{"line":29,"column":39}},"18":{"start":{"line":31,"column":6},"end":{"line":31,"column":33}},"19":{"start":{"line":32,"column":6},"end":{"line":32,"column":20}},"20":{"start":{"line":37,"column":18},"end":{"line":37,"column":36}},"21":{"start":{"line":38,"column":18},"end":{"line":38,"column":27}},"22":{"start":{"line":39,"column":4},"end":{"line":42,"column":5}},"23":{"start":{"line":40,"column":6},"end":{"line":40,"column":29}},"24":{"start":{"line":41,"column":6},"end":{"line":41,"column":26}},"25":{"start":{"line":43,"column":4},"end":{"line":50,"column":5}},"26":{"start":{"line":44,"column":6},"end":{"line":48,"column":7}},"27":{"start":{"line":45,"column":8},"end":{"line":45,"column":36}},"28":{"start":{"line":46,"column":8},"end":{"line":46,"column":31}},"29":{"start":{"line":47,"column":8},"end":{"line":47,"column":14}},"30":{"start":{"line":49,"column":6},"end":{"line":49,"column":29}},"31":{"start":{"line":53,"column":18},"end":{"line":53,"column":36}},"32":{"start":{"line":54,"column":18},"end":{"line":54,"column":27}},"33":{"start":{"line":55,"column":4},"end":{"line":62,"column":5}},"34":{"start":{"line":56,"column":6},"end":{"line":60,"column":7}},"35":{"start":{"line":57,"column":8},"end":{"line":57,"column":36}},"36":{"start":{"line":58,"column":8},"end":{"line":58,"column":31}},"37":{"start":{"line":59,"column":8},"end":{"line":59,"column":14}},"38":{"start":{"line":61,"column":6},"end":{"line":61,"column":29}},"39":{"start":{"line":66,"column":18},"end":{"line":66,"column":27}},"40":{"start":{"line":67,"column":4},"end":{"line":73,"column":5}},"41":{"start":{"line":68,"column":6},"end":{"line":71,"column":7}},"42":{"start":{"line":69,"column":8},"end":{"line":69,"column":55}},"43":{"start":{"line":70,"column":8},"end":{"line":70,"column":20}},"44":{"start":{"line":72,"column":6},"end":{"line":72,"column":29}},"45":{"start":{"line":74,"column":4},"end":{"line":74,"column":53}},"46":{"start":{"line":75,"column":4},"end":{"line":75,"column":17}},"47":{"start":{"line":78,"column":24},"end":{"line":78,"column":26}},"48":{"start":{"line":79,"column":18},"end":{"line":79,"column":27}},"49":{"start":{"line":80,"column":4},"end":{"line":83,"column":5}},"50":{"start":{"line":81,"column":6},"end":{"line":81,"column":40}},"51":{"start":{"line":82,"column":6},"end":{"line":82,"column":29}},"52":{"start":{"line":85,"column":4},"end":{"line":85,"column":28}},"53":{"start":{"line":87,"column":4},"end":{"line":91,"column":5}},"54":{"start":{"line":88,"column":6},"end":{"line":88,"column":21}},"55":{"start":{"line":90,"column":6},"end":{"line":90,"column":30}},"56":{"start":{"line":95,"column":13},"end":{"line":95,"column":29}},"57":{"start":{"line":96,"column":4},"end":{"line":98,"column":5}},"58":{"start":{"line":97,"column":6},"end":{"line":97,"column":16}},"59":{"start":{"line":100,"column":4},"end":{"line":102,"column":5}},"60":{"start":{"line":101,"column":6},"end":{"line":101,"column":16}},"61":{"start":{"line":103,"column":4},"end":{"line":103,"column":29}},"62":{"start":{"line":104,"column":4},"end":{"line":104,"column":29}},"63":{"start":{"line":106,"column":20},"end":{"line":106,"column":27}},"64":{"start":{"line":107,"column":20},"end":{"line":107,"column":27}},"65":{"start":{"line":108,"column":4},"end":{"line":118,"column":5}},"66":{"start":{"line":109,"column":6},"end":{"line":112,"column":7}},"67":{"start":{"line":110,"column":8},"end":{"line":110,"column":40}},"68":{"start":{"line":111,"column":8},"end":{"line":111,"column":35}},"69":{"start":{"line":114,"column":6},"end":{"line":117,"column":7}},"70":{"start":{"line":115,"column":8},"end":{"line":115,"column":40}},"71":{"start":{"line":116,"column":8},"end":{"line":116,"column":35}},"72":{"start":{"line":120,"column":4},"end":{"line":120,"column":14}},"73":{"start":{"line":123,"column":16},"end":{"line":123,"column":25}},"74":{"start":{"line":124,"column":16},"end":{"line":124,"column":25}},"75":{"start":{"line":125,"column":19},"end":{"line":125,"column":21}},"76":{"start":{"line":127,"column":4},"end":{"line":129,"column":5}},"77":{"start":{"line":128,"column":6},"end":{"line":128,"column":19}},"78":{"start":{"line":131,"column":4},"end":{"line":135,"column":5}},"79":{"start":{"line":132,"column":6},"end":{"line":132,"column":30}},"80":{"start":{"line":133,"column":6},"end":{"line":133,"column":33}},"81":{"start":{"line":134,"column":6},"end":{"line":134,"column":25}},"82":{"start":{"line":136,"column":4},"end":{"line":138,"column":5}},"83":{"start":{"line":137,"column":6},"end":{"line":137,"column":33}},"84":{"start":{"line":140,"column":4},"end":{"line":145,"column":5}},"85":{"start":{"line":141,"column":6},"end":{"line":141,"column":25}},"86":{"start":{"line":142,"column":6},"end":{"line":144,"column":7}},"87":{"start":{"line":143,"column":8},"end":{"line":143,"column":21}},"88":{"start":{"line":146,"column":4},"end":{"line":146,"column":16}},"89":{"start":{"line":150,"column":18},"end":{"line":150,"column":27}},"90":{"start":{"line":151,"column":4},"end":{"line":153,"column":5}},"91":{"start":{"line":152,"column":6},"end":{"line":152,"column":57}},"92":{"start":{"line":155,"column":17},"end":{"line":155,"column":19}},"93":{"start":{"line":156,"column":4},"end":{"line":159,"column":5}},"94":{"start":{"line":157,"column":6},"end":{"line":157,"column":40}},"95":{"start":{"line":158,"column":6},"end":{"line":158,"column":29}},"96":{"start":{"line":160,"column":4},"end":{"line":160,"column":30}},"97":{"start":{"line":164,"column":11},"end":{"line":164,"column":27}},"98":{"start":{"line":165,"column":0},"end":{"line":165,"column":17}},"99":{"start":{"line":166,"column":0},"end":{"line":166,"column":17}},"100":{"start":{"line":167,"column":0},"end":{"line":167,"column":17}},"101":{"start":{"line":168,"column":0},"end":{"line":168,"column":17}},"102":{"start":{"line":169,"column":0},"end":{"line":169,"column":17}},"103":{"start":{"line":171,"column":12},"end":{"line":171,"column":28}},"104":{"start":{"line":172,"column":0},"end":{"line":172,"column":18}},"105":{"start":{"line":173,"column":0},"end":{"line":173,"column":18}},"106":{"start":{"line":174,"column":0},"end":{"line":174,"column":18}},"107":{"start":{"line":175,"column":0},"end":{"line":175,"column":18}},"108":{"start":{"line":177,"column":12},"end":{"line":177,"column":28}},"109":{"start":{"line":178,"column":0},"end":{"line":178,"column":18}},"110":{"start":{"line":179,"column":0},"end":{"line":179,"column":18}},"111":{"start":{"line":180,"column":0},"end":{"line":180,"column":18}},"112":{"start":{"line":181,"column":0},"end":{"line":181,"column":18}},"113":{"start":{"line":182,"column":0},"end":{"line":182,"column":18}},"114":{"start":{"line":183,"column":0},"end":{"line":183,"column":18}},"115":{"start":{"line":184,"column":0},"end":{"line":184,"column":18}},"116":{"start":{"line":186,"column":0},"end":{"line":186,"column":31}},"117":{"start":{"line":187,"column":0},"end":{"line":187,"column":32}},"118":{"start":{"line":188,"column":0},"end":{"line":188,"column":32}},"119":{"start":{"line":192,"column":9},"end":{"line":192,"column":25}},"120":{"start":{"line":193,"column":0},"end":{"line":193,"column":13}},"121":{"start":{"line":194,"column":0},"end":{"line":194,"column":13}},"122":{"start":{"line":195,"column":0},"end":{"line":195,"column":13}},"123":{"start":{"line":196,"column":0},"end":{"line":196,"column":13}},"124":{"start":{"line":197,"column":0},"end":{"line":197,"column":14}},"125":{"start":{"line":198,"column":9},"end":{"line":198,"column":25}},"126":{"start":{"line":199,"column":0},"end":{"line":199,"column":13}},"127":{"start":{"line":200,"column":0},"end":{"line":200,"column":13}},"128":{"start":{"line":201,"column":0},"end":{"line":201,"column":13}},"129":{"start":{"line":206,"column":0},"end":{"line":206,"column":28}}},"fnMap":{"0":{"name":"(anonymous_0)","decl":{"start":{"line":4,"column":2},"end":{"line":4,"column":3}},"loc":{"start":{"line":4,"column":16},"end":{"line":8,"column":3}},"line":4},"1":{"name":"(anonymous_1)","decl":{"start":{"line":10,"column":2},"end":{"line":10,"column":3}},"loc":{"start":{"line":10,"column":14},"end":{"line":21,"column":3}},"line":10},"2":{"name":"(anonymous_2)","decl":{"start":{"line":22,"column":2},"end":{"line":22,"column":3}},"loc":{"start":{"line":22,"column":16},"end":{"line":34,"column":3}},"line":22},"3":{"name":"(anonymous_3)","decl":{"start":{"line":36,"column":2},"end":{"line":36,"column":3}},"loc":{"start":{"line":36,"column":32},"end":{"line":51,"column":3}},"line":36},"4":{"name":"(anonymous_4)","decl":{"start":{"line":52,"column":2},"end":{"line":52,"column":3}},"loc":{"start":{"line":52,"column":31},"end":{"line":63,"column":3}},"line":52},"5":{"name":"(anonymous_5)","decl":{"start":{"line":65,"column":2},"end":{"line":65,"column":3}},"loc":{"start":{"line":65,"column":18},"end":{"line":76,"column":3}},"line":65},"6":{"name":"(anonymous_6)","decl":{"start":{"line":77,"column":2},"end":{"line":77,"column":3}},"loc":{"start":{"line":77,"column":16},"end":{"line":92,"column":3}},"line":77},"7":{"name":"(anonymous_7)","decl":{"start":{"line":94,"column":2},"end":{"line":94,"column":3}},"loc":{"start":{"line":94,"column":24},"end":{"line":121,"column":3}},"line":94},"8":{"name":"(anonymous_8)","decl":{"start":{"line":122,"column":2},"end":{"line":122,"column":3}},"loc":{"start":{"line":122,"column":15},"end":{"line":147,"column":3}},"line":122},"9":{"name":"(anonymous_9)","decl":{"start":{"line":149,"column":2},"end":{"line":149,"column":3}},"loc":{"start":{"line":149,"column":13},"end":{"line":161,"column":3}},"line":149}},"branchMap":{"0":{"loc":{"start":{"line":12,"column":4},"end":{"line":18,"column":5}},"type":"if","locations":[{"start":{"line":12,"column":4},"end":{"line":18,"column":5}},{"start":{"line":12,"column":4},"end":{"line":18,"column":5}}],"line":12},"1":{"loc":{"start":{"line":24,"column":4},"end":{"line":33,"column":5}},"type":"if","locations":[{"start":{"line":24,"column":4},"end":{"line":33,"column":5}},{"start":{"line":24,"column":4},"end":{"line":33,"column":5}}],"line":24},"2":{"loc":{"start":{"line":39,"column":4},"end":{"line":42,"column":5}},"type":"if","locations":[{"start":{"line":39,"column":4},"end":{"line":42,"column":5}},{"start":{"line":39,"column":4},"end":{"line":42,"column":5}}],"line":39},"3":{"loc":{"start":{"line":44,"column":6},"end":{"line":48,"column":7}},"type":"if","locations":[{"start":{"line":44,"column":6},"end":{"line":48,"column":7}},{"start":{"line":44,"column":6},"end":{"line":48,"column":7}}],"line":44},"4":{"loc":{"start":{"line":56,"column":6},"end":{"line":60,"column":7}},"type":"if","locations":[{"start":{"line":56,"column":6},"end":{"line":60,"column":7}},{"start":{"line":56,"column":6},"end":{"line":60,"column":7}}],"line":56},"5":{"loc":{"start":{"line":68,"column":6},"end":{"line":71,"column":7}},"type":"if","locations":[{"start":{"line":68,"column":6},"end":{"line":71,"column":7}},{"start":{"line":68,"column":6},"end":{"line":71,"column":7}}],"line":68},"6":{"loc":{"start":{"line":87,"column":4},"end":{"line":91,"column":5}},"type":"if","locations":[{"start":{"line":87,"column":4},"end":{"line":91,"column":5}},{"start":{"line":87,"column":4},"end":{"line":91,"column":5}}],"line":87},"7":{"loc":{"start":{"line":87,"column":8},"end":{"line":87,"column":42}},"type":"binary-expr","locations":[{"start":{"line":87,"column":8},"end":{"line":87,"column":33}},{"start":{"line":87,"column":37},"end":{"line":87,"column":42}}],"line":87},"8":{"loc":{"start":{"line":96,"column":4},"end":{"line":98,"column":5}},"type":"if","locations":[{"start":{"line":96,"column":4},"end":{"line":98,"column":5}},{"start":{"line":96,"column":4},"end":{"line":98,"column":5}}],"line":96},"9":{"loc":{"start":{"line":100,"column":4},"end":{"line":102,"column":5}},"type":"if","locations":[{"start":{"line":100,"column":4},"end":{"line":102,"column":5}},{"start":{"line":100,"column":4},"end":{"line":102,"column":5}}],"line":100},"10":{"loc":{"start":{"line":108,"column":11},"end":{"line":108,"column":43}},"type":"binary-expr","locations":[{"start":{"line":108,"column":11},"end":{"line":108,"column":25}},{"start":{"line":108,"column":29},"end":{"line":108,"column":43}}],"line":108},"11":{"loc":{"start":{"line":109,"column":6},"end":{"line":112,"column":7}},"type":"if","locations":[{"start":{"line":109,"column":6},"end":{"line":112,"column":7}},{"start":{"line":109,"column":6},"end":{"line":112,"column":7}}],"line":109},"12":{"loc":{"start":{"line":114,"column":6},"end":{"line":117,"column":7}},"type":"if","locations":[{"start":{"line":114,"column":6},"end":{"line":117,"column":7}},{"start":{"line":114,"column":6},"end":{"line":117,"column":7}}],"line":114},"13":{"loc":{"start":{"line":127,"column":4},"end":{"line":129,"column":5}},"type":"if","locations":[{"start":{"line":127,"column":4},"end":{"line":129,"column":5}},{"start":{"line":127,"column":4},"end":{"line":129,"column":5}}],"line":127},"14":{"loc":{"start":{"line":131,"column":11},"end":{"line":131,"column":56}},"type":"binary-expr","locations":[{"start":{"line":131,"column":11},"end":{"line":131,"column":29}},{"start":{"line":131,"column":33},"end":{"line":131,"column":56}}],"line":131},"15":{"loc":{"start":{"line":136,"column":4},"end":{"line":138,"column":5}},"type":"if","locations":[{"start":{"line":136,"column":4},"end":{"line":138,"column":5}},{"start":{"line":136,"column":4},"end":{"line":138,"column":5}}],"line":136},"16":{"loc":{"start":{"line":142,"column":6},"end":{"line":144,"column":7}},"type":"if","locations":[{"start":{"line":142,"column":6},"end":{"line":144,"column":7}},{"start":{"line":142,"column":6},"end":{"line":144,"column":7}}],"line":142},"17":{"loc":{"start":{"line":151,"column":4},"end":{"line":153,"column":5}},"type":"if","locations":[{"start":{"line":151,"column":4},"end":{"line":153,"column":5}},{"start":{"line":151,"column":4},"end":{"line":153,"column":5}}],"line":151}},"s":{"0":1,"1":31,"2":31,"3":31,"4":24,"5":24,"6":24,"7":24,"8":0,"9":0,"10":24,"11":24,"12":67,"13":67,"14":1,"15":66,"16":66,"17":91,"18":66,"19":66,"20":1,"21":1,"22":1,"23":0,"24":0,"25":1,"26":1,"27":1,"28":1,"29":1,"30":0,"31":1,"32":1,"33":1,"34":1,"35":1,"36":1,"37":1,"38":0,"39":2,"40":2,"41":4,"42":1,"43":1,"44":3,"45":1,"46":1,"47":5,"48":5,"49":5,"50":17,"51":17,"52":5,"53":5,"54":3,"55":2,"56":3,"57":3,"58":1,"59":2,"60":0,"61":2,"62":2,"63":2,"64":2,"65":2,"66":6,"67":6,"68":6,"69":6,"70":4,"71":4,"72":2,"73":3,"74":3,"75":3,"76":3,"77":0,"78":3,"79":6,"80":6,"81":6,"82":3,"83":1,"84":3,"85":6,"86":6,"87":1,"88":2,"89":4,"90":4,"91":0,"92":4,"93":4,"94":21,"95":21,"96":4,"97":1,"98":1,"99":1,"100":1,"101":1,"102":1,"103":1,"104":1,"105":1,"106":1,"107":1,"108":1,"109":1,"110":1,"111":1,"112":1,"113":1,"114":1,"115":1,"116":1,"117":1,"118":1,"119":1,"120":1,"121":1,"122":1,"123":1,"124":1,"125":1,"126":1,"127":1,"128":1,"129":1},"f":{"0":31,"1":24,"2":67,"3":1,"4":1,"5":2,"6":5,"7":3,"8":3,"9":4},"b":{"0":[24,0],"1":[1,66],"2":[0,1],"3":[1,0],"4":[1,0],"5":[1,3],"6":[3,2],"7":[5,3],"8":[1,2],"9":[0,2],"10":[8,2],"11":[6,0],"12":[4,2],"13":[0,3],"14":[9,7],"15":[1,2],"16":[1,5],"17":[0,4]},"_coverageSchema":"1a1c01bbd47fc00a2c39e90264f33305004495a9","hash":"6ef7237a348a83cfeaf6a75d25fbe8944c2314de"}
,"/home/ibrahem0_0omari/DSA/401_code-challanges/Class_09/node.js": {"path":"/home/ibrahem0_0omari/DSA/401_code-challanges/Class_09/node.js","statementMap":{"0":{"start":{"line":3,"column":8},"end":{"line":3,"column":25}},"1":{"start":{"line":4,"column":8},"end":{"line":4,"column":23}},"2":{"start":{"line":8,"column":0},"end":{"line":8,"column":20}}},"fnMap":{"0":{"name":"(anonymous_0)","decl":{"start":{"line":2,"column":4},"end":{"line":2,"column":5}},"loc":{"start":{"line":2,"column":22},"end":{"line":5,"column":5}},"line":2}},"branchMap":{},"s":{"0":94,"1":94,"2":2},"f":{"0":94},"b":{},"_coverageSchema":"1a1c01bbd47fc00a2c39e90264f33305004495a9","hash":"9a184208fde05bae2c1ce72b963858c8bcde7b35"}
,"/home/ibrahem0_0omari/DSA/401_code-challanges/Class_10/node.js": {"path":"/home/ibrahem0_0omari/DSA/401_code-challanges/Class_10/node.js","statementMap":{"0":{"start":{"line":5,"column":8},"end":{"line":5,"column":25}},"1":{"start":{"line":6,"column":8},"end":{"line":6,"column":23}},"2":{"start":{"line":11,"column":0},"end":{"line":11,"column":20}}},"fnMap":{"0":{"name":"(anonymous_0)","decl":{"start":{"line":4,"column":4},"end":{"line":4,"column":5}},"loc":{"start":{"line":4,"column":27},"end":{"line":7,"column":5}},"line":4}},"branchMap":{},"s":{"0":37,"1":37,"2":3},"f":{"0":37},"b":{},"_coverageSchema":"1a1c01bbd47fc00a2c39e90264f33305004495a9","hash":"d0606a54025cf9f67195d27125d0adc1ed33bfac"}
,"/home/ibrahem0_0omari/DSA/401_code-challanges/Class_10/queue.js": {"path":"/home/ibrahem0_0omari/DSA/401_code-challanges/Class_10/queue.js","statementMap":{"0":{"start":{"line":3,"column":11},"end":{"line":3,"column":28}},"1":{"start":{"line":7,"column":8},"end":{"line":7,"column":24}},"2":{"start":{"line":8,"column":8},"end":{"line":8,"column":23}},"3":{"start":{"line":12,"column":20},"end":{"line":12,"column":35}},"4":{"start":{"line":13,"column":8},"end":{"line":19,"column":9}},"5":{"start":{"line":14,"column":12},"end":{"line":14,"column":31}},"6":{"start":{"line":15,"column":12},"end":{"line":15,"column":30}},"7":{"start":{"line":17,"column":12},"end":{"line":17,"column":35}},"8":{"start":{"line":18,"column":12},"end":{"line":18,"column":30}},"9":{"start":{"line":23,"column":8},"end":{"line":25,"column":9}},"10":{"start":{"line":24,"column":12},"end":{"line":24,"column":50}},"11":{"start":{"line":26,"column":21},"end":{"line":26,"column":31}},"12":{"start":{"line":27,"column":8},"end":{"line":29,"column":9}},"13":{"start":{"line":28,"column":12},"end":{"line":28,"column":27}},"14":{"start":{"line":30,"column":8},"end":{"line":30,"column":35}},"15":{"start":{"line":32,"column":8},"end":{"line":32,"column":30}},"16":{"start":{"line":37,"column":8},"end":{"line":40,"column":9}},"17":{"start":{"line":38,"column":12},"end":{"line":38,"column":35}},"18":{"start":{"line":39,"column":12},"end":{"line":39,"column":24}},"19":{"start":{"line":41,"column":8},"end":{"line":41,"column":46}},"20":{"start":{"line":45,"column":8},"end":{"line":47,"column":9}},"21":{"start":{"line":46,"column":12},"end":{"line":46,"column":50}},"22":{"start":{"line":48,"column":8},"end":{"line":48,"column":38}},"23":{"start":{"line":53,"column":12},"end":{"line":53,"column":23}},"24":{"start":{"line":54,"column":0},"end":{"line":54,"column":19}},"25":{"start":{"line":55,"column":0},"end":{"line":55,"column":19}},"26":{"start":{"line":56,"column":0},"end":{"line":56,"column":19}},"27":{"start":{"line":58,"column":0},"end":{"line":58,"column":19}},"28":{"start":{"line":60,"column":0},"end":{"line":60,"column":21}}},"fnMap":{"0":{"name":"(anonymous_0)","decl":{"start":{"line":6,"column":4},"end":{"line":6,"column":5}},"loc":{"start":{"line":6,"column":17},"end":{"line":9,"column":5}},"line":6},"1":{"name":"(anonymous_1)","decl":{"start":{"line":11,"column":4},"end":{"line":11,"column":5}},"loc":{"start":{"line":11,"column":18},"end":{"line":20,"column":5}},"line":11},"2":{"name":"(anonymous_2)","decl":{"start":{"line":22,"column":4},"end":{"line":22,"column":5}},"loc":{"start":{"line":22,"column":13},"end":{"line":33,"column":5}},"line":22},"3":{"name":"(anonymous_3)","decl":{"start":{"line":35,"column":4},"end":{"line":35,"column":5}},"loc":{"start":{"line":35,"column":10},"end":{"line":42,"column":5}},"line":35},"4":{"name":"(anonymous_4)","decl":{"start":{"line":44,"column":4},"end":{"line":44,"column":5}},"loc":{"start":{"line":44,"column":13},"end":{"line":49,"column":5}},"line":44}},"branchMap":{"0":{"loc":{"start":{"line":13,"column":8},"end":{"line":19,"column":9}},"type":"if","locations":[{"start":{"line":13,"column":8},"end":{"line":19,"column":9}},{"start":{"line":13,"column":8},"end":{"line":19,"column":9}}],"line":13},"1":{"loc":{"start":{"line":23,"column":8},"end":{"line":25,"column":9}},"type":"if","locations":[{"start":{"line":23,"column":8},"end":{"line":25,"column":9}},{"start":{"line":23,"column":8},"end":{"line":25,"column":9}}],"line":23},"2":{"loc":{"start":{"line":27,"column":8},"end":{"line":29,"column":9}},"type":"if","locations":[{"start":{"line":27,"column":8},"end":{"line":29,"column":9}},{"start":{"line":27,"column":8},"end":{"line":29,"column":9}}],"line":27},"3":{"loc":{"start":{"line":37,"column":8},"end":{"line":40,"column":9}},"type":"if","locations":[{"start":{"line":37,"column":8},"end":{"line":40,"column":9}},{"start":{"line":37,"column":8},"end":{"line":40,"column":9}}],"line":37},"4":{"loc":{"start":{"line":45,"column":8},"end":{"line":47,"column":9}},"type":"if","locations":[{"start":{"line":45,"column":8},"end":{"line":47,"column":9}},{"start":{"line":45,"column":8},"end":{"line":47,"column":9}}],"line":45}},"s":{"0":1,"1":8,"2":8,"3":17,"4":17,"5":7,"6":7,"7":10,"8":10,"9":4,"10":0,"11":4,"12":4,"13":1,"14":4,"15":4,"16":1,"17":1,"18":1,"19":0,"20":1,"21":0,"22":1,"23":1,"24":1,"25":1,"26":1,"27":1,"28":1},"f":{"0":8,"1":17,"2":4,"3":1,"4":1},"b":{"0":[7,10],"1":[0,4],"2":[1,3],"3":[1,0],"4":[0,1]},"_coverageSchema":"1a1c01bbd47fc00a2c39e90264f33305004495a9","hash":"67689ed099b4433b259ed71e192182c1694ee2cd"}
,"/home/ibrahem0_0omari/DSA/401_code-challanges/Class_10/stack.js": {"path":"/home/ibrahem0_0omari/DSA/401_code-challanges/Class_10/stack.js","statementMap":{"0":{"start":{"line":3,"column":11},"end":{"line":3,"column":28}},"1":{"start":{"line":7,"column":8},"end":{"line":7,"column":21}},"2":{"start":{"line":11,"column":20},"end":{"line":11,"column":35}},"3":{"start":{"line":12,"column":8},"end":{"line":15,"column":9}},"4":{"start":{"line":13,"column":12},"end":{"line":13,"column":34}},"5":{"start":{"line":14,"column":12},"end":{"line":14,"column":29}},"6":{"start":{"line":16,"column":8},"end":{"line":16,"column":25}},"7":{"start":{"line":20,"column":8},"end":{"line":25,"column":9}},"8":{"start":{"line":21,"column":25},"end":{"line":21,"column":33}},"9":{"start":{"line":22,"column":28},"end":{"line":22,"column":42}},"10":{"start":{"line":23,"column":12},"end":{"line":23,"column":34}},"11":{"start":{"line":24,"column":12},"end":{"line":24,"column":31}},"12":{"start":{"line":26,"column":8},"end":{"line":26,"column":46}},"13":{"start":{"line":31,"column":8},"end":{"line":34,"column":9}},"14":{"start":{"line":32,"column":12},"end":{"line":32,"column":33}},"15":{"start":{"line":33,"column":12},"end":{"line":33,"column":25}},"16":{"start":{"line":35,"column":8},"end":{"line":35,"column":46}},"17":{"start":{"line":39,"column":8},"end":{"line":41,"column":9}},"18":{"start":{"line":40,"column":12},"end":{"line":40,"column":50}},"19":{"start":{"line":42,"column":8},"end":{"line":42,"column":38}},"20":{"start":{"line":46,"column":12},"end":{"line":46,"column":23}},"21":{"start":{"line":47,"column":0},"end":{"line":47,"column":14}},"22":{"start":{"line":48,"column":0},"end":{"line":48,"column":14}},"23":{"start":{"line":49,"column":0},"end":{"line":49,"column":14}},"24":{"start":{"line":51,"column":0},"end":{"line":51,"column":28}},"25":{"start":{"line":54,"column":0},"end":{"line":54,"column":21}}},"fnMap":{"0":{"name":"(anonymous_0)","decl":{"start":{"line":6,"column":4},"end":{"line":6,"column":5}},"loc":{"start":{"line":6,"column":17},"end":{"line":8,"column":5}},"line":6},"1":{"name":"(anonymous_1)","decl":{"start":{"line":10,"column":4},"end":{"line":10,"column":5}},"loc":{"start":{"line":10,"column":15},"end":{"line":17,"column":5}},"line":10},"2":{"name":"(anonymous_2)","decl":{"start":{"line":19,"column":4},"end":{"line":19,"column":5}},"loc":{"start":{"line":19,"column":9},"end":{"line":27,"column":5}},"line":19},"3":{"name":"(anonymous_3)","decl":{"start":{"line":29,"column":4},"end":{"line":29,"column":5}},"loc":{"start":{"line":29,"column":10},"end":{"line":36,"column":5}},"line":29},"4":{"name":"(anonymous_4)","decl":{"start":{"line":38,"column":4},"end":{"line":38,"column":5}},"loc":{"start":{"line":38,"column":13},"end":{"line":43,"column":5}},"line":38}},"branchMap":{"0":{"loc":{"start":{"line":12,"column":8},"end":{"line":15,"column":9}},"type":"if","locations":[{"start":{"line":12,"column":8},"end":{"line":15,"column":9}},{"start":{"line":12,"column":8},"end":{"line":15,"column":9}}],"line":12},"1":{"loc":{"start":{"line":20,"column":8},"end":{"line":25,"column":9}},"type":"if","locations":[{"start":{"line":20,"column":8},"end":{"line":25,"column":9}},{"start":{"line":20,"column":8},"end":{"line":25,"column":9}}],"line":20},"2":{"loc":{"start":{"line":31,"column":8},"end":{"line":34,"column":9}},"type":"if","locations":[{"start":{"line":31,"column":8},"end":{"line":34,"column":9}},{"start":{"line":31,"column":8},"end":{"line":34,"column":9}}],"line":31},"3":{"loc":{"start":{"line":39,"column":8},"end":{"line":41,"column":9}},"type":"if","locations":[{"start":{"line":39,"column":8},"end":{"line":41,"column":9}},{"start":{"line":39,"column":8},"end":{"line":41,"column":9}}],"line":39}},"s":{"0":1,"1":8,"2":19,"3":19,"4":12,"5":12,"6":19,"7":4,"8":4,"9":4,"10":4,"11":4,"12":0,"13":1,"14":1,"15":1,"16":0,"17":1,"18":0,"19":1,"20":1,"21":1,"22":1,"23":1,"24":1,"25":1},"f":{"0":8,"1":19,"2":4,"3":1,"4":1},"b":{"0":[12,7],"1":[4,0],"2":[1,0],"3":[0,1]},"_coverageSchema":"1a1c01bbd47fc00a2c39e90264f33305004495a9","hash":"271e052ed8250f0b4fdf348f7bce2cae0d45e545"}
,"/home/ibrahem0_0omari/DSA/401_code-challanges/Class_11/node.js": {"path":"/home/ibrahem0_0omari/DSA/401_code-challanges/Class_11/node.js","statementMap":{"0":{"start":{"line":5,"column":4},"end":{"line":5,"column":23}},"1":{"start":{"line":6,"column":4},"end":{"line":6,"column":21}},"2":{"start":{"line":10,"column":0},"end":{"line":10,"column":22}}},"fnMap":{"0":{"name":"(anonymous_0)","decl":{"start":{"line":4,"column":2},"end":{"line":4,"column":3}},"loc":{"start":{"line":4,"column":21},"end":{"line":7,"column":3}},"line":4}},"branchMap":{},"s":{"0":41,"1":41,"2":3},"f":{"0":41},"b":{},"_coverageSchema":"1a1c01bbd47fc00a2c39e90264f33305004495a9","hash":"dd94ef040b908ccb794c56e226f554114b74bfa0"}
,"/home/ibrahem0_0omari/DSA/401_code-challanges/Class_11/queue.js": {"path":"/home/ibrahem0_0omari/DSA/401_code-challanges/Class_11/queue.js","statementMap":{"0":{"start":{"line":4,"column":12},"end":{"line":4,"column":30}},"1":{"start":{"line":10,"column":6},"end":{"line":10,"column":35}},"2":{"start":{"line":11,"column":6},"end":{"line":11,"column":34}},"3":{"start":{"line":12,"column":6},"end":{"line":12,"column":20}},"4":{"start":{"line":16,"column":8},"end":{"line":16,"column":35}},"5":{"start":{"line":17,"column":8},"end":{"line":17,"column":65}},"6":{"start":{"line":21,"column":8},"end":{"line":24,"column":9}},"7":{"start":{"line":22,"column":12},"end":{"line":22,"column":73}},"8":{"start":{"line":23,"column":12},"end":{"line":23,"column":39}},"9":{"start":{"line":26,"column":8},"end":{"line":28,"column":9}},"10":{"start":{"line":27,"column":12},"end":{"line":27,"column":52}},"11":{"start":{"line":30,"column":8},"end":{"line":30,"column":69}},"12":{"start":{"line":31,"column":8},"end":{"line":31,"column":35}},"13":{"start":{"line":37,"column":8},"end":{"line":40,"column":9}},"14":{"start":{"line":38,"column":12},"end":{"line":38,"column":35}},"15":{"start":{"line":39,"column":12},"end":{"line":39,"column":24}},"16":{"start":{"line":41,"column":8},"end":{"line":41,"column":46}},"17":{"start":{"line":45,"column":8},"end":{"line":47,"column":9}},"18":{"start":{"line":46,"column":12},"end":{"line":46,"column":50}},"19":{"start":{"line":48,"column":8},"end":{"line":48,"column":38}},"20":{"start":{"line":53,"column":12},"end":{"line":53,"column":23}},"21":{"start":{"line":54,"column":0},"end":{"line":54,"column":19}},"22":{"start":{"line":55,"column":0},"end":{"line":55,"column":19}},"23":{"start":{"line":56,"column":0},"end":{"line":56,"column":19}},"24":{"start":{"line":58,"column":0},"end":{"line":58,"column":19}},"25":{"start":{"line":60,"column":0},"end":{"line":60,"column":21}}},"fnMap":{"0":{"name":"(anonymous_0)","decl":{"start":{"line":7,"column":4},"end":{"line":7,"column":5}},"loc":{"start":{"line":7,"column":17},"end":{"line":13,"column":5}},"line":7},"1":{"name":"(anonymous_1)","decl":{"start":{"line":15,"column":4},"end":{"line":15,"column":5}},"loc":{"start":{"line":15,"column":18},"end":{"line":18,"column":5}},"line":15},"2":{"name":"(anonymous_2)","decl":{"start":{"line":20,"column":4},"end":{"line":20,"column":5}},"loc":{"start":{"line":20,"column":13},"end":{"line":32,"column":5}},"line":20},"3":{"name":"(anonymous_3)","decl":{"start":{"line":35,"column":4},"end":{"line":35,"column":5}},"loc":{"start":{"line":35,"column":10},"end":{"line":42,"column":5}},"line":35},"4":{"name":"(anonymous_4)","decl":{"start":{"line":44,"column":4},"end":{"line":44,"column":5}},"loc":{"start":{"line":44,"column":13},"end":{"line":49,"column":5}},"line":44}},"branchMap":{"0":{"loc":{"start":{"line":21,"column":8},"end":{"line":24,"column":9}},"type":"if","locations":[{"start":{"line":21,"column":8},"end":{"line":24,"column":9}},{"start":{"line":21,"column":8},"end":{"line":24,"column":9}}],"line":21},"1":{"loc":{"start":{"line":37,"column":8},"end":{"line":40,"column":9}},"type":"if","locations":[{"start":{"line":37,"column":8},"end":{"line":40,"column":9}},{"start":{"line":37,"column":8},"end":{"line":40,"column":9}}],"line":37},"2":{"loc":{"start":{"line":45,"column":8},"end":{"line":47,"column":9}},"type":"if","locations":[{"start":{"line":45,"column":8},"end":{"line":47,"column":9}},{"start":{"line":45,"column":8},"end":{"line":47,"column":9}}],"line":45}},"s":{"0":1,"1":4,"2":4,"3":4,"4":12,"5":12,"6":4,"7":2,"8":2,"9":2,"10":6,"11":2,"12":2,"13":0,"14":0,"15":0,"16":0,"17":0,"18":0,"19":0,"20":1,"21":1,"22":1,"23":1,"24":1,"25":1},"f":{"0":4,"1":12,"2":4,"3":0,"4":0},"b":{"0":[2,2],"1":[0,0],"2":[0,0]},"_coverageSchema":"1a1c01bbd47fc00a2c39e90264f33305004495a9","hash":"9882220e1a5d91b55cda73cf2f6db0233d1a5a90"}
,"/home/ibrahem0_0omari/DSA/401_code-challanges/Class_11/stack.js": {"path":"/home/ibrahem0_0omari/DSA/401_code-challanges/Class_11/stack.js","statementMap":{"0":{"start":{"line":3,"column":13},"end":{"line":3,"column":30}},"1":{"start":{"line":7,"column":4},"end":{"line":7,"column":22}},"2":{"start":{"line":8,"column":4},"end":{"line":8,"column":21}},"3":{"start":{"line":9,"column":4},"end":{"line":9,"column":20}},"4":{"start":{"line":13,"column":18},"end":{"line":13,"column":33}},"5":{"start":{"line":14,"column":4},"end":{"line":21,"column":5}},"6":{"start":{"line":15,"column":6},"end":{"line":15,"column":27}},"7":{"start":{"line":16,"column":6},"end":{"line":16,"column":26}},"8":{"start":{"line":18,"column":17},"end":{"line":18,"column":27}},"9":{"start":{"line":19,"column":6},"end":{"line":19,"column":27}},"10":{"start":{"line":20,"column":6},"end":{"line":20,"column":29}},"11":{"start":{"line":22,"column":4},"end":{"line":22,"column":18}},"12":{"start":{"line":23,"column":4},"end":{"line":23,"column":23}},"13":{"start":{"line":27,"column":4},"end":{"line":27,"column":39}},"14":{"start":{"line":27,"column":27},"end":{"line":27,"column":39}},"15":{"start":{"line":29,"column":15},"end":{"line":29,"column":25}},"16":{"start":{"line":31,"column":4},"end":{"line":33,"column":5}},"17":{"start":{"line":32,"column":6},"end":{"line":32,"column":23}},"18":{"start":{"line":34,"column":4},"end":{"line":34,"column":33}},"19":{"start":{"line":35,"column":4},"end":{"line":35,"column":18}},"20":{"start":{"line":36,"column":4},"end":{"line":36,"column":16}},"21":{"start":{"line":41,"column":4},"end":{"line":44,"column":5}},"22":{"start":{"line":42,"column":6},"end":{"line":42,"column":31}},"23":{"start":{"line":43,"column":6},"end":{"line":43,"column":19}},"24":{"start":{"line":45,"column":4},"end":{"line":45,"column":42}},"25":{"start":{"line":49,"column":4},"end":{"line":51,"column":5}},"26":{"start":{"line":50,"column":6},"end":{"line":50,"column":44}},"27":{"start":{"line":52,"column":4},"end":{"line":52,"column":35}},"28":{"start":{"line":56,"column":12},"end":{"line":56,"column":23}},"29":{"start":{"line":57,"column":0},"end":{"line":57,"column":15}},"30":{"start":{"line":58,"column":0},"end":{"line":58,"column":15}},"31":{"start":{"line":59,"column":0},"end":{"line":59,"column":15}},"32":{"start":{"line":61,"column":0},"end":{"line":61,"column":29}},"33":{"start":{"line":63,"column":0},"end":{"line":63,"column":23}}},"fnMap":{"0":{"name":"(anonymous_0)","decl":{"start":{"line":6,"column":2},"end":{"line":6,"column":3}},"loc":{"start":{"line":6,"column":16},"end":{"line":10,"column":3}},"line":6},"1":{"name":"(anonymous_1)","decl":{"start":{"line":12,"column":2},"end":{"line":12,"column":3}},"loc":{"start":{"line":12,"column":14},"end":{"line":24,"column":3}},"line":12},"2":{"name":"(anonymous_2)","decl":{"start":{"line":26,"column":2},"end":{"line":26,"column":3}},"loc":{"start":{"line":26,"column":8},"end":{"line":37,"column":3}},"line":26},"3":{"name":"(anonymous_3)","decl":{"start":{"line":39,"column":2},"end":{"line":39,"column":3}},"loc":{"start":{"line":39,"column":9},"end":{"line":46,"column":3}},"line":39},"4":{"name":"(anonymous_4)","decl":{"start":{"line":48,"column":2},"end":{"line":48,"column":3}},"loc":{"start":{"line":48,"column":12},"end":{"line":53,"column":3}},"line":48}},"branchMap":{"0":{"loc":{"start":{"line":14,"column":4},"end":{"line":21,"column":5}},"type":"if","locations":[{"start":{"line":14,"column":4},"end":{"line":21,"column":5}},{"start":{"line":14,"column":4},"end":{"line":21,"column":5}}],"line":14},"1":{"loc":{"start":{"line":27,"column":4},"end":{"line":27,"column":39}},"type":"if","locations":[{"start":{"line":27,"column":4},"end":{"line":27,"column":39}},{"start":{"line":27,"column":4},"end":{"line":27,"column":39}}],"line":27},"2":{"loc":{"start":{"line":31,"column":4},"end":{"line":33,"column":5}},"type":"if","locations":[{"start":{"line":31,"column":4},"end":{"line":33,"column":5}},{"start":{"line":31,"column":4},"end":{"line":33,"column":5}}],"line":31},"3":{"loc":{"start":{"line":41,"column":4},"end":{"line":44,"column":5}},"type":"if","locations":[{"start":{"line":41,"column":4},"end":{"line":44,"column":5}},{"start":{"line":41,"column":4},"end":{"line":44,"column":5}}],"line":41},"4":{"loc":{"start":{"line":49,"column":4},"end":{"line":51,"column":5}},"type":"if","locations":[{"start":{"line":49,"column":4},"end":{"line":51,"column":5}},{"start":{"line":49,"column":4},"end":{"line":51,"column":5}}],"line":49}},"s":{"0":2,"1":17,"2":17,"3":17,"4":40,"5":40,"6":14,"7":14,"8":26,"9":26,"10":26,"11":40,"12":40,"13":13,"14":0,"15":13,"16":13,"17":4,"18":13,"19":13,"20":13,"21":1,"22":1,"23":1,"24":0,"25":3,"26":0,"27":3,"28":2,"29":2,"30":2,"31":2,"32":2,"33":2},"f":{"0":17,"1":40,"2":13,"3":1,"4":3},"b":{"0":[14,26],"1":[0,13],"2":[4,9],"3":[1,0],"4":[0,3]},"_coverageSchema":"1a1c01bbd47fc00a2c39e90264f33305004495a9","hash":"daece0bcc4609b93774a951a818cab634ba6aac9"}
,"/home/ibrahem0_0omari/DSA/401_code-challanges/Class_12/animal.js": {"path":"/home/ibrahem0_0omari/DSA/401_code-challanges/Class_12/animal.js","statementMap":{"0":{"start":{"line":5,"column":4},"end":{"line":5,"column":19}},"1":{"start":{"line":9,"column":0},"end":{"line":9,"column":24}}},"fnMap":{"0":{"name":"(anonymous_0)","decl":{"start":{"line":4,"column":2},"end":{"line":4,"column":3}},"loc":{"start":{"line":4,"column":20},"end":{"line":6,"column":3}},"line":4}},"branchMap":{},"s":{"0":11,"1":1},"f":{"0":11},"b":{},"_coverageSchema":"1a1c01bbd47fc00a2c39e90264f33305004495a9","hash":"c800b3073eee554ac10982f3f3f974d334fcd63d"}
,"/home/ibrahem0_0omari/DSA/401_code-challanges/Class_12/animalShelter.js": {"path":"/home/ibrahem0_0omari/DSA/401_code-challanges/Class_12/animalShelter.js","statementMap":{"0":{"start":{"line":3,"column":12},"end":{"line":3,"column":30}},"1":{"start":{"line":4,"column":13},"end":{"line":4,"column":32}},"2":{"start":{"line":8,"column":8},"end":{"line":8,"column":29}},"3":{"start":{"line":9,"column":8},"end":{"line":9,"column":29}},"4":{"start":{"line":13,"column":8},"end":{"line":21,"column":9}},"5":{"start":{"line":14,"column":12},"end":{"line":14,"column":37}},"6":{"start":{"line":15,"column":12},"end":{"line":15,"column":28}},"7":{"start":{"line":16,"column":14},"end":{"line":21,"column":9}},"8":{"start":{"line":17,"column":12},"end":{"line":17,"column":37}},"9":{"start":{"line":18,"column":12},"end":{"line":18,"column":28}},"10":{"start":{"line":20,"column":12},"end":{"line":20,"column":56}},"11":{"start":{"line":25,"column":8},"end":{"line":31,"column":9}},"12":{"start":{"line":26,"column":12},"end":{"line":26,"column":35}},"13":{"start":{"line":27,"column":14},"end":{"line":31,"column":9}},"14":{"start":{"line":28,"column":12},"end":{"line":28,"column":35}},"15":{"start":{"line":30,"column":12},"end":{"line":30,"column":24}},"16":{"start":{"line":35,"column":13},"end":{"line":35,"column":32}},"17":{"start":{"line":36,"column":8},"end":{"line":36,"column":25}},"18":{"start":{"line":37,"column":8},"end":{"line":37,"column":25}},"19":{"start":{"line":38,"column":9},"end":{"line":38,"column":26}},"20":{"start":{"line":40,"column":0},"end":{"line":40,"column":21}},"21":{"start":{"line":41,"column":0},"end":{"line":41,"column":21}},"22":{"start":{"line":42,"column":0},"end":{"line":42,"column":22}},"23":{"start":{"line":43,"column":0},"end":{"line":43,"column":22}},"24":{"start":{"line":45,"column":0},"end":{"line":45,"column":21}},"25":{"start":{"line":48,"column":0},"end":{"line":51,"column":1}}},"fnMap":{"0":{"name":"(anonymous_0)","decl":{"start":{"line":7,"column":4},"end":{"line":7,"column":5}},"loc":{"start":{"line":7,"column":17},"end":{"line":10,"column":5}},"line":7},"1":{"name":"(anonymous_1)","decl":{"start":{"line":12,"column":4},"end":{"line":12,"column":5}},"loc":{"start":{"line":12,"column":19},"end":{"line":22,"column":5}},"line":12},"2":{"name":"(anonymous_2)","decl":{"start":{"line":24,"column":4},"end":{"line":24,"column":5}},"loc":{"start":{"line":24,"column":17},"end":{"line":32,"column":5}},"line":24}},"branchMap":{"0":{"loc":{"start":{"line":13,"column":8},"end":{"line":21,"column":9}},"type":"if","locations":[{"start":{"line":13,"column":8},"end":{"line":21,"column":9}},{"start":{"line":13,"column":8},"end":{"line":21,"column":9}}],"line":13},"1":{"loc":{"start":{"line":16,"column":14},"end":{"line":21,"column":9}},"type":"if","locations":[{"start":{"line":16,"column":14},"end":{"line":21,"column":9}},{"start":{"line":16,"column":14},"end":{"line":21,"column":9}}],"line":16},"2":{"loc":{"start":{"line":25,"column":8},"end":{"line":31,"column":9}},"type":"if","locations":[{"start":{"line":25,"column":8},"end":{"line":31,"column":9}},{"start":{"line":25,"column":8},"end":{"line":31,"column":9}}],"line":25},"3":{"loc":{"start":{"line":27,"column":14},"end":{"line":31,"column":9}},"type":"if","locations":[{"start":{"line":27,"column":14},"end":{"line":31,"column":9}},{"start":{"line":27,"column":14},"end":{"line":31,"column":9}}],"line":27}},"s":{"0":1,"1":1,"2":7,"3":7,"4":10,"5":4,"6":4,"7":6,"8":5,"9":5,"10":1,"11":4,"12":1,"13":3,"14":2,"15":1,"16":1,"17":1,"18":1,"19":1,"20":1,"21":1,"22":1,"23":1,"24":1,"25":1},"f":{"0":7,"1":10,"2":4},"b":{"0":[4,6],"1":[5,1],"2":[1,3],"3":[2,1]},"_coverageSchema":"1a1c01bbd47fc00a2c39e90264f33305004495a9","hash":"ea50239a05c099b45582e790ba265ebedfbef24b"}
[...]
7,"column":8},"end":{"line":17,"column":28}},"9":{"start":{"line":20,"column":4},"end":{"line":20,"column":23}},"10":{"start":{"line":21,"column":4},"end":{"line":21,"column":18}},"11":{"start":{"line":25,"column":17},"end":{"line":25,"column":19}},"12":{"start":{"line":26,"column":18},"end":{"line":34,"column":5}},"13":{"start":{"line":27,"column":6},"end":{"line":29,"column":7}},"14":{"start":{"line":28,"column":8},"end":{"line":28,"column":27}},"15":{"start":{"line":30,"column":6},"end":{"line":30,"column":30}},"16":{"start":{"line":31,"column":6},"end":{"line":33,"column":7}},"17":{"start":{"line":32,"column":8},"end":{"line":32,"column":28}},"18":{"start":{"line":35,"column":4},"end":{"line":35,"column":23}},"19":{"start":{"line":36,"column":4},"end":{"line":36,"column":18}},"20":{"start":{"line":40,"column":17},"end":{"line":40,"column":19}},"21":{"start":{"line":41,"column":18},"end":{"line":49,"column":5}},"22":{"start":{"line":42,"column":6},"end":{"line":44,"column":7}},"23":{"start":{"line":43,"column":8},"end":{"line":43,"column":27}},"24":{"start":{"line":45,"column":6},"end":{"line":47,"column":7}},"25":{"start":{"line":46,"column":8},"end":{"line":46,"column":28}},"26":{"start":{"line":48,"column":6},"end":{"line":48,"column":30}},"27":{"start":{"line":50,"column":4},"end":{"line":50,"column":23}},"28":{"start":{"line":51,"column":4},"end":{"line":51,"column":18}},"29":{"start":{"line":55,"column":4},"end":{"line":57,"column":5}},"30":{"start":{"line":56,"column":6},"end":{"line":56,"column":33}},"31":{"start":{"line":58,"column":20},"end":{"line":58,"column":35}},"32":{"start":{"line":59,"column":18},"end":{"line":63,"column":5}},"33":{"start":{"line":60,"column":6},"end":{"line":60,"column":40}},"34":{"start":{"line":60,"column":21},"end":{"line":60,"column":40}},"35":{"start":{"line":61,"column":6},"end":{"line":61,"column":42}},"36":{"start":{"line":61,"column":22},"end":{"line":61,"column":42}},"37":{"start":{"line":62,"column":6},"end":{"line":62,"column":57}},"38":{"start":{"line":62,"column":34},"end":{"line":62,"column":57}},"39":{"start":{"line":65,"column":4},"end":{"line":65,"column":23}},"40":{"start":{"line":66,"column":4},"end":{"line":66,"column":21}},"41":{"start":{"line":70,"column":4},"end":{"line":72,"column":5}},"42":{"start":{"line":71,"column":6},"end":{"line":71,"column":21}},"43":{"start":{"line":73,"column":16},"end":{"line":73,"column":22}},"44":{"start":{"line":74,"column":17},"end":{"line":74,"column":19}},"45":{"start":{"line":75,"column":4},"end":{"line":90,"column":5}},"46":{"start":{"line":76,"column":17},"end":{"line":76,"column":30}},"47":{"start":{"line":77,"column":18},"end":{"line":77,"column":28}},"48":{"start":{"line":78,"column":6},"end":{"line":78,"column":25}},"49":{"start":{"line":79,"column":6},"end":{"line":79,"column":25}},"50":{"start":{"line":80,"column":6},"end":{"line":82,"column":7}},"51":{"start":{"line":81,"column":8},"end":{"line":81,"column":17}},"52":{"start":{"line":83,"column":6},"end":{"line":85,"column":7}},"53":{"start":{"line":84,"column":8},"end":{"line":84,"column":30}},"54":{"start":{"line":87,"column":6},"end":{"line":89,"column":7}},"55":{"start":{"line":88,"column":8},"end":{"line":88,"column":31}},"56":{"start":{"line":91,"column":4},"end":{"line":91,"column":18}},"57":{"start":{"line":95,"column":15},"end":{"line":95,"column":16}},"58":{"start":{"line":96,"column":15},"end":{"line":96,"column":16}},"59":{"start":{"line":97,"column":13},"end":{"line":97,"column":18}},"60":{"start":{"line":98,"column":4},"end":{"line":100,"column":5}},"61":{"start":{"line":99,"column":8},"end":{"line":99,"column":20}},"62":{"start":{"line":101,"column":17},"end":{"line":111,"column":5}},"63":{"start":{"line":102,"column":6},"end":{"line":104,"column":7}},"64":{"start":{"line":103,"column":8},"end":{"line":103,"column":17}},"65":{"start":{"line":105,"column":6},"end":{"line":107,"column":7}},"66":{"start":{"line":106,"column":8},"end":{"line":106,"column":29}},"67":{"start":{"line":108,"column":6},"end":{"line":110,"column":7}},"68":{"start":{"line":109,"column":8},"end":{"line":109,"column":30}},"69":{"start":{"line":113,"column":18},"end":{"line":123,"column":5}},"70":{"start":{"line":114,"column":6},"end":{"line":116,"column":7}},"71":{"start":{"line":115,"column":8},"end":{"line":115,"column":17}},"72":{"start":{"line":117,"column":6},"end":{"line":119,"column":7}},"73":{"start":{"line":118,"column":8},"end":{"line":118,"column":30}},"74":{"start":{"line":120,"column":6},"end":{"line":122,"column":7}},"75":{"start":{"line":121,"column":8},"end":{"line":121,"column":31}},"76":{"start":{"line":124,"column":4},"end":{"line":124,"column":19}},"77":{"start":{"line":125,"column":4},"end":{"line":125,"column":20}},"78":{"start":{"line":127,"column":4},"end":{"line":129,"column":5}},"79":{"start":{"line":128,"column":6},"end":{"line":128,"column":17}},"80":{"start":{"line":130,"column":4},"end":{"line":130,"column":31}},"81":{"start":{"line":131,"column":4},"end":{"line":131,"column":16}},"82":{"start":{"line":135,"column":4},"end":{"line":135,"column":83}},"83":{"start":{"line":135,"column":35},"end":{"line":135,"column":83}},"84":{"start":{"line":136,"column":16},"end":{"line":136,"column":18}},"85":{"start":{"line":137,"column":21},"end":{"line":147,"column":5}},"86":{"start":{"line":138,"column":6},"end":{"line":145,"column":7}},"87":{"start":{"line":139,"column":8},"end":{"line":142,"column":9}},"88":{"start":{"line":140,"column":10},"end":{"line":140,"column":34}},"89":{"start":{"line":141,"column":10},"end":{"line":141,"column":29}},"90":{"start":{"line":143,"column":8},"end":{"line":143,"column":69}},"91":{"start":{"line":143,"column":36},"end":{"line":143,"column":69}},"92":{"start":{"line":144,"column":8},"end":{"line":144,"column":73}},"93":{"start":{"line":144,"column":38},"end":{"line":144,"column":73}},"94":{"start":{"line":146,"column":6},"end":{"line":146,"column":19}},"95":{"start":{"line":148,"column":4},"end":{"line":148,"column":36}},"96":{"start":{"line":149,"column":4},"end":{"line":149,"column":17}},"97":{"start":{"line":155,"column":0},"end":{"line":155,"column":28}}},"fnMap":{"0":{"name":"(anonymous_0)","decl":{"start":{"line":6,"column":2},"end":{"line":6,"column":3}},"loc":{"start":{"line":6,"column":16},"end":{"line":8,"column":3}},"line":6},"1":{"name":"(anonymous_1)","decl":{"start":{"line":9,"column":2},"end":{"line":9,"column":3}},"loc":{"start":{"line":9,"column":13},"end":{"line":22,"column":3}},"line":9},"2":{"name":"(anonymous_2)","decl":{"start":{"line":11,"column":18},"end":{"line":11,"column":19}},"loc":{"start":{"line":11,"column":28},"end":{"line":19,"column":5}},"line":11},"3":{"name":"(anonymous_3)","decl":{"start":{"line":24,"column":2},"end":{"line":24,"column":3}},"loc":{"start":{"line":24,"column":12},"end":{"line":37,"column":3}},"line":24},"4":{"name":"(anonymous_4)","decl":{"start":{"line":26,"column":18},"end":{"line":26,"column":19}},"loc":{"start":{"line":26,"column":28},"end":{"line":34,"column":5}},"line":26},"5":{"name":"(anonymous_5)","decl":{"start":{"line":39,"column":2},"end":{"line":39,"column":3}},"loc":{"start":{"line":39,"column":14},"end":{"line":52,"column":3}},"line":39},"6":{"name":"(anonymous_6)","decl":{"start":{"line":41,"column":18},"end":{"line":41,"column":19}},"loc":{"start":{"line":41,"column":28},"end":{"line":49,"column":5}},"line":41},"7":{"name":"(anonymous_7)","decl":{"start":{"line":54,"column":2},"end":{"line":54,"column":3}},"loc":{"start":{"line":54,"column":21},"end":{"line":67,"column":3}},"line":54},"8":{"name":"(anonymous_8)","decl":{"start":{"line":59,"column":18},"end":{"line":59,"column":19}},"loc":{"start":{"line":59,"column":28},"end":{"line":63,"column":5}},"line":59},"9":{"name":"(anonymous_9)","decl":{"start":{"line":69,"column":2},"end":{"line":69,"column":3}},"loc":{"start":{"line":69,"column":27},"end":{"line":92,"column":3}},"line":69},"10":{"name":"(anonymous_10)","decl":{"start":{"line":94,"column":2},"end":{"line":94,"column":3}},"loc":{"start":{"line":94,"column":29},"end":{"line":132,"column":3}},"line":94},"11":{"name":"(anonymous_11)","decl":{"start":{"line":101,"column":17},"end":{"line":101,"column":18}},"loc":{"start":{"line":101,"column":26},"end":{"line":111,"column":5}},"line":101},"12":{"name":"(anonymous_12)","decl":{"start":{"line":113,"column":18},"end":{"line":113,"column":19}},"loc":{"start":{"line":113,"column":27},"end":{"line":123,"column":5}},"line":113},"13":{"name":"(anonymous_13)","decl":{"start":{"line":134,"column":2},"end":{"line":134,"column":3}},"loc":{"start":{"line":134,"column":42},"end":{"line":150,"column":3}},"line":134},"14":{"name":"(anonymous_14)","decl":{"start":{"line":137,"column":21},"end":{"line":137,"column":22}},"loc":{"start":{"line":137,"column":39},"end":{"line":147,"column":5}},"line":137}},"branchMap":{"0":{"loc":{"start":{"line":13,"column":6},"end":{"line":15,"column":7}},"type":"if","locations":[{"start":{"line":13,"column":6},"end":{"line":15,"column":7}},{"start":{"line":13,"column":6},"end":{"line":15,"column":7}}],"line":13},"1":{"loc":{"start":{"line":16,"column":6},"end":{"line":18,"column":7}},"type":"if","locations":[{"start":{"line":16,"column":6},"end":{"line":18,"column":7}},{"start":{"line":16,"column":6},"end":{"line":18,"column":7}}],"line":16},"2":{"loc":{"start":{"line":27,"column":6},"end":{"line":29,"column":7}},"type":"if","locations":[{"start":{"line":27,"column":6},"end":{"line":29,"column":7}},{"start":{"line":27,"column":6},"end":{"line":29,"column":7}}],"line":27},"3":{"loc":{"start":{"line":31,"column":6},"end":{"line":33,"column":7}},"type":"if","locations":[{"start":{"line":31,"column":6},"end":{"line":33,"column":7}},{"start":{"line":31,"column":6},"end":{"line":33,"column":7}}],"line":31},"4":{"loc":{"start":{"line":42,"column":6},"end":{"line":44,"column":7}},"type":"if","locations":[{"start":{"line":42,"column":6},"end":{"line":44,"column":7}},{"start":{"line":42,"column":6},"end":{"line":44,"column":7}}],"line":42},"5":{"loc":{"start":{"line":45,"column":6},"end":{"line":47,"column":7}},"type":"if","locations":[{"start":{"line":45,"column":6},"end":{"line":47,"column":7}},{"start":{"line":45,"column":6},"end":{"line":47,"column":7}}],"line":45},"6":{"loc":{"start":{"line":55,"column":4},"end":{"line":57,"column":5}},"type":"if","locations":[{"start":{"line":55,"column":4},"end":{"line":57,"column":5}},{"start":{"line":55,"column":4},"end":{"line":57,"column":5}}],"line":55},"7":{"loc":{"start":{"line":60,"column":6},"end":{"line":60,"column":40}},"type":"if","locations":[{"start":{"line":60,"column":6},"end":{"line":60,"column":40}},{"start":{"line":60,"column":6},"end":{"line":60,"column":40}}],"line":60},"8":{"loc":{"start":{"line":61,"column":6},"end":{"line":61,"column":42}},"type":"if","locations":[{"start":{"line":61,"column":6},"end":{"line":61,"column":42}},{"start":{"line":61,"column":6},"end":{"line":61,"column":42}}],"line":61},"9":{"loc":{"start":{"line":62,"column":6},"end":{"line":62,"column":57}},"type":"if","locations":[{"start":{"line":62,"column":6},"end":{"line":62,"column":57}},{"start":{"line":62,"column":6},"end":{"line":62,"column":57}}],"line":62},"10":{"loc":{"start":{"line":70,"column":4},"end":{"line":72,"column":5}},"type":"if","locations":[{"start":{"line":70,"column":4},"end":{"line":72,"column":5}},{"start":{"line":70,"column":4},"end":{"line":72,"column":5}}],"line":70},"11":{"loc":{"start":{"line":80,"column":6},"end":{"line":82,"column":7}},"type":"if","locations":[{"start":{"line":80,"column":6},"end":{"line":82,"column":7}},{"start":{"line":80,"column":6},"end":{"line":82,"column":7}}],"line":80},"12":{"loc":{"start":{"line":80,"column":10},"end":{"line":80,"column":49}},"type":"binary-expr","locations":[{"start":{"line":80,"column":10},"end":{"line":80,"column":27}},{"start":{"line":80,"column":31},"end":{"line":80,"column":49}}],"line":80},"13":{"loc":{"start":{"line":83,"column":6},"end":{"line":85,"column":7}},"type":"if","locations":[{"start":{"line":83,"column":6},"end":{"line":85,"column":7}},{"start":{"line":83,"column":6},"end":{"line":85,"column":7}}],"line":83},"14":{"loc":{"start":{"line":87,"column":6},"end":{"line":89,"column":7}},"type":"if","locations":[{"start":{"line":87,"column":6},"end":{"line":89,"column":7}},{"start":{"line":87,"column":6},"end":{"line":89,"column":7}}],"line":87},"15":{"loc":{"start":{"line":98,"column":4},"end":{"line":100,"column":5}},"type":"if","locations":[{"start":{"line":98,"column":4},"end":{"line":100,"column":5}},{"start":{"line":98,"column":4},"end":{"line":100,"column":5}}],"line":98},"16":{"loc":{"start":{"line":98,"column":8},"end":{"line":98,"column":24}},"type":"binary-expr","locations":[{"start":{"line":98,"column":8},"end":{"line":98,"column":14}},{"start":{"line":98,"column":18},"end":{"line":98,"column":24}}],"line":98},"17":{"loc":{"start":{"line":102,"column":6},"end":{"line":104,"column":7}},"type":"if","locations":[{"start":{"line":102,"column":6},"end":{"line":104,"column":7}},{"start":{"line":102,"column":6},"end":{"line":104,"column":7}}],"line":102},"18":{"loc":{"start":{"line":102,"column":9},"end":{"line":102,"column":46}},"type":"binary-expr","locations":[{"start":{"line":102,"column":9},"end":{"line":102,"column":25}},{"start":{"line":102,"column":29},"end":{"line":102,"column":46}}],"line":102},"19":{"loc":{"start":{"line":105,"column":6},"end":{"line":107,"column":7}},"type":"if","locations":[{"start":{"line":105,"column":6},"end":{"line":107,"column":7}},{"start":{"line":105,"column":6},"end":{"line":107,"column":7}}],"line":105},"20":{"loc":{"start":{"line":108,"column":6},"end":{"line":110,"column":7}},"type":"if","locations":[{"start":{"line":108,"column":6},"end":{"line":110,"column":7}},{"start":{"line":108,"column":6},"end":{"line":110,"column":7}}],"line":108},"21":{"loc":{"start":{"line":114,"column":6},"end":{"line":116,"column":7}},"type":"if","locations":[{"start":{"line":114,"column":6},"end":{"line":116,"column":7}},{"start":{"line":114,"column":6},"end":{"line":116,"column":7}}],"line":114},"22":{"loc":{"start":{"line":114,"column":9},"end":{"line":114,"column":46}},"type":"binary-expr","locations":[{"start":{"line":114,"column":9},"end":{"line":114,"column":25}},{"start":{"line":114,"column":29},"end":{"line":114,"column":46}}],"line":114},"23":{"loc":{"start":{"line":117,"column":6},"end":{"line":119,"column":7}},"type":"if","locations":[{"start":{"line":117,"column":6},"end":{"line":119,"column":7}},{"start":{"line":117,"column":6},"end":{"line":119,"column":7}}],"line":117},"24":{"loc":{"start":{"line":120,"column":6},"end":{"line":122,"column":7}},"type":"if","locations":[{"start":{"line":120,"column":6},"end":{"line":122,"column":7}},{"start":{"line":120,"column":6},"end":{"line":122,"column":7}}],"line":120},"25":{"loc":{"start":{"line":127,"column":4},"end":{"line":129,"column":5}},"type":"if","locations":[{"start":{"line":127,"column":4},"end":{"line":129,"column":5}},{"start":{"line":127,"column":4},"end":{"line":129,"column":5}}],"line":127},"26":{"loc":{"start":{"line":135,"column":4},"end":{"line":135,"column":83}},"type":"if","locations":[{"start":{"line":135,"column":4},"end":{"line":135,"column":83}},{"start":{"line":135,"column":4},"end":{"line":135,"column":83}}],"line":135},"27":{"loc":{"start":{"line":135,"column":8},"end":{"line":135,"column":33}},"type":"binary-expr","locations":[{"start":{"line":135,"column":8},"end":{"line":135,"column":18}},{"start":{"line":135,"column":22},"end":{"line":135,"column":33}}],"line":135},"28":{"loc":{"start":{"line":138,"column":6},"end":{"line":145,"column":7}},"type":"if","locations":[{"start":{"line":138,"column":6},"end":{"line":145,"column":7}},{"start":{"line":138,"column":6},"end":{"line":145,"column":7}}],"line":138},"29":{"loc":{"start":{"line":138,"column":10},"end":{"line":138,"column":24}},"type":"binary-expr","locations":[{"start":{"line":138,"column":10},"end":{"line":138,"column":15}},{"start":{"line":138,"column":19},"end":{"line":138,"column":24}}],"line":138},"30":{"loc":{"start":{"line":139,"column":8},"end":{"line":142,"column":9}},"type":"if","locations":[{"start":{"line":139,"column":8},"end":{"line":142,"column":9}},{"start":{"line":139,"column":8},"end":{"line":142,"column":9}}],"line":139},"31":{"loc":{"start":{"line":143,"column":8},"end":{"line":143,"column":69}},"type":"if","locations":[{"start":{"line":143,"column":8},"end":{"line":143,"column":69}},{"start":{"line":143,"column":8},"end":{"line":143,"column":69}}],"line":143},"32":{"loc":{"start":{"line":144,"column":8},"end":{"line":144,"column":73}},"type":"if","locations":[{"start":{"line":144,"column":8},"end":{"line":144,"column":73}},{"start":{"line":144,"column":8},"end":{"line":144,"column":73}}],"line":144}},"s":{"0":1,"1":6,"2":0,"3":0,"4":0,"5":0,"6":0,"7":0,"8":0,"9":0,"10":0,"11":0,"12":0,"13":0,"14":0,"15":0,"16":0,"17":0,"18":0,"19":0,"20":0,"21":0,"22":0,"23":0,"24":0,"25":0,"26":0,"27":0,"28":0,"29":0,"30":0,"31":0,"32":0,"33":0,"34":0,"35":0,"36":0,"37":0,"38":0,"39":0,"40":0,"41":0,"42":0,"43":0,"44":0,"45":0,"46":0,"47":0,"48":0,"49":0,"50":0,"51":0,"52":0,"53":0,"54":0,"55":0,"56":0,"57":0,"58":0,"59":0,"60":0,"61":0,"62":0,"63":0,"64":0,"65":0,"66":0,"67":0,"68":0,"69":0,"70":0,"71":0,"72":0,"73":0,"74":0,"75":0,"76":0,"77":0,"78":0,"79":0,"80":0,"81":0,"82":3,"83":1,"84":2,"85":2,"86":10,"87":8,"88":5,"89":5,"90":8,"91":4,"92":8,"93":4,"94":10,"95":2,"96":2,"97":1},"f":{"0":6,"1":0,"2":0,"3":0,"4":0,"5":0,"6":0,"7":0,"8":0,"9":0,"10":0,"11":0,"12":0,"13":3,"14":10},"b":{"0":[0,0],"1":[0,0],"2":[0,0],"3":[0,0],"4":[0,0],"5":[0,0],"6":[0,0],"7":[0,0],"8":[0,0],"9":[0,0],"10":[0,0],"11":[0,0],"12":[0,0],"13":[0,0],"14":[0,0],"15":[0,0],"16":[0,0],"17":[0,0],"18":[0,0],"19":[0,0],"20":[0,0],"21":[0,0],"22":[0,0],"23":[0,0],"24":[0,0],"25":[0,0],"26":[1,2],"27":[3,2],"28":[8,2],"29":[10,8],"30":[5,3],"31":[4,4],"32":[4,4]},"_coverageSchema":"1a1c01bbd47fc00a2c39e90264f33305004495a9","hash":"7fed10ae09520f88b69bdf80ac3baaecc1d070a4"}
,"/home/ibrahem0_0omari/DSA/401_code-challanges/Class_32/node.js": {"path":"/home/ibrahem0_0omari/DSA/401_code-challanges/Class_32/node.js","statementMap":{"0":{"start":{"line":5,"column":4},"end":{"line":5,"column":23}},"1":{"start":{"line":6,"column":4},"end":{"line":6,"column":21}},"2":{"start":{"line":7,"column":4},"end":{"line":7,"column":22}},"3":{"start":{"line":11,"column":0},"end":{"line":11,"column":22}}},"fnMap":{"0":{"name":"(anonymous_0)","decl":{"start":{"line":4,"column":2},"end":{"line":4,"column":3}},"loc":{"start":{"line":4,"column":21},"end":{"line":8,"column":3}},"line":4}},"branchMap":{},"s":{"0":15,"1":15,"2":15,"3":1},"f":{"0":15},"b":{},"_coverageSchema":"1a1c01bbd47fc00a2c39e90264f33305004495a9","hash":"f4025fad2af4947452fb0c56e7061e5388522972"}
,"/home/ibrahem0_0omari/DSA/javascript/code-challenges/reverse-ll/reverse-ll.js": {"path":"/home/ibrahem0_0omari/DSA/javascript/code-challenges/reverse-ll/reverse-ll.js","statementMap":{"0":{"start":{"line":4,"column":19},"end":{"line":4,"column":47}},"1":{"start":{"line":12,"column":0},"end":{"line":16,"column":1}},"2":{"start":{"line":14,"column":2},"end":{"line":14,"column":14}}},"fnMap":{"0":{"name":"reverse","decl":{"start":{"line":12,"column":26},"end":{"line":12,"column":33}},"loc":{"start":{"line":12,"column":40},"end":{"line":16,"column":1}},"line":12}},"branchMap":{},"s":{"0":1,"1":1,"2":1},"f":{"0":1},"b":{},"_coverageSchema":"1a1c01bbd47fc00a2c39e90264f33305004495a9","hash":"b3968b21419e893f69580b7fa6dc46bb72bc8e91"}
,"/home/ibrahem0_0omari/DSA/javascript/linked-list/index.js": {"path":"/home/ibrahem0_0omari/DSA/javascript/linked-list/index.js","statementMap":{"0":{"start":{"line":7,"column":0},"end":{"line":7,"column":28}}},"fnMap":{},"branchMap":{},"s":{"0":2},"f":{},"b":{},"_coverageSchema":"1a1c01bbd47fc00a2c39e90264f33305004495a9","hash":"0c9d7f358e64bf59f0a9b33eb0c8cd119b09383d"}
}
