{"/home/ibrahem0_0omari/DSA/401_code-challanges/Class_05/linkedList.js": {"path":"/home/ibrahem0_0omari/DSA/401_code-challanges/Class_05/linkedList.js","statementMap":{"0":{"start":{"line":1,"column":13},"end":{"line":1,"column":30}},"1":{"start":{"line":5,"column":4},"end":{"line":5,"column":21}},"2":{"start":{"line":6,"column":4},"end":{"line":6,"column":21}},"3":{"start":{"line":7,"column":4},"end":{"line":7,"column":20}},"4":{"start":{"line":11,"column":18},"end":{"line":11,"column":31}},"5":{"start":{"line":12,"column":4},"end":{"line":18,"column":5}},"6":{"start":{"line":13,"column":6},"end":{"line":13,"column":26}},"7":{"start":{"line":14,"column":6},"end":{"line":14,"column":28}},"8":{"start":{"line":16,"column":6},"end":{"line":16,"column":26}},"9":{"start":{"line":17,"column":6},"end":{"line":17,"column":31}},"10":{"start":{"line":19,"column":4},"end":{"line":19,"column":18}},"11":{"start":{"line":20,"column":4},"end":{"line":20,"column":21}},"12":{"start":{"line":23,"column":18},"end":{"line":23,"column":33}},"13":{"start":{"line":24,"column":4},"end":{"line":32,"column":5}},"14":{"start":{"line":25,"column":6},"end":{"line":25,"column":26}},"15":{"start":{"line":27,"column":24},"end":{"line":27,"column":33}},"16":{"start":{"line":28,"column":6},"end":{"line":30,"column":7}},"17":{"start":{"line":29,"column":8},"end":{"line":29,"column":39}},"18":{"start":{"line":31,"column":6},"end":{"line":31,"column":33}},"19":{"start":{"line":36,"column":18},"end":{"line":36,"column":27}},"20":{"start":{"line":37,"column":4},"end":{"line":43,"column":5}},"21":{"start":{"line":38,"column":6},"end":{"line":41,"column":7}},"22":{"start":{"line":39,"column":8},"end":{"line":39,"column":55}},"23":{"start":{"line":40,"column":8},"end":{"line":40,"column":20}},"24":{"start":{"line":42,"column":6},"end":{"line":42,"column":29}},"25":{"start":{"line":44,"column":4},"end":{"line":44,"column":53}},"26":{"start":{"line":45,"column":4},"end":{"line":45,"column":17}},"27":{"start":{"line":49,"column":18},"end":{"line":49,"column":27}},"28":{"start":{"line":50,"column":4},"end":{"line":52,"column":5}},"29":{"start":{"line":51,"column":6},"end":{"line":51,"column":57}},"30":{"start":{"line":54,"column":17},"end":{"line":54,"column":19}},"31":{"start":{"line":55,"column":4},"end":{"line":58,"column":5}},"32":{"start":{"line":56,"column":6},"end":{"line":56,"column":40}},"33":{"start":{"line":57,"column":6},"end":{"line":57,"column":29}},"34":{"start":{"line":59,"column":4},"end":{"line":59,"column":30}},"35":{"start":{"line":63,"column":11},"end":{"line":63,"column":27}},"36":{"start":{"line":64,"column":0},"end":{"line":64,"column":15}},"37":{"start":{"line":65,"column":0},"end":{"line":65,"column":15}},"38":{"start":{"line":68,"column":0},"end":{"line":68,"column":29}},"39":{"start":{"line":69,"column":0},"end":{"line":69,"column":30}},"40":{"start":{"line":74,"column":0},"end":{"line":74,"column":25}}},"fnMap":{"0":{"name":"(anonymous_0)","decl":{"start":{"line":4,"column":2},"end":{"line":4,"column":3}},"loc":{"start":{"line":4,"column":16},"end":{"line":8,"column":3}},"line":4},"1":{"name":"(anonymous_1)","decl":{"start":{"line":10,"column":2},"end":{"line":10,"column":3}},"loc":{"start":{"line":10,"column":14},"end":{"line":21,"column":3}},"line":10},"2":{"name":"(anonymous_2)","decl":{"start":{"line":22,"column":2},"end":{"line":22,"column":3}},"loc":{"start":{"line":22,"column":16},"end":{"line":33,"column":3}},"line":22},"3":{"name":"(anonymous_3)","decl":{"start":{"line":35,"column":2},"end":{"line":35,"column":3}},"loc":{"start":{"line":35,"column":18},"end":{"line":46,"column":3}},"line":35},"4":{"name":"(anonymous_4)","decl":{"start":{"line":48,"column":2},"end":{"line":48,"column":3}},"loc":{"start":{"line":48,"column":13},"end":{"line":60,"column":3}},"line":48}},"branchMap":{"0":{"loc":{"start":{"line":12,"column":4},"end":{"line":18,"column":5}},"type":"if","locations":[{"start":{"line":12,"column":4},"end":{"line":18,"column":5}},{"start":{"line":12,"column":4},"end":{"line":18,"column":5}}],"line":12},"1":{"loc":{"start":{"line":24,"column":4},"end":{"line":32,"column":5}},"type":"if","locations":[{"start":{"line":24,"column":4},"end":{"line":32,"column":5}},{"start":{"line":24,"column":4},"end":{"line":32,"column":5}}],"line":24},"2":{"loc":{"start":{"line":38,"column":6},"end":{"line":41,"column":7}},"type":"if","locations":[{"start":{"line":38,"column":6},"end":{"line":41,"column":7}},{"start":{"line":38,"column":6},"end":{"line":41,"column":7}}],"line":38},"3":{"loc":{"start":{"line":50,"column":4},"end":{"line":52,"column":5}},"type":"if","locations":[{"start":{"line":50,"column":4},"end":{"line":52,"column":5}},{"start":{"line":50,"column":4},"end":{"line":52,"column":5}}],"line":50}},"s":{"0":1,"1":8,"2":8,"3":8,"4":6,"5":6,"6":6,"7":6,"8":0,"9":0,"10":6,"11":6,"12":7,"13":7,"14":1,"15":6,"16":6,"17":0,"18":6,"19":3,"20":3,"21":6,"22":2,"23":2,"24":4,"25":1,"26":1,"27":2,"28":2,"29":0,"30":2,"31":2,"32":4,"33":4,"34":2,"35":1,"36":1,"37":1,"38":1,"39":1,"40":1},"f":{"0":8,"1":6,"2":7,"3":3,"4":2},"b":{"0":[6,0],"1":[1,6],"2":[2,4],"3":[0,2]},"_coverageSchema":"1a1c01bbd47fc00a2c39e90264f33305004495a9","hash":"1d3f943e16fd5a59e6aa3f4474051033aeb260a6"}
,"/home/ibrahem0_0omari/DSA/401_code-challanges/Class_05/node.js": {"path":"/home/ibrahem0_0omari/DSA/401_code-challanges/Class_05/node.js","statementMap":{"0":{"start":{"line":3,"column":8},"end":{"line":3,"column":25}},"1":{"start":{"line":4,"column":8},"end":{"line":4,"column":23}},"2":{"start":{"line":8,"column":0},"end":{"line":8,"column":20}}},"fnMap":{"0":{"name":"(anonymous_0)","decl":{"start":{"line":2,"column":4},"end":{"line":2,"column":5}},"loc":{"start":{"line":2,"column":22},"end":{"line":5,"column":5}},"line":2}},"branchMap":{},"s":{"0":14,"1":14,"2":2},"f":{"0":14},"b":{},"_coverageSchema":"1a1c01bbd47fc00a2c39e90264f33305004495a9","hash":"41e22b0eb5115728da5bb6eca32cbf63a7b06b7b"}
,"/home/ibrahem0_0omari/DSA/401_code-challanges/Class_06/linkedList.js": {"path":"/home/ibrahem0_0omari/DSA/401_code-challanges/Class_06/linkedList.js","statementMap":{"0":{"start":{"line":1,"column":13},"end":{"line":1,"column":30}},"1":{"start":{"line":5,"column":4},"end":{"line":5,"column":21}},"2":{"start":{"line":6,"column":4},"end":{"line":6,"column":21}},"3":{"start":{"line":7,"column":4},"end":{"line":7,"column":20}},"4":{"start":{"line":11,"column":18},"end":{"line":11,"column":31}},"5":{"start":{"line":12,"column":4},"end":{"line":18,"column":5}},"6":{"start":{"line":13,"column":6},"end":{"line":13,"column":26}},"7":{"start":{"line":14,"column":6},"end":{"line":14,"column":28}},"8":{"start":{"line":16,"column":6},"end":{"line":16,"column":26}},"9":{"start":{"line":17,"column":6},"end":{"line":17,"column":31}},"10":{"start":{"line":19,"column":4},"end":{"line":19,"column":18}},"11":{"start":{"line":20,"column":4},"end":{"line":20,"column":21}},"12":{"start":{"line":23,"column":18},"end":{"line":23,"column":33}},"13":{"start":{"line":24,"column":4},"end":{"line":32,"column":5}},"14":{"start":{"line":25,"column":6},"end":{"line":25,"column":26}},"15":{"start":{"line":27,"column":24},"end":{"line":27,"column":33}},"16":{"start":{"line":28,"column":6},"end":{"line":30,"column":7}},"17":{"start":{"line":29,"column":8},"end":{"line":29,"column":39}},"18":{"start":{"line":31,"column":6},"end":{"line":31,"column":33}},"19":{"start":{"line":36,"column":16},"end":{"line":36,"column":34}},"20":{"start":{"line":37,"column":16},"end":{"line":37,"column":25}},"21":{"start":{"line":38,"column":4},"end":{"line":41,"column":5}},"22":{"start":{"line":39,"column":6},"end":{"line":39,"column":27}},"23":{"start":{"line":40,"column":6},"end":{"line":40,"column":24}},"24":{"start":{"line":42,"column":4},"end":{"line":49,"column":5}},"25":{"start":{"line":43,"column":6},"end":{"line":47,"column":7}},"26":{"start":{"line":44,"column":8},"end":{"line":44,"column":34}},"27":{"start":{"line":45,"column":8},"end":{"line":45,"column":29}},"28":{"start":{"line":46,"column":8},"end":{"line":46,"column":14}},"29":{"start":{"line":48,"column":6},"end":{"line":48,"column":27}},"30":{"start":{"line":52,"column":16},"end":{"line":52,"column":34}},"31":{"start":{"line":53,"column":16},"end":{"line":53,"column":25}},"32":{"start":{"line":54,"column":4},"end":{"line":61,"column":5}},"33":{"start":{"line":55,"column":6},"end":{"line":59,"column":7}},"34":{"start":{"line":56,"column":8},"end":{"line":56,"column":34}},"35":{"start":{"line":57,"column":8},"end":{"line":57,"column":29}},"36":{"start":{"line":58,"column":8},"end":{"line":58,"column":14}},"37":{"start":{"line":60,"column":6},"end":{"line":60,"column":27}},"38":{"start":{"line":65,"column":18},"end":{"line":65,"column":27}},"39":{"start":{"line":66,"column":4},"end":{"line":72,"column":5}},"40":{"start":{"line":67,"column":6},"end":{"line":70,"column":7}},"41":{"start":{"line":68,"column":8},"end":{"line":68,"column":55}},"42":{"start":{"line":69,"column":8},"end":{"line":69,"column":20}},"43":{"start":{"line":71,"column":6},"end":{"line":71,"column":29}},"44":{"start":{"line":73,"column":4},"end":{"line":73,"column":53}},"45":{"start":{"line":74,"column":4},"end":{"line":74,"column":17}},"46":{"start":{"line":79,"column":18},"end":{"line":79,"column":27}},"47":{"start":{"line":80,"column":4},"end":{"line":82,"column":5}},"48":{"start":{"line":81,"column":6},"end":{"line":81,"column":57}},"49":{"start":{"line":84,"column":17},"end":{"line":84,"column":19}},"50":{"start":{"line":85,"column":4},"end":{"line":88,"column":5}},"51":{"start":{"line":86,"column":6},"end":{"line":86,"column":40}},"52":{"start":{"line":87,"column":6},"end":{"line":87,"column":29}},"53":{"start":{"line":89,"column":4},"end":{"line":89,"column":30}},"54":{"start":{"line":93,"column":11},"end":{"line":93,"column":27}},"55":{"start":{"line":94,"column":0},"end":{"line":94,"column":15}},"56":{"start":{"line":95,"column":0},"end":{"line":95,"column":15}},"57":{"start":{"line":96,"column":0},"end":{"line":96,"column":15}},"58":{"start":{"line":97,"column":0},"end":{"line":97,"column":23}},"59":{"start":{"line":98,"column":0},"end":{"line":98,"column":22}},"60":{"start":{"line":101,"column":0},"end":{"line":101,"column":29}},"61":{"start":{"line":102,"column":0},"end":{"line":102,"column":30}},"62":{"start":{"line":103,"column":0},"end":{"line":103,"column":25}}},"fnMap":{"0":{"name":"(anonymous_0)","decl":{"start":{"line":4,"column":2},"end":{"line":4,"column":3}},"loc":{"start":{"line":4,"column":16},"end":{"line":8,"column":3}},"line":4},"1":{"name":"(anonymous_1)","decl":{"start":{"line":10,"column":2},"end":{"line":10,"column":3}},"loc":{"start":{"line":10,"column":14},"end":{"line":21,"column":3}},"line":10},"2":{"name":"(anonymous_2)","decl":{"start":{"line":22,"column":2},"end":{"line":22,"column":3}},"loc":{"start":{"line":22,"column":16},"end":{"line":33,"column":3}},"line":22},"3":{"name":"(anonymous_3)","decl":{"start":{"line":35,"column":2},"end":{"line":35,"column":3}},"loc":{"start":{"line":35,"column":30},"end":{"line":50,"column":3}},"line":35},"4":{"name":"(anonymous_4)","decl":{"start":{"line":51,"column":2},"end":{"line":51,"column":3}},"loc":{"start":{"line":51,"column":29},"end":{"line":62,"column":3}},"line":51},"5":{"name":"(anonymous_5)","decl":{"start":{"line":64,"column":2},"end":{"line":64,"column":3}},"loc":{"start":{"line":64,"column":18},"end":{"line":75,"column":3}},"line":64},"6":{"name":"(anonymous_6)","decl":{"start":{"line":78,"column":2},"end":{"line":78,"column":3}},"loc":{"start":{"line":78,"column":13},"end":{"line":90,"column":3}},"line":78}},"branchMap":{"0":{"loc":{"start":{"line":12,"column":4},"end":{"line":18,"column":5}},"type":"if","locations":[{"start":{"line":12,"column":4},"end":{"line":18,"column":5}},{"start":{"line":12,"column":4},"end":{"line":18,"column":5}}],"line":12},"1":{"loc":{"start":{"line":24,"column":4},"end":{"line":32,"column":5}},"type":"if","locations":[{"start":{"line":24,"column":4},"end":{"line":32,"column":5}},{"start":{"line":24,"column":4},"end":{"line":32,"column":5}}],"line":24},"2":{"loc":{"start":{"line":38,"column":4},"end":{"line":41,"column":5}},"type":"if","locations":[{"start":{"line":38,"column":4},"end":{"line":41,"column":5}},{"start":{"line":38,"column":4},"end":{"line":41,"column":5}}],"line":38},"3":{"loc":{"start":{"line":43,"column":6},"end":{"line":47,"column":7}},"type":"if","locations":[{"start":{"line":43,"column":6},"end":{"line":47,"column":7}},{"start":{"line":43,"column":6},"end":{"line":47,"column":7}}],"line":43},"4":{"loc":{"start":{"line":55,"column":6},"end":{"line":59,"column":7}},"type":"if","locations":[{"start":{"line":55,"column":6},"end":{"line":59,"column":7}},{"start":{"line":55,"column":6},"end":{"line":59,"column":7}}],"line":55},"5":{"loc":{"start":{"line":67,"column":6},"end":{"line":70,"column":7}},"type":"if","locations":[{"start":{"line":67,"column":6},"end":{"line":70,"column":7}},{"start":{"line":67,"column":6},"end":{"line":70,"column":7}}],"line":67},"6":{"loc":{"start":{"line":80,"column":4},"end":{"line":82,"column":5}},"type":"if","locations":[{"start":{"line":80,"column":4},"end":{"line":82,"column":5}},{"start":{"line":80,"column":4},"end":{"line":82,"column":5}}],"line":80}},"s":{"0":1,"1":10,"2":10,"3":10,"4":8,"5":8,"6":8,"7":8,"8":0,"9":0,"10":8,"11":8,"12":12,"13":12,"14":1,"15":11,"16":11,"17":3,"18":11,"19":2,"20":2,"21":2,"22":0,"23":0,"24":2,"25":2,"26":2,"27":2,"28":2,"29":0,"30":2,"31":2,"32":2,"33":2,"34":2,"35":2,"36":2,"37":0,"38":3,"39":3,"40":8,"41":2,"42":2,"43":6,"44":1,"45":1,"46":2,"47":2,"48":0,"49":2,"50":2,"51":7,"52":7,"53":2,"54":1,"55":1,"56":1,"57":1,"58":1,"59":1,"60":1,"61":1,"62":1},"f":{"0":10,"1":8,"2":12,"3":2,"4":2,"5":3,"6":2},"b":{"0":[8,0],"1":[1,11],"2":[0,2],"3":[2,0],"4":[2,0],"5":[2,6],"6":[0,2]},"_coverageSchema":"1a1c01bbd47fc00a2c39e90264f33305004495a9","hash":"687e1fff67a20577cd2356d472d1ffb46479b8e9"}
,"/home/ibrahem0_0omari/DSA/401_code-challanges/Class_06/node.js": {"path":"/home/ibrahem0_0omari/DSA/401_code-challanges/Class_06/node.js","statementMap":{"0":{"start":{"line":3,"column":8},"end":{"line":3,"column":25}},"1":{"start":{"line":4,"column":8},"end":{"line":4,"column":23}},"2":{"start":{"line":8,"column":0},"end":{"line":8,"column":20}}},"fnMap":{"0":{"name":"(anonymous_0)","decl":{"start":{"line":2,"column":4},"end":{"line":2,"column":5}},"loc":{"start":{"line":2,"column":22},"end":{"line":5,"column":5}},"line":2}},"branchMap":{},"s":{"0":25,"1":25,"2":2},"f":{"0":25},"b":{},"_coverageSchema":"1a1c01bbd47fc00a2c39e90264f33305004495a9","hash":"aac660520458e2f31d91a0066fd6a2fa9979139c"}
,"/home/ibrahem0_0omari/DSA/401_code-challanges/Class_07/linkedList.js": {"path":"/home/ibrahem0_0omari/DSA/401_code-challanges/Class_07/linkedList.js","statementMap":{"0":{"start":{"line":1,"column":13},"end":{"line":1,"column":30}},"1":{"start":{"line":5,"column":4},"end":{"line":5,"column":21}},"2":{"start":{"line":6,"column":4},"end":{"line":6,"column":21}},"3":{"start":{"line":7,"column":4},"end":{"line":7,"column":20}},"4":{"start":{"line":11,"column":18},"end":{"line":11,"column":31}},"5":{"start":{"line":12,"column":4},"end":{"line":18,"column":5}},"6":{"start":{"line":13,"column":6},"end":{"line":13,"column":26}},"7":{"start":{"line":14,"column":6},"end":{"line":14,"column":28}},"8":{"start":{"line":16,"column":6},"end":{"line":16,"column":26}},"9":{"start":{"line":17,"column":6},"end":{"line":17,"column":31}},"10":{"start":{"line":19,"column":4},"end":{"line":19,"column":18}},"11":{"start":{"line":20,"column":4},"end":{"line":20,"column":21}},"12":{"start":{"line":23,"column":18},"end":{"line":23,"column":33}},"13":{"start":{"line":24,"column":4},"end":{"line":32,"column":5}},"14":{"start":{"line":25,"column":6},"end":{"line":25,"column":26}},"15":{"start":{"line":27,"column":24},"end":{"line":27,"column":33}},"16":{"start":{"line":28,"column":6},"end":{"line":30,"column":7}},"17":{"start":{"line":29,"column":8},"end":{"line":29,"column":39}},"18":{"start":{"line":31,"column":6},"end":{"line":31,"column":33}},"19":{"start":{"line":36,"column":16},"end":{"line":36,"column":34}},"20":{"start":{"line":37,"column":16},"end":{"line":37,"column":25}},"21":{"start":{"line":38,"column":4},"end":{"line":41,"column":5}},"22":{"start":{"line":39,"column":6},"end":{"line":39,"column":27}},"23":{"start":{"line":40,"column":6},"end":{"line":40,"column":24}},"24":{"start":{"line":42,"column":4},"end":{"line":49,"column":5}},"25":{"start":{"line":43,"column":6},"end":{"line":47,"column":7}},"26":{"start":{"line":44,"column":8},"end":{"line":44,"column":34}},"27":{"start":{"line":45,"column":8},"end":{"line":45,"column":29}},"28":{"start":{"line":46,"column":8},"end":{"line":46,"column":14}},"29":{"start":{"line":48,"column":6},"end":{"line":48,"column":27}},"30":{"start":{"line":52,"column":16},"end":{"line":52,"column":34}},"31":{"start":{"line":53,"column":16},"end":{"line":53,"column":25}},"32":{"start":{"line":54,"column":4},"end":{"line":61,"column":5}},"33":{"start":{"line":55,"column":6},"end":{"line":59,"column":7}},"34":{"start":{"line":56,"column":8},"end":{"line":56,"column":34}},"35":{"start":{"line":57,"column":8},"end":{"line":57,"column":29}},"36":{"start":{"line":58,"column":8},"end":{"line":58,"column":14}},"37":{"start":{"line":60,"column":6},"end":{"line":60,"column":27}},"38":{"start":{"line":65,"column":18},"end":{"line":65,"column":27}},"39":{"start":{"line":66,"column":4},"end":{"line":72,"column":5}},"40":{"start":{"line":67,"column":6},"end":{"line":70,"column":7}},"41":{"start":{"line":68,"column":8},"end":{"line":68,"column":55}},"42":{"start":{"line":69,"column":8},"end":{"line":69,"column":20}},"43":{"start":{"line":71,"column":6},"end":{"line":71,"column":29}},"44":{"start":{"line":73,"column":4},"end":{"line":73,"column":53}},"45":{"start":{"line":74,"column":4},"end":{"line":74,"column":17}},"46":{"start":{"line":78,"column":24},"end":{"line":78,"column":26}},"47":{"start":{"line":79,"column":18},"end":{"line":79,"column":27}},"48":{"start":{"line":80,"column":6},"end":{"line":83,"column":7}},"49":{"start":{"line":81,"column":8},"end":{"line":81,"column":42}},"50":{"start":{"line":82,"column":8},"end":{"line":82,"column":29}},"51":{"start":{"line":85,"column":6},"end":{"line":85,"column":30}},"52":{"start":{"line":87,"column":6},"end":{"line":91,"column":7}},"53":{"start":{"line":88,"column":8},"end":{"line":88,"column":23}},"54":{"start":{"line":90,"column":8},"end":{"line":90,"column":31}},"55":{"start":{"line":95,"column":18},"end":{"line":95,"column":27}},"56":{"start":{"line":96,"column":4},"end":{"line":98,"column":5}},"57":{"start":{"line":97,"column":6},"end":{"line":97,"column":57}},"58":{"start":{"line":100,"column":17},"end":{"line":100,"column":19}},"59":{"start":{"line":101,"column":4},"end":{"line":104,"column":5}},"60":{"start":{"line":102,"column":6},"end":{"line":102,"column":40}},"61":{"start":{"line":103,"column":6},"end":{"line":103,"column":29}},"62":{"start":{"line":105,"column":4},"end":{"line":105,"column":30}},"63":{"start":{"line":109,"column":11},"end":{"line":109,"column":27}},"64":{"start":{"line":110,"column":0},"end":{"line":110,"column":15}},"65":{"start":{"line":111,"column":0},"end":{"line":111,"column":15}},"66":{"start":{"line":112,"column":0},"end":{"line":112,"column":15}},"67":{"start":{"line":113,"column":0},"end":{"line":113,"column":15}},"68":{"start":{"line":114,"column":0},"end":{"line":114,"column":23}},"69":{"start":{"line":115,"column":0},"end":{"line":115,"column":24}},"70":{"start":{"line":118,"column":0},"end":{"line":118,"column":29}},"71":{"start":{"line":119,"column":0},"end":{"line":119,"column":30}},"72":{"start":{"line":120,"column":0},"end":{"line":120,"column":32}},"73":{"start":{"line":121,"column":0},"end":{"line":121,"column":25}}},"fnMap":{"0":{"name":"(anonymous_0)","decl":{"start":{"line":4,"column":2},"end":{"line":4,"column":3}},"loc":{"start":{"line":4,"column":16},"end":{"line":8,"column":3}},"line":4},"1":{"name":"(anonymous_1)","decl":{"start":{"line":10,"column":2},"end":{"line":10,"column":3}},"loc":{"start":{"line":10,"column":14},"end":{"line":21,"column":3}},"line":10},"2":{"name":"(anonymous_2)","decl":{"start":{"line":22,"column":2},"end":{"line":22,"column":3}},"loc":{"start":{"line":22,"column":16},"end":{"line":33,"column":3}},"line":22},"3":{"name":"(anonymous_3)","decl":{"start":{"line":35,"column":2},"end":{"line":35,"column":3}},"loc":{"start":{"line":35,"column":30},"end":{"line":50,"column":3}},"line":35},"4":{"name":"(anonymous_4)","decl":{"start":{"line":51,"column":2},"end":{"line":51,"column":3}},"loc":{"start":{"line":51,"column":29},"end":{"line":62,"column":3}},"line":51},"5":{"name":"(anonymous_5)","decl":{"start":{"line":64,"column":2},"end":{"line":64,"column":3}},"loc":{"start":{"line":64,"column":18},"end":{"line":75,"column":3}},"line":64},"6":{"name":"(anonymous_6)","decl":{"start":{"line":76,"column":2},"end":{"line":76,"column":3}},"loc":{"start":{"line":76,"column":15},"end":{"line":92,"column":3}},"line":76},"7":{"name":"(anonymous_7)","decl":{"start":{"line":94,"column":2},"end":{"line":94,"column":3}},"loc":{"start":{"line":94,"column":13},"end":{"line":106,"column":3}},"line":94}},"branchMap":{"0":{"loc":{"start":{"line":12,"column":4},"end":{"line":18,"column":5}},"type":"if","locations":[{"start":{"line":12,"column":4},"end":{"line":18,"column":5}},{"start":{"line":12,"column":4},"end":{"line":18,"column":5}}],"line":12},"1":{"loc":{"start":{"line":24,"column":4},"end":{"line":32,"column":5}},"type":"if","locations":[{"start":{"line":24,"column":4},"end":{"line":32,"column":5}},{"start":{"line":24,"column":4},"end":{"line":32,"column":5}}],"line":24},"2":{"loc":{"start":{"line":38,"column":4},"end":{"line":41,"column":5}},"type":"if","locations":[{"start":{"line":38,"column":4},"end":{"line":41,"column":5}},{"start":{"line":38,"column":4},"end":{"line":41,"column":5}}],"line":38},"3":{"loc":{"start":{"line":43,"column":6},"end":{"line":47,"column":7}},"type":"if","locations":[{"start":{"line":43,"column":6},"end":{"line":47,"column":7}},{"start":{"line":43,"column":6},"end":{"line":47,"column":7}}],"line":43},"4":{"loc":{"start":{"line":55,"column":6},"end":{"line":59,"column":7}},"type":"if","locations":[{"start":{"line":55,"column":6},"end":{"line":59,"column":7}},{"start":{"line":55,"column":6},"end":{"line":59,"column":7}}],"line":55},"5":{"loc":{"start":{"line":67,"column":6},"end":{"line":70,"column":7}},"type":"if","locations":[{"start":{"line":67,"column":6},"end":{"line":70,"column":7}},{"start":{"line":67,"column":6},"end":{"line":70,"column":7}}],"line":67},"6":{"loc":{"start":{"line":87,"column":6},"end":{"line":91,"column":7}},"type":"if","locations":[{"start":{"line":87,"column":6},"end":{"line":91,"column":7}},{"start":{"line":87,"column":6},"end":{"line":91,"column":7}}],"line":87},"7":{"loc":{"start":{"line":87,"column":9},"end":{"line":87,"column":39}},"type":"binary-expr","locations":[{"start":{"line":87,"column":9},"end":{"line":87,"column":32}},{"start":{"line":87,"column":36},"end":{"line":87,"column":39}}],"line":87},"8":{"loc":{"start":{"line":96,"column":4},"end":{"line":98,"column":5}},"type":"if","locations":[{"start":{"line":96,"column":4},"end":{"line":98,"column":5}},{"start":{"line":96,"column":4},"end":{"line":98,"column":5}}],"line":96}},"s":{"0":1,"1":15,"2":15,"3":15,"4":13,"5":13,"6":13,"7":13,"8":0,"9":0,"10":13,"11":13,"12":25,"13":25,"14":1,"15":24,"16":24,"17":17,"18":24,"19":3,"20":3,"21":3,"22":1,"23":1,"24":3,"25":8,"26":2,"27":2,"28":2,"29":6,"30":1,"31":1,"32":1,"33":1,"34":1,"35":1,"36":1,"37":0,"38":3,"39":3,"40":10,"41":2,"42":2,"43":8,"44":1,"45":1,"46":6,"47":6,"48":6,"49":23,"50":23,"51":6,"52":6,"53":3,"54":3,"55":2,"56":2,"57":0,"58":2,"59":2,"60":8,"61":8,"62":2,"63":1,"64":1,"65":1,"66":1,"67":1,"68":1,"69":1,"70":1,"71":1,"72":1,"73":1},"f":{"0":15,"1":13,"2":25,"3":3,"4":1,"5":3,"6":6,"7":2},"b":{"0":[13,0],"1":[1,24],"2":[1,2],"3":[2,6],"4":[1,0],"5":[2,8],"6":[3,3],"7":[6,4],"8":[0,2]},"_coverageSchema":"1a1c01bbd47fc00a2c39e90264f33305004495a9","hash":"dd69cd9f281069b68533137824301b97fa65790f"}
,"/home/ibrahem0_0omari/DSA/401_code-challanges/Class_07/node.js": {"path":"/home/ibrahem0_0omari/DSA/401_code-challanges/Class_07/node.js","statementMap":{"0":{"start":{"line":3,"column":8},"end":{"line":3,"column":25}},"1":{"start":{"line":4,"column":8},"end":{"line":4,"column":23}},"2":{"start":{"line":8,"column":0},"end":{"line":8,"column":20}}},"fnMap":{"0":{"name":"(anonymous_0)","decl":{"start":{"line":2,"column":4},"end":{"line":2,"column":5}},"loc":{"start":{"line":2,"column":22},"end":{"line":5,"column":5}},"line":2}},"branchMap":{},"s":{"0":43,"1":43,"2":2},"f":{"0":43},"b":{},"_coverageSchema":"1a1c01bbd47fc00a2c39e90264f33305004495a9","hash":"bee744ac14299a18012455df33bce8c1944e07c8"}
,"/home/ibrahem0_0omari/DSA/javascript/code-challenges/reverse-ll/reverse-ll.js": {"path":"/home/ibrahem0_0omari/DSA/javascript/code-challenges/reverse-ll/reverse-ll.js","statementMap":{"0":{"start":{"line":4,"column":19},"end":{"line":4,"column":47}},"1":{"start":{"line":12,"column":0},"end":{"line":16,"column":1}},"2":{"start":{"line":14,"column":2},"end":{"line":14,"column":14}}},"fnMap":{"0":{"name":"reverse","decl":{"start":{"line":12,"column":26},"end":{"line":12,"column":33}},"loc":{"start":{"line":12,"column":40},"end":{"line":16,"column":1}},"line":12}},"branchMap":{},"s":{"0":1,"1":1,"2":1},"f":{"0":1},"b":{},"_coverageSchema":"1a1c01bbd47fc00a2c39e90264f33305004495a9","hash":"b3968b21419e893f69580b7fa6dc46bb72bc8e91"}
,"/home/ibrahem0_0omari/DSA/javascript/linked-list/index.js": {"path":"/home/ibrahem0_0omari/DSA/javascript/linked-list/index.js","statementMap":{"0":{"start":{"line":7,"column":0},"end":{"line":7,"column":28}}},"fnMap":{},"branchMap":{},"s":{"0":2},"f":{},"b":{},"_coverageSchema":"1a1c01bbd47fc00a2c39e90264f33305004495a9","hash":"0c9d7f358e64bf59f0a9b33eb0c8cd119b09383d"}
}
