TN:
SF:401_code-challanges/Class_05/linkedList.js
FN:4,(anonymous_0)
FN:10,(anonymous_1)
FN:22,(anonymous_2)
FN:35,(anonymous_3)
FN:48,(anonymous_4)
FNF:5
FNH:5
FNDA:8,(anonymous_0)
FNDA:6,(anonymous_1)
FNDA:7,(anonymous_2)
FNDA:3,(anonymous_3)
FNDA:2,(anonymous_4)
DA:1,1
DA:5,8
DA:6,8
DA:7,8
DA:11,6
DA:12,6
DA:13,6
DA:14,6
DA:16,0
DA:17,0
DA:19,6
DA:20,6
DA:23,7
DA:24,7
DA:25,1
DA:27,6
DA:28,6
DA:29,0
DA:31,6
DA:36,3
DA:37,3
DA:38,6
DA:39,2
DA:40,2
DA:42,4
DA:44,1
DA:45,1
DA:49,2
DA:50,2
DA:51,0
DA:54,2
DA:55,2
DA:56,4
DA:57,4
DA:59,2
DA:63,1
DA:64,1
DA:65,1
DA:68,1
DA:69,1
DA:74,1
LF:41
LH:37
BRDA:12,0,0,6
BRDA:12,0,1,0
BRDA:24,1,0,1
BRDA:24,1,1,6
BRDA:38,2,0,2
BRDA:38,2,1,4
BRDA:50,3,0,0
BRDA:50,3,1,2
BRF:8
BRH:6
end_of_record
TN:
SF:401_code-challanges/Class_05/node.js
FN:2,(anonymous_0)
FNF:1
FNH:1
FNDA:14,(anonymous_0)
DA:3,14
DA:4,14
DA:8,2
LF:3
LH:3
BRF:0
BRH:0
end_of_record
TN:
SF:401_code-challanges/Class_06/linkedList.js
FN:4,(anonymous_0)
FN:10,(anonymous_1)
FN:22,(anonymous_2)
FN:35,(anonymous_3)
FN:51,(anonymous_4)
FN:64,(anonymous_5)
FN:78,(anonymous_6)
FNF:7
FNH:7
FNDA:10,(anonymous_0)
FNDA:8,(anonymous_1)
FNDA:12,(anonymous_2)
FNDA:2,(anonymous_3)
FNDA:2,(anonymous_4)
FNDA:3,(anonymous_5)
FNDA:2,(anonymous_6)
DA:1,1
DA:5,10
DA:6,10
DA:7,10
DA:11,8
DA:12,8
DA:13,8
DA:14,8
DA:16,0
DA:17,0
DA:19,8
DA:20,8
DA:23,12
DA:24,12
DA:25,1
DA:27,11
DA:28,11
DA:29,3
DA:31,11
DA:36,2
DA:37,2
DA:38,2
DA:39,0
DA:40,0
DA:42,2
DA:43,2
DA:44,2
DA:45,2
DA:46,2
DA:48,0
DA:52,2
DA:53,2
DA:54,2
DA:55,2
DA:56,2
DA:57,2
DA:58,2
DA:60,0
DA:65,3
DA:66,3
DA:67,8
DA:68,2
DA:69,2
DA:71,6
DA:73,1
DA:74,1
DA:79,2
DA:80,2
DA:81,0
DA:84,2
DA:85,2
DA:86,7
DA:87,7
DA:89,2
DA:93,1
DA:94,1
DA:95,1
DA:96,1
DA:97,1
DA:98,1
DA:101,1
DA:102,1
DA:103,1
LF:63
LH:56
BRDA:12,0,0,8
BRDA:12,0,1,0
BRDA:24,1,0,1
BRDA:24,1,1,11
BRDA:38,2,0,0
BRDA:38,2,1,2
BRDA:43,3,0,2
BRDA:43,3,1,0
BRDA:55,4,0,2
BRDA:55,4,1,0
BRDA:67,5,0,2
BRDA:67,5,1,6
BRDA:80,6,0,0
BRDA:80,6,1,2
BRF:14
BRH:9
end_of_record
TN:
SF:401_code-challanges/Class_06/node.js
FN:2,(anonymous_0)
FNF:1
FNH:1
FNDA:25,(anonymous_0)
DA:3,25
DA:4,25
DA:8,2
LF:3
LH:3
BRF:0
BRH:0
end_of_record
TN:
SF:401_code-challanges/Class_07/linkedList.js
FN:4,(anonymous_0)
FN:10,(anonymous_1)
FN:22,(anonymous_2)
FN:35,(anonymous_3)
FN:51,(anonymous_4)
FN:64,(anonymous_5)
FN:76,(anonymous_6)
FN:94,(anonymous_7)
FNF:8
FNH:8
FNDA:15,(anonymous_0)
FNDA:13,(anonymous_1)
FNDA:25,(anonymous_2)
FNDA:3,(anonymous_3)
FNDA:1,(anonymous_4)
FNDA:3,(anonymous_5)
FNDA:6,(anonymous_6)
FNDA:2,(anonymous_7)
DA:1,1
DA:5,15
DA:6,15
DA:7,15
DA:11,13
DA:12,13
DA:13,13
DA:14,13
DA:16,0
DA:17,0
DA:19,13
DA:20,13
DA:23,25
DA:24,25
DA:25,1
DA:27,24
DA:28,24
DA:29,17
DA:31,24
DA:36,3
DA:37,3
DA:38,3
DA:39,1
DA:40,1
DA:42,3
DA:43,8
DA:44,2
DA:45,2
DA:46,2
DA:48,6
DA:52,1
DA:53,1
DA:54,1
DA:55,1
DA:56,1
DA:57,1
DA:58,1
DA:60,0
DA:65,3
DA:66,3
DA:67,10
DA:68,2
DA:69,2
DA:71,8
DA:73,1
DA:74,1
DA:78,6
DA:79,6
DA:80,6
DA:81,23
DA:82,23
DA:85,6
DA:87,6
DA:88,3
DA:90,3
DA:95,2
DA:96,2
DA:97,0
DA:100,2
DA:101,2
DA:102,8
DA:103,8
DA:105,2
DA:109,1
DA:110,1
DA:111,1
DA:112,1
DA:113,1
DA:114,1
DA:115,1
DA:118,1
DA:119,1
DA:120,1
DA:121,1
LF:74
LH:70
BRDA:12,0,0,13
BRDA:12,0,1,0
BRDA:24,1,0,1
BRDA:24,1,1,24
BRDA:38,2,0,1
BRDA:38,2,1,2
BRDA:43,3,0,2
BRDA:43,3,1,6
BRDA:55,4,0,1
BRDA:55,4,1,0
BRDA:67,5,0,2
BRDA:67,5,1,8
BRDA:87,6,0,3
BRDA:87,6,1,3
BRDA:87,7,0,6
BRDA:87,7,1,4
BRDA:96,8,0,0
BRDA:96,8,1,2
BRF:18
BRH:15
end_of_record
TN:
SF:401_code-challanges/Class_07/node.js
FN:2,(anonymous_0)
FNF:1
FNH:1
FNDA:43,(anonymous_0)
DA:3,43
DA:4,43
DA:8,2
LF:3
LH:3
BRF:0
BRH:0
end_of_record
TN:
SF:javascript/code-challenges/reverse-ll/reverse-ll.js
FN:12,reverse
FNF:1
FNH:1
FNDA:1,reverse
DA:4,1
DA:12,1
DA:14,1
LF:3
LH:3
BRF:0
BRH:0
end_of_record
TN:
SF:javascript/linked-list/index.js
FNF:0
FNH:0
DA:7,2
LF:1
LH:1
BRF:0
BRH:0
end_of_record
