TN:
SF:401_code-challanges/Class_05/linkedList.js
FN:4,(anonymous_0)
FN:10,(anonymous_1)
FN:22,(anonymous_2)
FN:35,(anonymous_3)
FN:48,(anonymous_4)
FNF:5
FNH:5
FNDA:8,(anonymous_0)
FNDA:6,(anonymous_1)
FNDA:7,(anonymous_2)
FNDA:3,(anonymous_3)
FNDA:2,(anonymous_4)
DA:1,1
DA:5,8
DA:6,8
DA:7,8
DA:11,6
DA:12,6
DA:13,6
DA:14,6
DA:16,0
DA:17,0
DA:19,6
DA:20,6
DA:23,7
DA:24,7
DA:25,1
DA:27,6
DA:28,6
DA:29,0
DA:31,6
DA:36,3
DA:37,3
DA:38,6
DA:39,2
DA:40,2
DA:42,4
DA:44,1
DA:45,1
DA:49,2
DA:50,2
DA:51,0
DA:54,2
DA:55,2
DA:56,4
DA:57,4
DA:59,2
DA:63,1
DA:64,1
DA:65,1
DA:68,1
DA:69,1
DA:74,1
LF:41
LH:37
BRDA:12,0,0,6
BRDA:12,0,1,0
BRDA:24,1,0,1
BRDA:24,1,1,6
BRDA:38,2,0,2
BRDA:38,2,1,4
BRDA:50,3,0,0
BRDA:50,3,1,2
BRF:8
BRH:6
end_of_record
TN:
SF:401_code-challanges/Class_05/node.js
FN:2,(anonymous_0)
FNF:1
FNH:1
FNDA:14,(anonymous_0)
DA:3,14
DA:4,14
DA:8,2
LF:3
LH:3
BRF:0
BRH:0
end_of_record
TN:
SF:401_code-challanges/Class_06/linkedList.js
FN:4,(anonymous_0)
FN:10,(anonymous_1)
FN:22,(anonymous_2)
FN:35,(anonymous_3)
FN:51,(anonymous_4)
FN:64,(anonymous_5)
FN:78,(anonymous_6)
FNF:7
FNH:7
FNDA:10,(anonymous_0)
FNDA:8,(anonymous_1)
FNDA:12,(anonymous_2)
FNDA:2,(anonymous_3)
FNDA:2,(anonymous_4)
FNDA:3,(anonymous_5)
FNDA:2,(anonymous_6)
DA:1,1
DA:5,10
DA:6,10
DA:7,10
DA:11,8
DA:12,8
DA:13,8
DA:14,8
DA:16,0
DA:17,0
DA:19,8
DA:20,8
DA:23,12
DA:24,12
DA:25,1
DA:27,11
DA:28,11
DA:29,3
DA:31,11
DA:36,2
DA:37,2
DA:38,2
DA:39,0
DA:40,0
DA:42,2
DA:43,2
DA:44,2
DA:45,2
DA:46,2
DA:48,0
DA:52,2
DA:53,2
DA:54,2
DA:55,2
DA:56,2
DA:57,2
DA:58,2
DA:60,0
DA:65,3
DA:66,3
DA:67,8
DA:68,2
DA:69,2
DA:71,6
DA:73,1
DA:74,1
DA:79,2
DA:80,2
DA:81,0
DA:84,2
DA:85,2
DA:86,7
DA:87,7
DA:89,2
DA:93,1
DA:94,1
DA:95,1
DA:96,1
DA:97,1
DA:98,1
DA:101,1
DA:102,1
DA:103,1
LF:63
LH:56
BRDA:12,0,0,8
BRDA:12,0,1,0
BRDA:24,1,0,1
BRDA:24,1,1,11
BRDA:38,2,0,0
BRDA:38,2,1,2
BRDA:43,3,0,2
BRDA:43,3,1,0
BRDA:55,4,0,2
BRDA:55,4,1,0
BRDA:67,5,0,2
BRDA:67,5,1,6
BRDA:80,6,0,0
BRDA:80,6,1,2
BRF:14
BRH:9
end_of_record
TN:
SF:401_code-challanges/Class_06/node.js
FN:2,(anonymous_0)
FNF:1
FNH:1
FNDA:25,(anonymous_0)
DA:3,25
DA:4,25
DA:8,2
LF:3
LH:3
BRF:0
BRH:0
end_of_record
TN:
SF:401_code-challanges/Class_07/linkedList.js
FN:4,(anonymous_0)
FN:10,(anonymous_1)
FN:22,(anonymous_2)
FN:35,(anonymous_3)
FN:51,(anonymous_4)
FN:64,(anonymous_5)
FN:76,(anonymous_6)
FN:94,(anonymous_7)
FNF:8
FNH:8
FNDA:15,(anonymous_0)
FNDA:13,(anonymous_1)
FNDA:25,(anonymous_2)
FNDA:3,(anonymous_3)
FNDA:1,(anonymous_4)
FNDA:3,(anonymous_5)
FNDA:6,(anonymous_6)
FNDA:2,(anonymous_7)
DA:1,1
DA:5,15
DA:6,15
DA:7,15
DA:11,13
DA:12,13
DA:13,13
DA:14,13
DA:16,0
DA:17,0
DA:19,13
DA:20,13
DA:23,25
DA:24,25
DA:25,1
DA:27,24
DA:28,24
DA:29,17
DA:31,24
DA:36,3
DA:37,3
DA:38,3
DA:39,1
DA:40,1
DA:42,3
DA:43,8
DA:44,2
DA:45,2
DA:46,2
DA:48,6
DA:52,1
DA:53,1
DA:54,1
DA:55,1
DA:56,1
DA:57,1
DA:58,1
DA:60,0
DA:65,3
DA:66,3
DA:67,10
DA:68,2
DA:69,2
DA:71,8
DA:73,1
DA:74,1
DA:78,6
DA:79,6
DA:80,6
DA:81,23
DA:82,23
DA:85,6
DA:87,6
DA:88,3
DA:90,3
DA:95,2
DA:96,2
DA:97,0
DA:100,2
DA:101,2
DA:102,8
DA:103,8
DA:105,2
DA:109,1
DA:110,1
DA:111,1
DA:112,1
DA:113,1
DA:114,1
DA:115,1
DA:118,1
DA:119,1
DA:120,1
DA:121,1
LF:74
LH:70
BRDA:12,0,0,13
BRDA:12,0,1,0
BRDA:24,1,0,1
BRDA:24,1,1,24
BRDA:38,2,0,1
BRDA:38,2,1,2
BRDA:43,3,0,2
BRDA:43,3,1,6
BRDA:55,4,0,1
BRDA:55,4,1,0
BRDA:67,5,0,2
BRDA:67,5,1,8
BRDA:87,6,0,3
BRDA:87,6,1,3
BRDA:87,7,0,6
BRDA:87,7,1,4
BRDA:96,8,0,0
BRDA:96,8,1,2
BRF:18
BRH:15
end_of_record
TN:
SF:401_code-challanges/Class_07/node.js
FN:2,(anonymous_0)
FNF:1
FNH:1
FNDA:43,(anonymous_0)
DA:3,43
DA:4,43
DA:8,2
LF:3
LH:3
BRF:0
BRH:0
end_of_record
TN:
SF:401_code-challanges/Class_08/linkedList.js
FN:4,(anonymous_0)
FN:10,(anonymous_1)
FN:22,(anonymous_2)
FN:36,(anonymous_3)
FN:52,(anonymous_4)
FN:65,(anonymous_5)
FN:77,(anonymous_6)
FN:94,(anonymous_7)
FN:123,(anonymous_8)
FNF:9
FNH:9
FNDA:30,(anonymous_0)
FNDA:23,(anonymous_1)
FNDA:64,(anonymous_2)
FNDA:3,(anonymous_3)
FNDA:1,(anonymous_4)
FNDA:2,(anonymous_5)
FNDA:5,(anonymous_6)
FNDA:4,(anonymous_7)
FNDA:5,(anonymous_8)
DA:1,1
DA:5,30
DA:6,30
DA:7,30
DA:11,23
DA:12,23
DA:13,23
DA:14,23
DA:16,0
DA:17,0
DA:19,23
DA:20,23
DA:23,64
DA:24,64
DA:25,1
DA:27,63
DA:28,63
DA:29,91
DA:31,63
DA:32,63
DA:37,3
DA:38,3
DA:39,3
DA:40,1
DA:41,1
DA:43,3
DA:44,8
DA:45,2
DA:46,2
DA:47,2
DA:49,6
DA:53,1
DA:54,1
DA:55,1
DA:56,1
DA:57,1
DA:58,1
DA:59,1
DA:61,0
DA:66,2
DA:67,2
DA:68,4
DA:69,1
DA:70,1
DA:72,3
DA:74,1
DA:75,1
DA:78,5
DA:79,5
DA:80,5
DA:81,17
DA:82,17
DA:85,5
DA:87,5
DA:88,3
DA:90,2
DA:95,4
DA:96,4
DA:97,1
DA:100,3
DA:101,0
DA:103,3
DA:104,3
DA:106,3
DA:107,3
DA:108,3
DA:109,10
DA:110,10
DA:111,10
DA:114,10
DA:115,6
DA:116,6
DA:120,3
DA:124,5
DA:125,5
DA:126,0
DA:129,5
DA:130,5
DA:131,29
DA:132,29
DA:134,5
DA:138,1
DA:139,1
DA:140,1
DA:141,1
DA:142,1
DA:143,1
DA:144,1
DA:146,1
DA:147,1
DA:148,1
DA:149,1
DA:150,1
DA:151,1
DA:152,1
DA:153,1
DA:154,1
DA:155,1
DA:157,1
DA:160,1
LF:100
LH:95
BRDA:12,0,0,23
BRDA:12,0,1,0
BRDA:24,1,0,1
BRDA:24,1,1,63
BRDA:39,2,0,1
BRDA:39,2,1,2
BRDA:44,3,0,2
BRDA:44,3,1,6
BRDA:56,4,0,1
BRDA:56,4,1,0
BRDA:68,5,0,1
BRDA:68,5,1,3
BRDA:87,6,0,3
BRDA:87,6,1,2
BRDA:87,7,0,5
BRDA:87,7,1,3
BRDA:96,8,0,1
BRDA:96,8,1,3
BRDA:100,9,0,0
BRDA:100,9,1,3
BRDA:108,10,0,13
BRDA:108,10,1,3
BRDA:109,11,0,10
BRDA:109,11,1,0
BRDA:114,12,0,6
BRDA:114,12,1,4
BRDA:125,13,0,0
BRDA:125,13,1,5
BRF:28
BRH:23
end_of_record
TN:
SF:401_code-challanges/Class_08/node.js
FN:2,(anonymous_0)
FNF:1
FNH:1
FNDA:92,(anonymous_0)
DA:3,92
DA:4,92
DA:8,2
LF:3
LH:3
BRF:0
BRH:0
end_of_record
TN:
SF:401_code-challanges/Class_09/linkedList.js
FN:4,(anonymous_0)
FN:10,(anonymous_1)
FN:22,(anonymous_2)
FN:36,(anonymous_3)
FN:52,(anonymous_4)
FN:65,(anonymous_5)
FN:77,(anonymous_6)
FN:94,(anonymous_7)
FN:122,(anonymous_8)
FN:149,(anonymous_9)
FNF:10
FNH:10
FNDA:31,(anonymous_0)
FNDA:24,(anonymous_1)
FNDA:67,(anonymous_2)
FNDA:1,(anonymous_3)
FNDA:1,(anonymous_4)
FNDA:2,(anonymous_5)
FNDA:5,(anonymous_6)
FNDA:3,(anonymous_7)
FNDA:3,(anonymous_8)
FNDA:4,(anonymous_9)
DA:1,1
DA:5,31
DA:6,31
DA:7,31
DA:11,24
DA:12,24
DA:13,24
DA:14,24
DA:16,0
DA:17,0
DA:19,24
DA:20,24
DA:23,67
DA:24,67
DA:25,1
DA:27,66
DA:28,66
DA:29,91
DA:31,66
DA:32,66
DA:37,1
DA:38,1
DA:39,1
DA:40,0
DA:41,0
DA:43,1
DA:44,1
DA:45,1
DA:46,1
DA:47,1
DA:49,0
DA:53,1
DA:54,1
DA:55,1
DA:56,1
DA:57,1
DA:58,1
DA:59,1
DA:61,0
DA:66,2
DA:67,2
DA:68,4
DA:69,1
DA:70,1
DA:72,3
DA:74,1
DA:75,1
DA:78,5
DA:79,5
DA:80,5
DA:81,17
DA:82,17
DA:85,5
DA:87,5
DA:88,3
DA:90,2
DA:95,3
DA:96,3
DA:97,1
DA:100,2
DA:101,0
DA:103,2
DA:104,2
DA:106,2
DA:107,2
DA:108,2
DA:109,6
DA:110,6
DA:111,6
DA:114,6
DA:115,4
DA:116,4
DA:120,2
DA:123,3
DA:124,3
DA:125,3
DA:127,3
DA:128,0
DA:131,3
DA:132,6
DA:133,6
DA:134,6
DA:136,3
DA:137,1
DA:140,3
DA:141,6
DA:142,6
DA:143,1
DA:146,2
DA:150,4
DA:151,4
DA:152,0
DA:155,4
DA:156,4
DA:157,21
DA:158,21
DA:160,4
DA:164,1
DA:165,1
DA:166,1
DA:167,1
DA:168,1
DA:169,1
DA:171,1
DA:172,1
DA:173,1
DA:174,1
DA:175,1
DA:177,1
DA:178,1
DA:179,1
DA:180,1
DA:181,1
DA:182,1
DA:183,1
DA:184,1
DA:186,1
DA:187,1
DA:188,1
DA:192,1
DA:193,1
DA:194,1
DA:195,1
DA:196,1
DA:197,1
DA:198,1
DA:199,1
DA:200,1
DA:201,1
DA:206,1
LF:130
LH:121
BRDA:12,0,0,24
BRDA:12,0,1,0
BRDA:24,1,0,1
BRDA:24,1,1,66
BRDA:39,2,0,0
BRDA:39,2,1,1
BRDA:44,3,0,1
BRDA:44,3,1,0
BRDA:56,4,0,1
BRDA:56,4,1,0
BRDA:68,5,0,1
BRDA:68,5,1,3
BRDA:87,6,0,3
BRDA:87,6,1,2
BRDA:87,7,0,5
BRDA:87,7,1,3
BRDA:96,8,0,1
BRDA:96,8,1,2
BRDA:100,9,0,0
BRDA:100,9,1,2
BRDA:108,10,0,8
BRDA:108,10,1,2
BRDA:109,11,0,6
BRDA:109,11,1,0
BRDA:114,12,0,4
BRDA:114,12,1,2
BRDA:127,13,0,0
BRDA:127,13,1,3
BRDA:131,14,0,9
BRDA:131,14,1,7
BRDA:136,15,0,1
BRDA:136,15,1,2
BRDA:142,16,0,1
BRDA:142,16,1,5
BRDA:151,17,0,0
BRDA:151,17,1,4
BRF:36
BRH:28
end_of_record
TN:
SF:401_code-challanges/Class_09/node.js
FN:2,(anonymous_0)
FNF:1
FNH:1
FNDA:94,(anonymous_0)
DA:3,94
DA:4,94
DA:8,2
LF:3
LH:3
BRF:0
BRH:0
end_of_record
TN:
SF:401_code-challanges/Class_10/node.js
FN:4,(anonymous_0)
FNF:1
FNH:1
FNDA:37,(anonymous_0)
DA:5,37
DA:6,37
DA:11,3
LF:3
LH:3
BRF:0
BRH:0
end_of_record
TN:
SF:401_code-challanges/Class_10/queue.js
FN:6,(anonymous_0)
FN:11,(anonymous_1)
FN:22,(anonymous_2)
FN:35,(anonymous_3)
FN:44,(anonymous_4)
FNF:5
FNH:5
FNDA:8,(anonymous_0)
FNDA:17,(anonymous_1)
FNDA:4,(anonymous_2)
FNDA:1,(anonymous_3)
FNDA:1,(anonymous_4)
DA:3,1
DA:7,8
DA:8,8
DA:12,17
DA:13,17
DA:14,7
DA:15,7
DA:17,10
DA:18,10
DA:23,4
DA:24,0
DA:26,4
DA:27,4
DA:28,1
DA:30,4
DA:32,4
DA:37,1
DA:38,1
DA:39,1
DA:41,0
DA:45,1
DA:46,0
DA:48,1
DA:53,1
DA:54,1
DA:55,1
DA:56,1
DA:58,1
DA:60,1
LF:29
LH:26
BRDA:13,0,0,7
BRDA:13,0,1,10
BRDA:23,1,0,0
BRDA:23,1,1,4
BRDA:27,2,0,1
BRDA:27,2,1,3
BRDA:37,3,0,1
BRDA:37,3,1,0
BRDA:45,4,0,0
BRDA:45,4,1,1
BRF:10
BRH:7
end_of_record
TN:
SF:401_code-challanges/Class_10/stack.js
FN:6,(anonymous_0)
FN:10,(anonymous_1)
FN:19,(anonymous_2)
FN:29,(anonymous_3)
FN:38,(anonymous_4)
FNF:5
FNH:5
FNDA:8,(anonymous_0)
FNDA:19,(anonymous_1)
FNDA:4,(anonymous_2)
FNDA:1,(anonymous_3)
FNDA:1,(anonymous_4)
DA:3,1
DA:7,8
DA:11,19
DA:12,19
DA:13,12
DA:14,12
DA:16,19
DA:20,4
DA:21,4
DA:22,4
DA:23,4
DA:24,4
DA:26,0
DA:31,1
DA:32,1
DA:33,1
DA:35,0
DA:39,1
DA:40,0
DA:42,1
DA:46,1
DA:47,1
DA:48,1
DA:49,1
DA:51,1
DA:54,1
LF:26
LH:23
BRDA:12,0,0,12
BRDA:12,0,1,7
BRDA:20,1,0,4
BRDA:20,1,1,0
BRDA:31,2,0,1
BRDA:31,2,1,0
BRDA:39,3,0,0
BRDA:39,3,1,1
BRF:8
BRH:5
end_of_record
TN:
SF:401_code-challanges/Class_11/node.js
FN:4,(anonymous_0)
FNF:1
FNH:1
FNDA:41,(anonymous_0)
DA:5,41
DA:6,41
DA:10,3
LF:3
LH:3
BRF:0
BRH:0
end_of_record
TN:
SF:401_code-challanges/Class_11/queue.js
FN:7,(anonymous_0)
FN:15,(anonymous_1)
FN:20,(anonymous_2)
FN:35,(anonymous_3)
FN:44,(anonymous_4)
FNF:5
FNH:3
FNDA:4,(anonymous_0)
FNDA:12,(anonymous_1)
FNDA:4,(anonymous_2)
FNDA:0,(anonymous_3)
FNDA:0,(anonymous_4)
DA:4,1
DA:10,4
DA:11,4
DA:12,4
DA:16,12
DA:17,12
DA:21,4
DA:22,2
DA:23,2
DA:26,2
DA:27,6
DA:30,2
DA:31,2
DA:37,0
DA:38,0
DA:39,0
DA:41,0
DA:45,0
DA:46,0
DA:48,0
DA:53,1
DA:54,1
DA:55,1
DA:56,1
DA:58,1
DA:60,1
LF:26
LH:19
BRDA:21,0,0,2
BRDA:21,0,1,2
BRDA:37,1,0,0
BRDA:37,1,1,0
BRDA:45,2,0,0
BRDA:45,2,1,0
BRF:6
BRH:2
end_of_record
TN:
SF:401_code-challanges/Class_11/stack.js
FN:6,(anonymous_0)
FN:12,(anonymous_1)
FN:26,(anonymous_2)
FN:39,(anonymous_3)
FN:48,(anonymous_4)
FNF:5
FNH:5
FNDA:17,(anonymous_0)
FNDA:40,(anonymous_1)
FNDA:13,(anonymous_2)
FNDA:1,(anonymous_3)
FNDA:3,(anonymous_4)
DA:3,2
DA:7,17
DA:8,17
DA:9,17
DA:13,40
DA:14,40
DA:15,14
DA:16,14
DA:18,26
DA:19,26
DA:20,26
DA:22,40
DA:23,40
DA:27,13
DA:29,13
DA:31,13
DA:32,4
DA:34,13
DA:35,13
DA:36,13
DA:41,1
DA:42,1
DA:43,1
DA:45,0
DA:49,3
DA:50,0
DA:52,3
DA:56,2
DA:57,2
DA:58,2
DA:59,2
DA:61,2
DA:63,2
LF:33
LH:31
BRDA:14,0,0,14
BRDA:14,0,1,26
BRDA:27,1,0,0
BRDA:27,1,1,13
BRDA:31,2,0,4
BRDA:31,2,1,9
BRDA:41,3,0,1
BRDA:41,3,1,0
BRDA:49,4,0,0
BRDA:49,4,1,3
BRF:10
BRH:7
end_of_record
TN:
SF:401_code-challanges/Class_12/animal.js
FN:4,(anonymous_0)
FNF:1
FNH:1
FNDA:11,(anonymous_0)
DA:5,11
DA:9,1
LF:2
LH:2
BRF:0
BRH:0
end_of_record
TN:
SF:401_code-challanges/Class_12/animalShelter.js
FN:7,(anonymous_0)
FN:12,(anonymous_1)
FN:24,(anonymous_2)
FNF:3
FNH:3
FNDA:7,(anonymous_0)
FNDA:10,(anonymous_1)
FNDA:4,(anonymous_2)
DA:3,1
DA:4,1
DA:8,7
DA:9,7
DA:13,10
DA:14,4
DA:15,4
DA:16,6
DA:17,5
DA:18,5
DA:20,1
DA:25,4
DA:26,1
DA:27,3
DA:28,2
DA:30,1
DA:35,1
DA:36,1
DA:37,1
DA:38,1
DA:40,1
DA:41,1
DA:42,1
DA:43,1
DA:45,1
DA:48,1
LF:26
LH:26
BRDA:13,0,0,4
BRDA:13,0,1,6
BRDA:16,1,0,5
BRDA:16,1,1,1
BRDA:25,2,0,1
BRDA:25,2,1,3
BRDA:27,3,0,2
BRDA:27,3,1,1
BRF:8
BRH:8
end_of_record
TN:
SF:401_code-challanges/Class_12/node.js
FN:4,(anonymous_0)
FNF:1
FNH:1
FNDA:47,(anonymous_0)
DA:5,47
DA:6,47
DA:10,4
LF:3
LH:3
BRF:0
BRH:0
end_of_record
TN:
SF:401_code-challanges/Class_12/queue.js
FN:7,(anonymous_0)
FN:15,(anonymous_1)
FN:20,(anonymous_2)
FN:35,(anonymous_3)
FN:44,(anonymous_4)
FNF:5
FNH:3
FNDA:17,(anonymous_0)
FNDA:18,(anonymous_1)
FNDA:7,(anonymous_2)
FNDA:0,(anonymous_3)
FNDA:0,(anonymous_4)
DA:4,2
DA:10,17
DA:11,17
DA:12,17
DA:16,18
DA:17,18
DA:21,7
DA:22,2
DA:23,2
DA:26,5
DA:27,12
DA:30,5
DA:31,5
DA:37,0
DA:38,0
DA:39,0
DA:41,0
DA:45,0
DA:46,0
DA:48,0
DA:60,2
LF:21
LH:14
BRDA:21,0,0,2
BRDA:21,0,1,5
BRDA:37,1,0,0
BRDA:37,1,1,0
BRDA:45,2,0,0
BRDA:45,2,1,0
BRF:6
BRH:2
end_of_record
TN:
SF:401_code-challanges/Class_12/stack.js
FN:6,(anonymous_0)
FN:12,(anonymous_1)
FN:26,(anonymous_2)
FN:39,(anonymous_3)
FN:48,(anonymous_4)
FNF:5
FNH:5
FNDA:41,(anonymous_0)
FNDA:46,(anonymous_1)
FNDA:22,(anonymous_2)
FNDA:1,(anonymous_3)
FNDA:1,(anonymous_4)
DA:3,3
DA:7,41
DA:8,41
DA:9,41
DA:13,46
DA:14,46
DA:15,20
DA:16,20
DA:18,26
DA:19,26
DA:20,26
DA:22,46
DA:23,46
DA:27,22
DA:29,22
DA:31,22
DA:32,7
DA:34,22
DA:35,22
DA:36,22
DA:41,1
DA:42,1
DA:43,1
DA:45,0
DA:49,1
DA:50,0
DA:52,1
DA:63,3
LF:28
LH:26
BRDA:14,0,0,20
BRDA:14,0,1,26
BRDA:27,1,0,0
BRDA:27,1,1,22
BRDA:31,2,0,7
BRDA:31,2,1,15
BRDA:41,3,0,1
BRDA:41,3,1,0
BRDA:49,4,0,0
BRDA:49,4,1,1
BRF:10
BRH:7
end_of_record
TN:
SF:401_code-challanges/Class_13/bracket.js
FN:5,validateBrackets
FNF:1
FNH:1
FNDA:12,validateBrackets
DA:3,1
DA:6,12
DA:8,12
DA:9,129
DA:10,37
DA:11,92
DA:16,30
DA:19,12
DA:20,5
DA:22,7
DA:26,1
DA:27,1
DA:28,1
DA:29,1
DA:30,1
DA:31,1
DA:32,1
DA:33,1
DA:35,1
DA:36,1
DA:37,1
DA:38,1
DA:39,1
DA:40,1
DA:41,1
DA:42,1
DA:44,1
LF:27
LH:27
BRDA:9,0,0,37
BRDA:9,0,1,92
BRDA:9,1,0,129
BRDA:9,1,1,118
BRDA:9,1,2,106
BRDA:11,2,0,30
BRDA:11,2,1,62
BRDA:12,3,0,92
BRDA:12,3,1,64
BRDA:12,3,2,83
BRDA:12,3,3,14
BRDA:12,3,4,73
BRDA:12,3,5,14
BRDA:19,4,0,5
BRDA:19,4,1,7
BRF:15
BRH:15
end_of_record
TN:
SF:401_code-challanges/Class_13/node.js
FN:4,(anonymous_0)
FNF:1
FNH:1
FNDA:54,(anonymous_0)
DA:5,54
DA:6,54
DA:10,3
LF:3
LH:3
BRF:0
BRH:0
end_of_record
TN:
SF:401_code-challanges/Class_13/stack.js
FN:6,(anonymous_0)
FN:12,(anonymous_1)
FN:26,(anonymous_2)
FN:39,(anonymous_3)
FN:48,(anonymous_4)
FNF:5
FNH:5
FNDA:19,(anonymous_0)
FNDA:53,(anonymous_1)
FNDA:33,(anonymous_2)
FNDA:249,(anonymous_3)
FNDA:13,(anonymous_4)
DA:3,2
DA:7,19
DA:8,19
DA:9,19
DA:13,53
DA:14,53
DA:15,32
DA:16,32
DA:18,21
DA:19,21
DA:20,21
DA:22,53
DA:23,53
DA:27,33
DA:29,33
DA:31,33
DA:32,22
DA:34,33
DA:35,33
DA:36,33
DA:41,249
DA:42,249
DA:43,249
DA:49,13
DA:50,7
DA:52,6
DA:63,2
LF:27
LH:27
BRDA:14,0,0,32
BRDA:14,0,1,21
BRDA:27,1,0,0
BRDA:27,1,1,33
BRDA:31,2,0,22
BRDA:31,2,1,11
BRDA:41,3,0,249
BRDA:41,3,1,0
BRDA:49,4,0,7
BRDA:49,4,1,6
BRF:10
BRH:8
end_of_record
TN:
SF:401_code-challanges/Class_14/node.js
FN:4,(anonymous_0)
FNF:1
FNH:1
FNDA:26,(anonymous_0)
DA:5,26
DA:6,26
DA:10,3
LF:3
LH:3
BRF:0
BRH:0
end_of_record
TN:
SF:401_code-challanges/Class_14/stack.js
FN:6,(anonymous_0)
FN:12,(anonymous_1)
FN:26,(anonymous_2)
FN:39,(anonymous_3)
FN:56,(anonymous_4)
FN:65,(anonymous_5)
FNF:6
FNH:6
FNDA:11,(anonymous_0)
FNDA:25,(anonymous_1)
FNDA:3,(anonymous_2)
FNDA:4,(anonymous_3)
FNDA:1,(anonymous_4)
FNDA:1,(anonymous_5)
DA:3,2
DA:7,11
DA:8,11
DA:9,11
DA:13,25
DA:14,25
DA:15,9
DA:16,9
DA:18,16
DA:19,16
DA:20,16
DA:22,25
DA:23,25
DA:27,3
DA:29,3
DA:31,3
DA:32,1
DA:34,3
DA:35,3
DA:36,3
DA:40,4
DA:41,1
DA:44,3
DA:45,3
DA:46,3
DA:47,3
DA:48,9
DA:49,3
DA:51,9
DA:53,3
DA:58,1
DA:59,1
DA:60,1
DA:66,1
DA:67,0
DA:69,1
DA:73,2
DA:74,2
DA:75,2
DA:76,2
DA:78,2
DA:80,2
LF:42
LH:41
BRDA:14,0,0,9
BRDA:14,0,1,16
BRDA:27,1,0,0
BRDA:27,1,1,3
BRDA:31,2,0,1
BRDA:31,2,1,2
BRDA:40,3,0,1
BRDA:40,3,1,3
BRDA:48,4,0,3
BRDA:48,4,1,6
BRDA:58,5,0,1
BRDA:58,5,1,0
BRDA:66,6,0,0
BRDA:66,6,1,1
BRF:14
BRH:11
end_of_record
TN:
SF:401_code-challanges/Class_15/binarySearchTree.js
FN:6,(anonymous_0)
FN:10,(anonymous_1)
FN:12,(anonymous_2)
FN:35,(anonymous_3)
FN:40,(anonymous_4)
FNF:5
FNH:5
FNDA:6,(anonymous_0)
FNDA:34,(anonymous_1)
FNDA:65,(anonymous_2)
FNDA:1,(anonymous_3)
FNDA:1,(anonymous_4)
DA:3,1
DA:4,1
DA:7,6
DA:8,6
DA:11,34
DA:12,34
DA:13,65
DA:14,22
DA:15,10
DA:17,12
DA:20,43
DA:21,19
DA:23,24
DA:28,34
DA:29,5
DA:31,29
DA:36,1
DA:37,0
DA:40,1
DA:41,1
DA:42,1
DA:43,0
DA:44,0
DA:45,0
DA:47,0
DA:49,0
DA:50,0
DA:52,0
DA:56,1
DA:62,1
LF:30
LH:22
BRDA:13,0,0,22
BRDA:13,0,1,43
BRDA:14,1,0,10
BRDA:14,1,1,12
BRDA:20,2,0,19
BRDA:20,2,1,24
BRDA:28,3,0,5
BRDA:28,3,1,29
BRDA:36,4,0,0
BRDA:36,4,1,1
BRDA:41,5,0,1
BRDA:41,5,1,0
BRDA:43,6,0,0
BRDA:43,6,1,0
BRDA:44,7,0,0
BRDA:44,7,1,0
BRDA:49,8,0,0
BRDA:49,8,1,0
BRF:18
BRH:10
end_of_record
TN:
SF:401_code-challanges/Class_15/binaryTree.js
FN:4,(anonymous_0)
FN:7,(anonymous_1)
FN:9,(anonymous_2)
FN:22,(anonymous_3)
FN:24,(anonymous_4)
FN:37,(anonymous_5)
FN:39,(anonymous_6)
FNF:7
FNH:7
FNDA:6,(anonymous_0)
FNDA:2,(anonymous_1)
FNDA:20,(anonymous_2)
FNDA:2,(anonymous_3)
FNDA:20,(anonymous_4)
FNDA:2,(anonymous_5)
FNDA:20,(anonymous_6)
DA:5,6
DA:8,2
DA:9,2
DA:10,20
DA:11,20
DA:12,6
DA:14,20
DA:15,12
DA:18,2
DA:19,2
DA:23,2
DA:24,2
DA:25,20
DA:26,6
DA:28,20
DA:29,20
DA:30,12
DA:33,2
DA:34,2
DA:38,2
DA:39,2
DA:40,20
DA:41,6
DA:43,20
DA:44,12
DA:46,20
DA:48,2
DA:49,2
DA:54,1
LF:29
LH:29
BRDA:11,0,0,6
BRDA:11,0,1,14
BRDA:14,1,0,12
BRDA:14,1,1,8
BRDA:25,2,0,6
BRDA:25,2,1,14
BRDA:29,3,0,12
BRDA:29,3,1,8
BRDA:40,4,0,6
BRDA:40,4,1,14
BRDA:43,5,0,12
BRDA:43,5,1,8
BRF:12
BRH:12
end_of_record
TN:
SF:401_code-challanges/Class_15/node.js
FN:4,(anonymous_0)
FNF:1
FNH:1
FNDA:35,(anonymous_0)
DA:5,35
DA:6,35
DA:7,35
DA:11,2
LF:4
LH:4
BRF:0
BRH:0
end_of_record
TN:
SF:401_code-challanges/Class_16/binarySearchTree.js
FN:6,(anonymous_0)
FN:10,(anonymous_1)
FN:12,(anonymous_2)
FN:35,(anonymous_3)
FN:40,(anonymous_4)
FNF:5
FNH:5
FNDA:6,(anonymous_0)
FNDA:34,(anonymous_1)
FNDA:65,(anonymous_2)
FNDA:1,(anonymous_3)
FNDA:1,(anonymous_4)
DA:3,1
DA:4,1
DA:7,6
DA:8,6
DA:11,34
DA:12,34
DA:13,65
DA:14,22
DA:15,10
DA:17,12
DA:20,43
DA:21,19
DA:23,24
DA:28,34
DA:29,5
DA:31,29
DA:36,1
DA:37,0
DA:40,1
DA:41,1
DA:42,1
DA:43,0
DA:44,0
DA:45,0
DA:47,0
DA:49,0
DA:50,0
DA:52,0
DA:56,1
DA:62,1
LF:30
LH:22
BRDA:13,0,0,22
BRDA:13,0,1,43
BRDA:14,1,0,10
BRDA:14,1,1,12
BRDA:20,2,0,19
BRDA:20,2,1,24
BRDA:28,3,0,5
BRDA:28,3,1,29
BRDA:36,4,0,0
BRDA:36,4,1,1
BRDA:41,5,0,1
BRDA:41,5,1,0
BRDA:43,6,0,0
BRDA:43,6,1,0
BRDA:44,7,0,0
BRDA:44,7,1,0
BRDA:49,8,0,0
BRDA:49,8,1,0
BRF:18
BRH:10
end_of_record
TN:
SF:401_code-challanges/Class_16/binaryTree.js
FN:4,(anonymous_0)
FN:7,(anonymous_1)
FN:9,(anonymous_2)
FN:22,(anonymous_3)
FN:24,(anonymous_4)
FN:37,(anonymous_5)
FN:39,(anonymous_6)
FN:52,(anonymous_7)
FN:57,(anonymous_8)
FNF:9
FNH:9
FNDA:8,(anonymous_0)
FNDA:2,(anonymous_1)
FNDA:20,(anonymous_2)
FNDA:2,(anonymous_3)
FNDA:20,(anonymous_4)
FNDA:2,(anonymous_5)
FNDA:20,(anonymous_6)
FNDA:2,(anonymous_7)
FNDA:5,(anonymous_8)
DA:5,8
DA:8,2
DA:9,2
DA:10,20
DA:11,20
DA:12,6
DA:14,20
DA:15,12
DA:18,2
DA:19,2
DA:23,2
DA:24,2
DA:25,20
DA:26,6
DA:28,20
DA:29,20
DA:30,12
DA:33,2
DA:34,2
DA:38,2
DA:39,2
DA:40,20
DA:41,6
DA:43,20
DA:44,12
DA:46,20
DA:48,2
DA:49,2
DA:53,2
DA:54,1
DA:56,1
DA:57,1
DA:58,5
DA:59,5
DA:60,5
DA:63,1
DA:64,1
DA:68,2
LF:38
LH:38
BRDA:11,0,0,6
BRDA:11,0,1,14
BRDA:14,1,0,12
BRDA:14,1,1,8
BRDA:25,2,0,6
BRDA:25,2,1,14
BRDA:29,3,0,12
BRDA:29,3,1,8
BRDA:40,4,0,6
BRDA:40,4,1,14
BRDA:43,5,0,12
BRDA:43,5,1,8
BRDA:53,6,0,1
BRDA:53,6,1,1
BRDA:58,7,0,2
BRDA:58,7,1,3
BRDA:59,8,0,2
BRDA:59,8,1,3
BRDA:60,9,0,3
BRDA:60,9,1,2
BRF:20
BRH:20
end_of_record
TN:
SF:401_code-challanges/Class_16/node.js
FN:4,(anonymous_0)
FNF:1
FNH:1
FNDA:40,(anonymous_0)
DA:5,40
DA:6,40
DA:7,40
DA:11,3
LF:4
LH:4
BRF:0
BRH:0
end_of_record
TN:
SF:401_code-challanges/Class_17/binaryTree.js
FN:6,(anonymous_0)
FN:9,(anonymous_1)
FN:11,(anonymous_2)
FN:24,(anonymous_3)
FN:26,(anonymous_4)
FN:39,(anonymous_5)
FN:41,(anonymous_6)
FN:54,(anonymous_7)
FN:59,(anonymous_8)
FN:69,(anonymous_9)
FNF:10
FNH:4
FNDA:4,(anonymous_0)
FNDA:0,(anonymous_1)
FNDA:0,(anonymous_2)
FNDA:0,(anonymous_3)
FNDA:0,(anonymous_4)
FNDA:0,(anonymous_5)
FNDA:0,(anonymous_6)
FNDA:2,(anonymous_7)
FNDA:5,(anonymous_8)
FNDA:2,(anonymous_9)
DA:3,1
DA:7,4
DA:10,0
DA:11,0
DA:12,0
DA:13,0
DA:14,0
DA:16,0
DA:17,0
DA:20,0
DA:21,0
DA:25,0
DA:26,0
DA:27,0
DA:28,0
DA:30,0
DA:31,0
DA:32,0
DA:35,0
DA:36,0
DA:40,0
DA:41,0
DA:42,0
DA:43,0
DA:45,0
DA:46,0
DA:48,0
DA:50,0
DA:51,0
DA:55,2
DA:56,1
DA:58,1
DA:59,1
DA:60,5
DA:61,5
DA:62,5
DA:65,1
DA:66,1
DA:70,2
DA:71,0
DA:73,2
DA:74,2
DA:75,2
DA:76,18
DA:77,18
DA:78,18
DA:79,18
DA:80,18
DA:81,8
DA:83,10
DA:84,8
DA:87,10
DA:88,8
DA:91,2
DA:95,1
DA:96,1
DA:97,1
DA:98,1
DA:99,1
DA:100,1
DA:101,1
DA:102,1
DA:103,1
DA:105,1
DA:106,1
DA:107,1
DA:108,1
DA:109,1
DA:110,1
DA:111,1
DA:112,1
DA:114,1
DA:116,1
DA:118,1
DA:121,1
LF:75
LH:47
BRDA:13,0,0,0
BRDA:13,0,1,0
BRDA:16,1,0,0
BRDA:16,1,1,0
BRDA:27,2,0,0
BRDA:27,2,1,0
BRDA:31,3,0,0
BRDA:31,3,1,0
BRDA:42,4,0,0
BRDA:42,4,1,0
BRDA:45,5,0,0
BRDA:45,5,1,0
BRDA:55,6,0,1
BRDA:55,6,1,1
BRDA:60,7,0,2
BRDA:60,7,1,3
BRDA:61,8,0,2
BRDA:61,8,1,3
BRDA:62,9,0,3
BRDA:62,9,1,2
BRDA:70,10,0,0
BRDA:70,10,1,2
BRDA:80,11,0,8
BRDA:80,11,1,10
BRDA:80,12,0,18
BRDA:80,12,1,10
BRDA:83,13,0,8
BRDA:83,13,1,2
BRDA:87,14,0,8
BRDA:87,14,1,2
BRF:30
BRH:17
end_of_record
TN:
SF:401_code-challanges/Class_17/node.js
FN:4,(anonymous_0)
FNF:1
FNH:1
FNDA:23,(anonymous_0)
DA:5,23
DA:6,23
DA:7,23
DA:11,1
LF:4
LH:4
BRF:0
BRH:0
end_of_record
TN:
SF:401_code-challanges/Class_18/binaryTree.js
FN:6,(anonymous_0)
FN:9,(anonymous_1)
FN:11,(anonymous_2)
FN:24,(anonymous_3)
FN:26,(anonymous_4)
FN:39,(anonymous_5)
FN:41,(anonymous_6)
FN:54,(anonymous_7)
FN:59,(anonymous_8)
FN:69,(anonymous_9)
FNF:10
FNH:2
FNDA:5,(anonymous_0)
FNDA:0,(anonymous_1)
FNDA:0,(anonymous_2)
FNDA:0,(anonymous_3)
FNDA:0,(anonymous_4)
FNDA:0,(anonymous_5)
FNDA:0,(anonymous_6)
FNDA:0,(anonymous_7)
FNDA:0,(anonymous_8)
FNDA:1,(anonymous_9)
DA:3,1
DA:7,5
DA:10,0
DA:11,0
DA:12,0
DA:13,0
DA:14,0
DA:16,0
DA:17,0
DA:20,0
DA:21,0
DA:25,0
DA:26,0
DA:27,0
DA:28,0
DA:30,0
DA:31,0
DA:32,0
DA:35,0
DA:36,0
DA:40,0
DA:41,0
DA:42,0
DA:43,0
DA:45,0
DA:46,0
DA:48,0
DA:50,0
DA:51,0
DA:55,0
DA:56,0
DA:58,0
DA:59,0
DA:60,0
DA:61,0
DA:62,0
DA:65,0
DA:66,0
DA:70,1
DA:71,0
DA:73,1
DA:74,1
DA:75,1
DA:76,9
DA:77,9
DA:78,9
DA:79,9
DA:80,9
DA:81,4
DA:83,5
DA:84,4
DA:87,5
DA:88,4
DA:91,1
DA:95,1
DA:96,1
DA:97,1
DA:98,1
DA:99,1
DA:100,1
DA:101,1
DA:102,1
DA:103,1
DA:105,1
DA:106,1
DA:107,1
DA:108,1
DA:109,1
DA:110,1
DA:111,1
DA:112,1
DA:114,1
DA:116,1
DA:118,1
DA:121,1
LF:75
LH:38
BRDA:13,0,0,0
BRDA:13,0,1,0
BRDA:16,1,0,0
BRDA:16,1,1,0
BRDA:27,2,0,0
BRDA:27,2,1,0
BRDA:31,3,0,0
BRDA:31,3,1,0
BRDA:42,4,0,0
BRDA:42,4,1,0
BRDA:45,5,0,0
BRDA:45,5,1,0
BRDA:55,6,0,0
BRDA:55,6,1,0
BRDA:60,7,0,0
BRDA:60,7,1,0
BRDA:61,8,0,0
BRDA:61,8,1,0
BRDA:62,9,0,0
BRDA:62,9,1,0
BRDA:70,10,0,0
BRDA:70,10,1,1
BRDA:80,11,0,4
BRDA:80,11,1,5
BRDA:80,12,0,9
BRDA:80,12,1,5
BRDA:83,13,0,4
BRDA:83,13,1,1
BRDA:87,14,0,4
BRDA:87,14,1,1
BRF:30
BRH:9
end_of_record
TN:
SF:401_code-challanges/Class_18/fizz-buzz-tree.js
FN:6,fizzBuzzTree
FN:7,replaceValue
FN:21,trevers
FNF:3
FNH:3
FNDA:4,fizzBuzzTree
FNDA:4,replaceValue
FNDA:12,trevers
DA:9,4
DA:10,1
DA:11,3
DA:12,1
DA:13,2
DA:14,1
DA:16,1
DA:18,4
DA:22,12
DA:23,12
DA:24,12
DA:25,12
DA:26,8
DA:28,4
DA:31,12
DA:33,4
DA:51,1
LF:17
LH:17
BRDA:9,0,0,1
BRDA:9,0,1,3
BRDA:9,1,0,4
BRDA:9,1,1,2
BRDA:11,2,0,1
BRDA:11,2,1,2
BRDA:13,3,0,1
BRDA:13,3,1,1
BRDA:25,4,0,8
BRDA:25,4,1,4
BRDA:25,5,0,12
BRDA:25,5,1,12
BRF:12
BRH:12
end_of_record
TN:
SF:401_code-challanges/Class_18/node.js
FN:4,(anonymous_0)
FNF:1
FNH:1
FNDA:13,(anonymous_0)
DA:5,13
DA:6,13
DA:10,1
LF:3
LH:3
BRF:0
BRH:0
end_of_record
TN:
SF:401_code-challanges/Class_19/binaryTree.js
FN:6,(anonymous_0)
FN:9,(anonymous_1)
FN:11,(anonymous_2)
FN:24,(anonymous_3)
FN:26,(anonymous_4)
FN:39,(anonymous_5)
FN:41,(anonymous_6)
FN:54,(anonymous_7)
FN:59,(anonymous_8)
FN:69,(anonymous_9)
FN:94,(anonymous_10)
FN:101,(anonymous_11)
FN:113,(anonymous_12)
FNF:13
FNH:4
FNDA:6,(anonymous_0)
FNDA:0,(anonymous_1)
FNDA:0,(anonymous_2)
FNDA:0,(anonymous_3)
FNDA:0,(anonymous_4)
FNDA:0,(anonymous_5)
FNDA:0,(anonymous_6)
FNDA:0,(anonymous_7)
FNDA:0,(anonymous_8)
FNDA:0,(anonymous_9)
FNDA:3,(anonymous_10)
FNDA:15,(anonymous_11)
FNDA:13,(anonymous_12)
DA:3,1
DA:7,6
DA:10,0
DA:11,0
DA:12,0
DA:13,0
DA:14,0
DA:16,0
DA:17,0
DA:20,0
DA:21,0
DA:25,0
DA:26,0
DA:27,0
DA:28,0
DA:30,0
DA:31,0
DA:32,0
DA:35,0
DA:36,0
DA:40,0
DA:41,0
DA:42,0
DA:43,0
DA:45,0
DA:46,0
DA:48,0
DA:50,0
DA:51,0
DA:55,0
DA:56,0
DA:58,0
DA:59,0
DA:60,0
DA:61,0
DA:62,0
DA:65,0
DA:66,0
DA:70,0
DA:71,0
DA:73,0
DA:74,0
DA:75,0
DA:76,0
DA:77,0
DA:78,0
DA:79,0
DA:80,0
DA:81,0
DA:83,0
DA:84,0
DA:87,0
DA:88,0
DA:91,0
DA:95,3
DA:96,3
DA:97,3
DA:98,3
DA:99,0
DA:101,3
DA:102,15
DA:103,9
DA:105,15
DA:106,6
DA:108,15
DA:109,6
DA:113,3
DA:114,13
DA:115,8
DA:117,13
DA:118,5
DA:120,13
DA:121,5
DA:124,3
DA:125,3
DA:127,3
DA:128,2
DA:130,3
DA:131,3
DA:135,1
DA:136,1
DA:137,1
DA:138,1
DA:139,1
DA:141,1
DA:142,1
DA:143,1
DA:144,1
DA:146,1
DA:148,1
DA:150,1
DA:151,1
DA:152,1
DA:153,1
DA:154,1
DA:156,1
DA:157,1
DA:158,1
DA:159,1
DA:161,1
DA:163,1
DA:165,1
DA:167,1
LF:103
LH:50
BRDA:13,0,0,0
BRDA:13,0,1,0
BRDA:16,1,0,0
BRDA:16,1,1,0
BRDA:27,2,0,0
BRDA:27,2,1,0
BRDA:31,3,0,0
BRDA:31,3,1,0
BRDA:42,4,0,0
BRDA:42,4,1,0
BRDA:45,5,0,0
BRDA:45,5,1,0
BRDA:55,6,0,0
BRDA:55,6,1,0
BRDA:60,7,0,0
BRDA:60,7,1,0
BRDA:61,8,0,0
BRDA:61,8,1,0
BRDA:62,9,0,0
BRDA:62,9,1,0
BRDA:70,10,0,0
BRDA:70,10,1,0
BRDA:80,11,0,0
BRDA:80,11,1,0
BRDA:80,12,0,0
BRDA:80,12,1,0
BRDA:83,13,0,0
BRDA:83,13,1,0
BRDA:87,14,0,0
BRDA:87,14,1,0
BRDA:98,15,0,0
BRDA:98,15,1,3
BRDA:98,16,0,3
BRDA:98,16,1,3
BRDA:102,17,0,9
BRDA:102,17,1,6
BRDA:102,18,0,15
BRDA:102,18,1,9
BRDA:105,19,0,6
BRDA:105,19,1,9
BRDA:108,20,0,6
BRDA:108,20,1,9
BRDA:114,21,0,8
BRDA:114,21,1,5
BRDA:114,22,0,13
BRDA:114,22,1,8
BRDA:117,23,0,5
BRDA:117,23,1,8
BRDA:120,24,0,5
BRDA:120,24,1,8
BRDA:127,25,0,2
BRDA:127,25,1,1
BRF:52
BRH:21
end_of_record
TN:
SF:401_code-challanges/Class_19/node.js
FN:4,(anonymous_0)
FNF:1
FNH:1
FNDA:30,(anonymous_0)
DA:5,30
DA:6,30
DA:7,30
DA:11,1
LF:4
LH:4
BRF:0
BRH:0
end_of_record
TN:
SF:401_code-challanges/Class_26/insertionSort.js
FN:4,insertionSort
FNF:1
FNH:1
FNDA:5,insertionSort
DA:2,1
DA:5,5
DA:6,25
DA:8,25
DA:9,47
DA:11,25
DA:13,5
DA:16,1
DA:18,1
LF:9
LH:9
BRDA:8,0,0,72
BRDA:8,0,1,62
BRF:2
BRH:2
end_of_record
TN:
SF:401_code-challanges/Class_27/meargSort.js
FN:3,(anonymous_0)
FN:16,(anonymous_1)
FNF:2
FNH:2
FNDA:55,(anonymous_0)
FNDA:25,(anonymous_1)
DA:3,1
DA:4,55
DA:6,55
DA:7,25
DA:8,25
DA:9,25
DA:10,25
DA:12,30
DA:16,1
DA:17,25
DA:18,25
DA:19,25
DA:20,25
DA:21,47
DA:22,20
DA:23,20
DA:25,27
DA:26,27
DA:30,25
DA:33,1
DA:34,1
DA:35,1
DA:36,1
LF:23
LH:23
BRDA:6,0,0,25
BRDA:6,0,1,30
BRDA:20,1,0,72
BRDA:20,1,1,59
BRDA:21,2,0,20
BRDA:21,2,1,27
BRF:6
BRH:6
end_of_record
TN:
SF:401_code-challanges/Class_28/quickSort.js
FN:3,quickSort
FN:17,partition
FN:38,swap
FNF:3
FNH:3
FNDA:24,quickSort
FNDA:24,partition
FNDA:30,swap
DA:5,24
DA:6,24
DA:7,24
DA:8,12
DA:10,24
DA:11,7
DA:14,24
DA:18,24
DA:19,24
DA:20,24
DA:21,24
DA:22,32
DA:23,15
DA:25,32
DA:26,18
DA:28,32
DA:29,30
DA:30,30
DA:31,30
DA:35,24
DA:39,30
DA:40,30
DA:41,30
DA:44,1
DA:45,1
DA:46,1
LF:26
LH:26
BRDA:3,0,0,5
BRDA:3,1,0,5
BRDA:5,2,0,24
BRDA:5,2,1,0
BRDA:7,3,0,12
BRDA:7,3,1,12
BRDA:10,4,0,7
BRDA:10,4,1,17
BRDA:28,5,0,30
BRDA:28,5,1,2
BRF:10
BRH:9
end_of_record
TN:
SF:401_code-challanges/Class_30/hashTable.js
FN:6,(anonymous_0)
FN:11,(anonymous_1)
FN:13,(anonymous_2)
FN:21,(anonymous_3)
FN:31,(anonymous_4)
FN:46,(anonymous_5)
FNF:6
FNH:6
FNDA:6,(anonymous_0)
FNDA:23,(anonymous_1)
FNDA:91,(anonymous_2)
FNDA:10,(anonymous_3)
FNDA:5,(anonymous_4)
FNDA:4,(anonymous_5)
DA:3,1
DA:7,6
DA:8,6
DA:12,23
DA:14,91
DA:22,10
DA:23,10
DA:24,10
DA:25,7
DA:27,10
DA:28,10
DA:32,5
DA:34,5
DA:36,4
DA:37,4
DA:38,4
DA:40,2
DA:41,2
DA:42,2
DA:47,4
DA:48,4
DA:50,4
DA:52,4
DA:53,0
DA:55,4
DA:56,4
DA:58,1
DA:59,1
DA:60,1
DA:66,1
DA:67,1
DA:68,1
DA:69,1
DA:70,1
DA:72,1
DA:73,1
DA:74,1
DA:75,1
DA:78,1
DA:79,1
DA:81,1
LF:41
LH:40
BRDA:24,0,0,7
BRDA:24,0,1,3
BRDA:34,1,0,1
BRDA:34,1,1,4
BRDA:38,2,0,2
BRDA:38,2,1,2
BRDA:42,3,0,2
BRDA:42,3,1,0
BRDA:48,4,0,0
BRDA:48,4,1,4
BRDA:52,5,0,0
BRDA:52,5,1,4
BRDA:56,6,0,3
BRDA:56,6,1,1
BRDA:60,7,0,1
BRDA:60,7,1,0
BRF:16
BRH:12
end_of_record
TN:
SF:401_code-challanges/Class_30/linkedList.js
FN:5,(anonymous_0)
FN:9,(anonymous_1)
FN:22,(anonymous_2)
FNF:3
FNH:2
FNDA:7,(anonymous_0)
FNDA:10,(anonymous_1)
FNDA:0,(anonymous_2)
DA:2,1
DA:6,7
DA:10,10
DA:11,10
DA:12,7
DA:13,7
DA:15,3
DA:16,3
DA:17,0
DA:19,3
DA:23,0
DA:25,0
DA:26,0
DA:27,0
DA:28,0
DA:29,0
DA:31,0
DA:35,1
LF:18
LH:10
BRDA:11,0,0,7
BRDA:11,0,1,3
BRDA:23,1,0,0
BRDA:23,1,1,0
BRF:4
BRH:2
end_of_record
TN:
SF:401_code-challanges/Class_30/node.js
FN:4,(anonymous_0)
FNF:1
FNH:1
FNDA:10,(anonymous_0)
DA:5,10
DA:6,10
DA:10,1
LF:3
LH:3
BRF:0
BRH:0
end_of_record
TN:
SF:401_code-challanges/Class_31/hashTable.js
FN:6,(anonymous_0)
FN:11,(anonymous_1)
FN:13,(anonymous_2)
FN:21,(anonymous_3)
FN:30,(anonymous_4)
FN:45,(anonymous_5)
FNF:6
FNH:5
FNDA:5,(anonymous_0)
FNDA:70,(anonymous_1)
FNDA:297,(anonymous_2)
FNDA:33,(anonymous_3)
FNDA:0,(anonymous_4)
FNDA:37,(anonymous_5)
DA:3,1
DA:7,5
DA:8,5
DA:12,70
DA:14,297
DA:22,33
DA:23,33
DA:24,24
DA:26,33
DA:27,33
DA:31,0
DA:33,0
DA:35,0
DA:36,0
DA:37,0
DA:39,0
DA:40,0
DA:41,0
DA:46,37
DA:47,37
DA:49,13
DA:51,13
DA:52,0
DA:54,13
DA:55,13
DA:57,9
DA:58,1
DA:59,1
DA:66,1
LF:29
LH:20
BRDA:23,0,0,24
BRDA:23,0,1,9
BRDA:33,1,0,0
BRDA:33,1,1,0
BRDA:37,2,0,0
BRDA:37,2,1,0
BRDA:41,3,0,0
BRDA:41,3,1,0
BRDA:47,4,0,24
BRDA:47,4,1,13
BRDA:51,5,0,0
BRDA:51,5,1,13
BRDA:55,6,0,4
BRDA:55,6,1,9
BRDA:59,7,0,0
BRDA:59,7,1,1
BRF:16
BRH:8
end_of_record
TN:
SF:401_code-challanges/Class_31/linkedList.js
FN:5,(anonymous_0)
FN:9,(anonymous_1)
FN:22,(anonymous_2)
FNF:3
FNH:2
FNDA:24,(anonymous_0)
FNDA:33,(anonymous_1)
FNDA:0,(anonymous_2)
DA:2,1
DA:6,24
DA:10,33
DA:11,33
DA:12,24
DA:13,24
DA:15,9
DA:16,9
DA:17,1
DA:19,9
DA:23,0
DA:25,0
DA:26,0
DA:27,0
DA:28,0
DA:29,0
DA:31,0
DA:35,1
LF:18
LH:11
BRDA:11,0,0,24
BRDA:11,0,1,9
BRDA:23,1,0,0
BRDA:23,1,1,0
BRF:4
BRH:2
end_of_record
TN:
SF:401_code-challanges/Class_31/node.js
FN:4,(anonymous_0)
FNF:1
FNH:1
FNDA:33,(anonymous_0)
DA:5,33
DA:6,33
DA:10,1
LF:3
LH:3
BRF:0
BRH:0
end_of_record
TN:
SF:401_code-challanges/Class_31/repatedWord.js
FN:3,repeatedWord
FNF:1
FNH:1
FNDA:5,repeatedWord
DA:1,1
DA:4,5
DA:5,5
DA:6,5
DA:7,37
DA:8,33
DA:10,4
DA:13,1
DA:16,1
DA:17,1
DA:19,1
DA:20,1
DA:22,1
LF:13
LH:13
BRDA:7,0,0,33
BRDA:7,0,1,4
BRF:2
BRH:2
end_of_record
TN:
SF:401_code-challanges/Class_32/hashmap-tree-intersection.js
FN:6,(anonymous_0)
FN:9,(anonymous_1)
FN:11,(anonymous_2)
FN:24,(anonymous_3)
FN:26,(anonymous_4)
FN:39,(anonymous_5)
FN:41,(anonymous_6)
FN:54,(anonymous_7)
FN:59,(anonymous_8)
FN:69,(anonymous_9)
FN:94,(anonymous_10)
FN:101,(anonymous_11)
FN:113,(anonymous_12)
FN:134,(anonymous_13)
FN:137,(anonymous_14)
FNF:15
FNH:3
FNDA:6,(anonymous_0)
FNDA:0,(anonymous_1)
FNDA:0,(anonymous_2)
FNDA:0,(anonymous_3)
FNDA:0,(anonymous_4)
FNDA:0,(anonymous_5)
FNDA:0,(anonymous_6)
FNDA:0,(anonymous_7)
FNDA:0,(anonymous_8)
FNDA:0,(anonymous_9)
FNDA:0,(anonymous_10)
FNDA:0,(anonymous_11)
FNDA:0,(anonymous_12)
FNDA:3,(anonymous_13)
FNDA:10,(anonymous_14)
DA:3,1
DA:7,6
DA:10,0
DA:11,0
DA:12,0
DA:13,0
DA:14,0
DA:16,0
DA:17,0
DA:20,0
DA:21,0
DA:25,0
DA:26,0
DA:27,0
DA:28,0
DA:30,0
DA:31,0
DA:32,0
DA:35,0
DA:36,0
DA:40,0
DA:41,0
DA:42,0
DA:43,0
DA:45,0
DA:46,0
DA:48,0
DA:50,0
DA:51,0
DA:55,0
DA:56,0
DA:58,0
DA:59,0
DA:60,0
DA:61,0
DA:62,0
DA:65,0
DA:66,0
DA:70,0
DA:71,0
DA:73,0
DA:74,0
DA:75,0
DA:76,0
DA:77,0
DA:78,0
DA:79,0
DA:80,0
DA:81,0
DA:83,0
DA:84,0
DA:87,0
DA:88,0
DA:91,0
DA:95,0
DA:96,0
DA:97,0
DA:98,0
DA:99,0
DA:101,0
DA:102,0
DA:103,0
DA:105,0
DA:106,0
DA:108,0
DA:109,0
DA:113,0
DA:114,0
DA:115,0
DA:117,0
DA:118,0
DA:120,0
DA:121,0
DA:124,0
DA:125,0
DA:127,0
DA:128,0
DA:130,0
DA:131,0
DA:135,3
DA:136,2
DA:137,2
DA:138,10
DA:139,8
DA:140,5
DA:141,5
DA:143,8
DA:144,8
DA:146,10
DA:148,2
DA:149,2
DA:155,1
LF:92
LH:15
BRDA:13,0,0,0
BRDA:13,0,1,0
BRDA:16,1,0,0
BRDA:16,1,1,0
BRDA:27,2,0,0
BRDA:27,2,1,0
BRDA:31,3,0,0
BRDA:31,3,1,0
BRDA:42,4,0,0
BRDA:42,4,1,0
BRDA:45,5,0,0
BRDA:45,5,1,0
BRDA:55,6,0,0
BRDA:55,6,1,0
BRDA:60,7,0,0
BRDA:60,7,1,0
BRDA:61,8,0,0
BRDA:61,8,1,0
BRDA:62,9,0,0
BRDA:62,9,1,0
BRDA:70,10,0,0
BRDA:70,10,1,0
BRDA:80,11,0,0
BRDA:80,11,1,0
BRDA:80,12,0,0
BRDA:80,12,1,0
BRDA:83,13,0,0
BRDA:83,13,1,0
BRDA:87,14,0,0
BRDA:87,14,1,0
BRDA:98,15,0,0
BRDA:98,15,1,0
BRDA:98,16,0,0
BRDA:98,16,1,0
BRDA:102,17,0,0
BRDA:102,17,1,0
BRDA:102,18,0,0
BRDA:102,18,1,0
BRDA:105,19,0,0
BRDA:105,19,1,0
BRDA:108,20,0,0
BRDA:108,20,1,0
BRDA:114,21,0,0
BRDA:114,21,1,0
BRDA:114,22,0,0
BRDA:114,22,1,0
BRDA:117,23,0,0
BRDA:117,23,1,0
BRDA:120,24,0,0
BRDA:120,24,1,0
BRDA:127,25,0,0
BRDA:127,25,1,0
BRDA:135,26,0,1
BRDA:135,26,1,2
BRDA:135,27,0,3
BRDA:135,27,1,2
BRDA:138,28,0,8
BRDA:138,28,1,2
BRDA:138,29,0,10
BRDA:138,29,1,8
BRDA:139,30,0,5
BRDA:139,30,1,3
BRDA:143,31,0,4
BRDA:143,31,1,4
BRDA:144,32,0,4
BRDA:144,32,1,4
BRF:66
BRH:14
end_of_record
TN:
SF:401_code-challanges/Class_32/node.js
FN:4,(anonymous_0)
FNF:1
FNH:1
FNDA:15,(anonymous_0)
DA:5,15
DA:6,15
DA:7,15
DA:11,1
LF:4
LH:4
BRF:0
BRH:0
end_of_record
TN:
SF:javascript/code-challenges/reverse-ll/reverse-ll.js
FN:12,reverse
FNF:1
FNH:1
FNDA:1,reverse
DA:4,1
DA:12,1
DA:14,1
LF:3
LH:3
BRF:0
BRH:0
end_of_record
TN:
SF:javascript/linked-list/index.js
FNF:0
FNH:0
DA:7,2
LF:1
LH:1
BRF:0
BRH:0
end_of_record
